{"INSTRUCTION":"INSTRUCTION","cumulative_remat_counts":"6","name":"aten::mul.Tensor","rid":"-7969387647929203374"}
{"INSTRUCTION":"INSTRUCTION","cumulative_remat_counts":"469","name":"aten::transpose.int","rid":"-3332972660525771483"}
{"INSTRUCTION":"INSTRUCTION","cumulative_remat_counts":"6","name":"aten::sigmoid","rid":"-3833148800037726390"}
{"INSTRUCTION":"INSTRUCTION","cumulative_remat_counts":"6","name":"aten::sigmoid","rid":"-3833148800037726390"}
{"INSTRUCTION":"INSTRUCTION","cumulative_remat_counts":"6","name":"aten::sigmoid","rid":"-3833148800037726390"}
{"INSTRUCTION":"INSTRUCTION","cumulative_remat_counts":"6","name":"aten::sigmoid","rid":"-3833148800037726390"}
{"INSTRUCTION":"INSTRUCTION","cumulative_remat_counts":"6","name":"aten::sigmoid","rid":"-3833148800037726390"}
{"INSTRUCTION":"INSTRUCTION","cumulative_remat_counts":"6","name":"aten::sigmoid","rid":"-3833148800037726390"}
{"INSTRUCTION":"INSTRUCTION","cumulative_remat_counts":"6","name":"aten::sigmoid","rid":"-3833148800037726390"}
{"INSTRUCTION":"INSTRUCTION","cumulative_remat_counts":"6","name":"aten::sigmoid","rid":"-3833148800037726390"}
{"INSTRUCTION":"INSTRUCTION","cumulative_remat_counts":"6","name":"aten::sigmoid","rid":"-3833148800037726390"}
{"INSTRUCTION":"INSTRUCTION","cumulative_remat_counts":"6","name":"aten::sigmoid","rid":"-3833148800037726390"}
{"INSTRUCTION":"INSTRUCTION","cumulative_remat_counts":"6","name":"aten::sigmoid","rid":"-3833148800037726390"}
{"INSTRUCTION":"INSTRUCTION","cumulative_remat_counts":"6","name":"aten::sigmoid","rid":"-3833148800037726390"}
{"INSTRUCTION":"INSTRUCTION","cumulative_remat_counts":"6","name":"aten::sigmoid","rid":"-3833148800037726390"}
{"INSTRUCTION":"INSTRUCTION","cumulative_remat_counts":"6","name":"aten::sigmoid","rid":"-3833148800037726390"}
{"INSTRUCTION":"INSTRUCTION","cumulative_remat_counts":"6","name":"aten::sigmoid","rid":"-3833148800037726390"}
{"INSTRUCTION":"INSTRUCTION","cumulative_remat_counts":"6","name":"aten::sigmoid","rid":"-3833148800037726390"}
{"INSTRUCTION":"INSTRUCTION","cumulative_remat_counts":"6","name":"aten::sigmoid","rid":"-3833148800037726390"}
{"INSTRUCTION":"INSTRUCTION","cumulative_remat_counts":"5","name":"aten::mm","rid":"8511238032285037903"}
{"INSTRUCTION":"INSTRUCTION","cumulative_remat_counts":"6","name":"aten::sigmoid","rid":"-3833148800037726390"}
{"INSTRUCTION":"INSTRUCTION","cumulative_remat_counts":"5","name":"aten::mm","rid":"8511238032285037903"}
{"INSTRUCTION":"INSTRUCTION","cumulative_remat_counts":"6","name":"aten::sigmoid","rid":"-3833148800037726390"}
{"INSTRUCTION":"INSTRUCTION","cumulative_remat_counts":"6","name":"aten::sigmoid","rid":"-3833148800037726390"}
{"INSTRUCTION":"INSTRUCTION","cumulative_remat_counts":"5","name":"aten::mm","rid":"8511238032285037903"}
{"INSTRUCTION":"INSTRUCTION","cumulative_remat_counts":"6","name":"aten::sigmoid","rid":"-3833148800037726390"}
{"INSTRUCTION":"INSTRUCTION","cumulative_remat_counts":"5","name":"aten::mm","rid":"8511238032285037903"}
{"INSTRUCTION":"INSTRUCTION","cumulative_remat_counts":"6","name":"aten::sigmoid","rid":"-3833148800037726390"}
{"INSTRUCTION":"INSTRUCTION","cumulative_remat_counts":"5","name":"aten::mm","rid":"8511238032285037903"}
{"INSTRUCTION":"INSTRUCTION","cumulative_remat_counts":"5","name":"aten::mm","rid":"8511238032285037903"}
{"INSTRUCTION":"INSTRUCTION","cumulative_remat_counts":"6","name":"aten::sigmoid","rid":"-3833148800037726390"}
{"INSTRUCTION":"INSTRUCTION","cumulative_remat_counts":"5","name":"aten::mm","rid":"8511238032285037903"}
{"INSTRUCTION":"INSTRUCTION","cumulative_remat_counts":"6","name":"aten::sigmoid","rid":"-3833148800037726390"}
{"INSTRUCTION":"INSTRUCTION","cumulative_remat_counts":"5","name":"aten::mm","rid":"8511238032285037903"}
{"INSTRUCTION":"INSTRUCTION","cumulative_remat_counts":"6","name":"aten::sigmoid","rid":"-3833148800037726390"}
{"INSTRUCTION":"INSTRUCTION","cumulative_remat_counts":"5","name":"aten::mm","rid":"8511238032285037903"}
{"INSTRUCTION":"INSTRUCTION","cumulative_remat_counts":"6","name":"aten::sigmoid","rid":"-3833148800037726390"}
{"INSTRUCTION":"INSTRUCTION","cumulative_remat_counts":"5","name":"aten::mm","rid":"8511238032285037903"}
{"INSTRUCTION":"INSTRUCTION","cumulative_remat_counts":"6","name":"aten::sigmoid","rid":"-3833148800037726390"}
{"INSTRUCTION":"INSTRUCTION","cumulative_remat_counts":"5","name":"aten::mm","rid":"8511238032285037903"}
{"INSTRUCTION":"INSTRUCTION","cumulative_remat_counts":"6","name":"aten::sigmoid","rid":"-3833148800037726390"}
{"INSTRUCTION":"INSTRUCTION","cumulative_remat_counts":"5","name":"aten::mm","rid":"8511238032285037903"}
{"INSTRUCTION":"INSTRUCTION","cumulative_remat_counts":"5","name":"aten::mm","rid":"8511238032285037903"}
{"INSTRUCTION":"INSTRUCTION","cumulative_remat_counts":"6","name":"aten::sigmoid","rid":"-3833148800037726390"}
{"INSTRUCTION":"INSTRUCTION","cumulative_remat_counts":"5","name":"aten::mm","rid":"8511238032285037903"}
{"INSTRUCTION":"INSTRUCTION","cumulative_remat_counts":"6","name":"aten::sigmoid","rid":"-3833148800037726390"}
{"INSTRUCTION":"INSTRUCTION","cumulative_remat_counts":"6","name":"aten::sigmoid","rid":"-3833148800037726390"}
{"INSTRUCTION":"INSTRUCTION","cumulative_remat_counts":"6","name":"aten::sigmoid","rid":"-3833148800037726390"}
{"INSTRUCTION":"INSTRUCTION","cumulative_remat_counts":"6","name":"aten::sigmoid","rid":"-3833148800037726390"}
{"INSTRUCTION":"INSTRUCTION","cumulative_remat_counts":"5","name":"aten::mm","rid":"8511238032285037903"}
{"INSTRUCTION":"INSTRUCTION","cumulative_remat_counts":"6","name":"aten::mul.Tensor","rid":"-7969387647929203374"}
{"INSTRUCTION":"INSTRUCTION","cumulative_remat_counts":"6","name":"aten::sigmoid","rid":"-3833148800037726390"}
{"INSTRUCTION":"INSTRUCTION","cumulative_remat_counts":"6","name":"aten::sigmoid","rid":"-3833148800037726390"}
{"INSTRUCTION":"INSTRUCTION","cumulative_remat_counts":"6","name":"aten::sigmoid","rid":"-3833148800037726390"}
{"INSTRUCTION":"INSTRUCTION","cumulative_remat_counts":"6","name":"aten::sigmoid","rid":"-3833148800037726390"}
{"INSTRUCTION":"INSTRUCTION","cumulative_remat_counts":"6","name":"aten::sigmoid","rid":"-3833148800037726390"}
{"INSTRUCTION":"INSTRUCTION","cumulative_remat_counts":"6","name":"aten::sigmoid","rid":"-3833148800037726390"}
{"INSTRUCTION":"INSTRUCTION","cumulative_remat_counts":"6","name":"aten::sigmoid","rid":"-3833148800037726390"}
{"INSTRUCTION":"INSTRUCTION","cumulative_remat_counts":"6","name":"aten::sigmoid","rid":"-3833148800037726390"}
{"INSTRUCTION":"INSTRUCTION","cumulative_remat_counts":"6","name":"aten::sigmoid","rid":"-3833148800037726390"}
{"INSTRUCTION":"INSTRUCTION","cumulative_remat_counts":"6","name":"aten::sigmoid","rid":"-3833148800037726390"}
{"INSTRUCTION":"INSTRUCTION","cumulative_remat_counts":"6","name":"aten::sigmoid","rid":"-3833148800037726390"}
{"INSTRUCTION":"INSTRUCTION","cumulative_remat_counts":"6","name":"aten::sigmoid","rid":"-3833148800037726390"}
{"INSTRUCTION":"INSTRUCTION","cumulative_remat_counts":"5","name":"aten::mm","rid":"8511238032285037903"}
{"INSTRUCTION":"INSTRUCTION","cumulative_remat_counts":"6","name":"aten::sigmoid","rid":"-3833148800037726390"}
{"INSTRUCTION":"INSTRUCTION","cumulative_remat_counts":"5","name":"aten::mm","rid":"8511238032285037903"}
{"INSTRUCTION":"INSTRUCTION","cumulative_remat_counts":"6","name":"aten::sigmoid","rid":"-3833148800037726390"}
{"INSTRUCTION":"INSTRUCTION","cumulative_remat_counts":"5","name":"aten::mm","rid":"8511238032285037903"}
{"INSTRUCTION":"INSTRUCTION","cumulative_remat_counts":"6","name":"aten::sigmoid","rid":"-3833148800037726390"}
{"INSTRUCTION":"INSTRUCTION","cumulative_remat_counts":"6","name":"aten::sigmoid","rid":"-3833148800037726390"}
{"INSTRUCTION":"INSTRUCTION","cumulative_remat_counts":"6","name":"aten::sigmoid","rid":"-3833148800037726390"}
{"INSTRUCTION":"INSTRUCTION","cumulative_remat_counts":"6","name":"aten::sigmoid","rid":"-3833148800037726390"}
{"INSTRUCTION":"INSTRUCTION","cumulative_remat_counts":"6","name":"aten::sigmoid","rid":"-3833148800037726390"}
{"INSTRUCTION":"INSTRUCTION","cumulative_remat_counts":"6","name":"aten::sigmoid","rid":"-3833148800037726390"}
{"INSTRUCTION":"INSTRUCTION","cumulative_remat_counts":"5","name":"aten::mm","rid":"8511238032285037903"}
{"INSTRUCTION":"INSTRUCTION","cumulative_remat_counts":"6","name":"aten::sigmoid","rid":"-3833148800037726390"}
{"INSTRUCTION":"INSTRUCTION","cumulative_remat_counts":"5","name":"aten::mm","rid":"8511238032285037903"}
{"INSTRUCTION":"INSTRUCTION","cumulative_remat_counts":"5","name":"aten::mm","rid":"8511238032285037903"}
{"INSTRUCTION":"INSTRUCTION","cumulative_remat_counts":"6","name":"aten::sigmoid","rid":"-3833148800037726390"}
{"INSTRUCTION":"INSTRUCTION","cumulative_remat_counts":"6","name":"aten::sigmoid","rid":"-3833148800037726390"}
{"INSTRUCTION":"INSTRUCTION","cumulative_remat_counts":"5","name":"aten::mm","rid":"8511238032285037903"}
{"INSTRUCTION":"INSTRUCTION","cumulative_remat_counts":"6","name":"aten::sigmoid","rid":"-3833148800037726390"}
{"INSTRUCTION":"INSTRUCTION","cumulative_remat_counts":"5","name":"aten::mm","rid":"8511238032285037903"}
{"INSTRUCTION":"INSTRUCTION","cumulative_remat_counts":"6","name":"aten::sigmoid","rid":"-3833148800037726390"}
{"INSTRUCTION":"INSTRUCTION","cumulative_remat_counts":"6","name":"aten::sigmoid","rid":"-3833148800037726390"}
{"INSTRUCTION":"INSTRUCTION","cumulative_remat_counts":"5","name":"aten::mm","rid":"8511238032285037903"}
{"INSTRUCTION":"INSTRUCTION","cumulative_remat_counts":"5","name":"aten::mm","rid":"8511238032285037903"}
{"INSTRUCTION":"INSTRUCTION","cumulative_remat_counts":"6","name":"aten::sigmoid","rid":"-3833148800037726390"}
{"INSTRUCTION":"INSTRUCTION","cumulative_remat_counts":"5","name":"aten::mm","rid":"8511238032285037903"}
{"INSTRUCTION":"INSTRUCTION","cumulative_remat_counts":"6","name":"aten::sigmoid","rid":"-3833148800037726390"}
{"INSTRUCTION":"INSTRUCTION","cumulative_remat_counts":"5","name":"aten::mm","rid":"8511238032285037903"}
{"INSTRUCTION":"INSTRUCTION","cumulative_remat_counts":"5","name":"aten::mm","rid":"8511238032285037903"}
{"INSTRUCTION":"INSTRUCTION","cumulative_remat_counts":"6","name":"aten::sigmoid","rid":"-3833148800037726390"}
{"INSTRUCTION":"INSTRUCTION","cumulative_remat_counts":"5","name":"aten::mm","rid":"8511238032285037903"}
{"INSTRUCTION":"INSTRUCTION","cumulative_remat_counts":"5","name":"aten::mm","rid":"8511238032285037903"}
{"INSTRUCTION":"INSTRUCTION","cumulative_remat_counts":"6","name":"aten::sigmoid","rid":"-3833148800037726390"}
{"INSTRUCTION":"INSTRUCTION","cumulative_remat_counts":"6","name":"aten::sigmoid","rid":"-3833148800037726390"}
{"INSTRUCTION":"INSTRUCTION","cumulative_remat_counts":"5","name":"aten::mm","rid":"8511238032285037903"}
{"INSTRUCTION":"INSTRUCTION","cumulative_remat_counts":"1","name":"aten::mul.Tensor","rid":"-7969387647929203374"}
{"INSTRUCTION":"INSTRUCTION","cumulative_remat_counts":"6","name":"aten::mul.Tensor","rid":"-7969387647929203374"}
{"INSTRUCTION":"INSTRUCTION","cumulative_remat_counts":"5","name":"aten::mm","rid":"8511238032285037903"}
{"INSTRUCTION":"INSTRUCTION","cumulative_remat_counts":"6","name":"aten::sigmoid","rid":"-3833148800037726390"}
{"INSTRUCTION":"INSTRUCTION","cumulative_remat_counts":"6","name":"aten::sigmoid","rid":"-3833148800037726390"}
{"INSTRUCTION":"INSTRUCTION","cumulative_remat_counts":"6","name":"aten::sigmoid","rid":"-3833148800037726390"}
{"INSTRUCTION":"INSTRUCTION","cumulative_remat_counts":"6","name":"aten::sigmoid","rid":"-3833148800037726390"}
{"INSTRUCTION":"INSTRUCTION","cumulative_remat_counts":"6","name":"aten::sigmoid","rid":"-3833148800037726390"}
{"INSTRUCTION":"INSTRUCTION","cumulative_remat_counts":"6","name":"aten::sigmoid","rid":"-3833148800037726390"}
{"INSTRUCTION":"INSTRUCTION","cumulative_remat_counts":"6","name":"aten::sigmoid","rid":"-3833148800037726390"}
{"INSTRUCTION":"INSTRUCTION","cumulative_remat_counts":"6","name":"aten::sigmoid","rid":"-3833148800037726390"}
{"INSTRUCTION":"INSTRUCTION","cumulative_remat_counts":"6","name":"aten::sigmoid","rid":"-3833148800037726390"}
{"INSTRUCTION":"INSTRUCTION","cumulative_remat_counts":"6","name":"aten::sigmoid","rid":"-3833148800037726390"}
{"INSTRUCTION":"INSTRUCTION","cumulative_remat_counts":"5","name":"aten::mm","rid":"8511238032285037903"}
{"INSTRUCTION":"INSTRUCTION","cumulative_remat_counts":"6","name":"aten::sigmoid","rid":"-3833148800037726390"}
{"INSTRUCTION":"INSTRUCTION","cumulative_remat_counts":"6","name":"aten::sigmoid","rid":"-3833148800037726390"}
{"INSTRUCTION":"INSTRUCTION","cumulative_remat_counts":"5","name":"aten::mm","rid":"8511238032285037903"}
{"INSTRUCTION":"INSTRUCTION","cumulative_remat_counts":"6","name":"aten::sigmoid","rid":"-3833148800037726390"}
{"INSTRUCTION":"INSTRUCTION","cumulative_remat_counts":"6","name":"aten::sigmoid","rid":"-3833148800037726390"}
{"INSTRUCTION":"INSTRUCTION","cumulative_remat_counts":"5","name":"aten::mm","rid":"8511238032285037903"}
{"INSTRUCTION":"INSTRUCTION","cumulative_remat_counts":"6","name":"aten::sigmoid","rid":"-3833148800037726390"}
{"INSTRUCTION":"INSTRUCTION","cumulative_remat_counts":"6","name":"aten::sigmoid","rid":"-3833148800037726390"}
{"INSTRUCTION":"INSTRUCTION","cumulative_remat_counts":"6","name":"aten::sigmoid","rid":"-3833148800037726390"}
{"INSTRUCTION":"INSTRUCTION","cumulative_remat_counts":"5","name":"aten::mm","rid":"8511238032285037903"}
{"INSTRUCTION":"INSTRUCTION","cumulative_remat_counts":"5","name":"aten::mm","rid":"8511238032285037903"}
{"INSTRUCTION":"INSTRUCTION","cumulative_remat_counts":"6","name":"aten::sigmoid","rid":"-3833148800037726390"}
{"INSTRUCTION":"INSTRUCTION","cumulative_remat_counts":"5","name":"aten::mm","rid":"8511238032285037903"}
{"INSTRUCTION":"INSTRUCTION","cumulative_remat_counts":"6","name":"aten::sigmoid","rid":"-3833148800037726390"}
{"INSTRUCTION":"INSTRUCTION","cumulative_remat_counts":"5","name":"aten::mm","rid":"8511238032285037903"}
{"INSTRUCTION":"INSTRUCTION","cumulative_remat_counts":"5","name":"aten::mm","rid":"8511238032285037903"}
{"INSTRUCTION":"INSTRUCTION","cumulative_remat_counts":"6","name":"aten::sigmoid","rid":"-3833148800037726390"}
{"INSTRUCTION":"INSTRUCTION","cumulative_remat_counts":"5","name":"aten::mm","rid":"8511238032285037903"}
{"INSTRUCTION":"INSTRUCTION","cumulative_remat_counts":"5","name":"aten::mm","rid":"8511238032285037903"}
{"INSTRUCTION":"INSTRUCTION","cumulative_remat_counts":"6","name":"aten::sigmoid","rid":"-3833148800037726390"}
{"INSTRUCTION":"INSTRUCTION","cumulative_remat_counts":"5","name":"aten::mm","rid":"8511238032285037903"}
{"INSTRUCTION":"INSTRUCTION","cumulative_remat_counts":"5","name":"aten::mm","rid":"8511238032285037903"}
{"INSTRUCTION":"INSTRUCTION","cumulative_remat_counts":"6","name":"aten::sigmoid","rid":"-3833148800037726390"}
{"INSTRUCTION":"INSTRUCTION","cumulative_remat_counts":"5","name":"aten::mm","rid":"8511238032285037903"}
{"INSTRUCTION":"INSTRUCTION","cumulative_remat_counts":"5","name":"aten::mm","rid":"8511238032285037903"}
{"INSTRUCTION":"INSTRUCTION","cumulative_remat_counts":"6","name":"aten::sigmoid","rid":"-3833148800037726390"}
{"INSTRUCTION":"INSTRUCTION","cumulative_remat_counts":"5","name":"aten::mm","rid":"8511238032285037903"}
{"INSTRUCTION":"INSTRUCTION","cumulative_remat_counts":"6","name":"aten::sigmoid","rid":"-3833148800037726390"}
{"INSTRUCTION":"INSTRUCTION","cumulative_remat_counts":"5","name":"aten::mm","rid":"8511238032285037903"}
{"INSTRUCTION":"INSTRUCTION","cumulative_remat_counts":"5","name":"aten::mm","rid":"8511238032285037903"}
{"INSTRUCTION":"INSTRUCTION","cumulative_remat_counts":"6","name":"aten::sigmoid","rid":"-3833148800037726390"}
{"INSTRUCTION":"INSTRUCTION","cumulative_remat_counts":"5","name":"aten::mm","rid":"8511238032285037903"}
{"INSTRUCTION":"INSTRUCTION","cumulative_remat_counts":"5","name":"aten::mm","rid":"8511238032285037903"}
{"INSTRUCTION":"INSTRUCTION","cumulative_remat_counts":"6","name":"aten::sigmoid","rid":"-3833148800037726390"}
{"INSTRUCTION":"INSTRUCTION","cumulative_remat_counts":"5","name":"aten::mm","rid":"8511238032285037903"}
{"INSTRUCTION":"INSTRUCTION","cumulative_remat_counts":"5","name":"aten::mm","rid":"8511238032285037903"}
{"INSTRUCTION":"INSTRUCTION","cumulative_remat_counts":"6","name":"aten::sigmoid","rid":"-3833148800037726390"}
{"INSTRUCTION":"INSTRUCTION","cumulative_remat_counts":"5","name":"aten::mm","rid":"8511238032285037903"}
{"INSTRUCTION":"INSTRUCTION","cumulative_remat_counts":"5","name":"aten::mm","rid":"8511238032285037903"}
{"INSTRUCTION":"INSTRUCTION","cumulative_remat_counts":"6","name":"aten::sigmoid","rid":"-3833148800037726390"}
{"INSTRUCTION":"INSTRUCTION","cumulative_remat_counts":"5","name":"aten::mm","rid":"8511238032285037903"}
{"INSTRUCTION":"INSTRUCTION","cumulative_remat_counts":"5","name":"aten::mm","rid":"8511238032285037903"}
{"INSTRUCTION":"INSTRUCTION","cumulative_remat_counts":"6","name":"aten::sigmoid","rid":"-3833148800037726390"}
{"INSTRUCTION":"INSTRUCTION","cumulative_remat_counts":"5","name":"aten::mm","rid":"8511238032285037903"}
{"INSTRUCTION":"INSTRUCTION","cumulative_remat_counts":"5","name":"aten::mm","rid":"8511238032285037903"}
{"INSTRUCTION":"INSTRUCTION","cumulative_remat_counts":"6","name":"aten::sigmoid","rid":"-3833148800037726390"}
{"INSTRUCTION":"INSTRUCTION","cumulative_remat_counts":"6","name":"aten::mul.Tensor","rid":"-7969387647929203374"}
{"INSTRUCTION":"INSTRUCTION","cumulative_remat_counts":"443","name":"aten::mul.Tensor","rid":"-7969387647990971886"}
{"INSTRUCTION":"INSTRUCTION","cumulative_remat_counts":"5","name":"aten::mm","rid":"8511238032285037903"}
{"INSTRUCTION":"INSTRUCTION","cumulative_remat_counts":"6","name":"aten::sigmoid","rid":"-3833148800037726390"}
{"INSTRUCTION":"INSTRUCTION","cumulative_remat_counts":"6","name":"aten::sigmoid","rid":"-3833148800037726390"}
{"INSTRUCTION":"INSTRUCTION","cumulative_remat_counts":"6","name":"aten::sigmoid","rid":"-3833148800037726390"}
{"INSTRUCTION":"INSTRUCTION","cumulative_remat_counts":"6","name":"aten::sigmoid","rid":"-3833148800037726390"}
{"INSTRUCTION":"INSTRUCTION","cumulative_remat_counts":"6","name":"aten::sigmoid","rid":"-3833148800037726390"}
{"INSTRUCTION":"INSTRUCTION","cumulative_remat_counts":"6","name":"aten::sigmoid","rid":"-3833148800037726390"}
{"INSTRUCTION":"INSTRUCTION","cumulative_remat_counts":"6","name":"aten::sigmoid","rid":"-3833148800037726390"}
{"INSTRUCTION":"INSTRUCTION","cumulative_remat_counts":"5","name":"aten::mm","rid":"8511238032285037903"}
{"INSTRUCTION":"INSTRUCTION","cumulative_remat_counts":"6","name":"aten::sigmoid","rid":"-3833148800037726390"}
{"INSTRUCTION":"INSTRUCTION","cumulative_remat_counts":"6","name":"aten::sigmoid","rid":"-3833148800037726390"}
{"INSTRUCTION":"INSTRUCTION","cumulative_remat_counts":"5","name":"aten::mm","rid":"8511238032285037903"}
{"INSTRUCTION":"INSTRUCTION","cumulative_remat_counts":"6","name":"aten::sigmoid","rid":"-3833148800037726390"}
{"INSTRUCTION":"INSTRUCTION","cumulative_remat_counts":"6","name":"aten::sigmoid","rid":"-3833148800037726390"}
{"INSTRUCTION":"INSTRUCTION","cumulative_remat_counts":"6","name":"aten::sigmoid","rid":"-3833148800037726390"}
{"INSTRUCTION":"INSTRUCTION","cumulative_remat_counts":"6","name":"aten::sigmoid","rid":"-3833148800037726390"}
{"INSTRUCTION":"INSTRUCTION","cumulative_remat_counts":"5","name":"aten::mm","rid":"8511238032285037903"}
{"INSTRUCTION":"INSTRUCTION","cumulative_remat_counts":"6","name":"aten::sigmoid","rid":"-3833148800037726390"}
{"INSTRUCTION":"INSTRUCTION","cumulative_remat_counts":"6","name":"aten::sigmoid","rid":"-3833148800037726390"}
{"INSTRUCTION":"INSTRUCTION","cumulative_remat_counts":"5","name":"aten::mm","rid":"8511238032285037903"}
{"INSTRUCTION":"INSTRUCTION","cumulative_remat_counts":"6","name":"aten::sigmoid","rid":"-3833148800037726390"}
{"INSTRUCTION":"INSTRUCTION","cumulative_remat_counts":"6","name":"aten::sigmoid","rid":"-3833148800037726390"}
{"INSTRUCTION":"INSTRUCTION","cumulative_remat_counts":"5","name":"aten::mm","rid":"8511238032285037903"}
{"INSTRUCTION":"INSTRUCTION","cumulative_remat_counts":"6","name":"aten::sigmoid","rid":"-3833148800037726390"}
{"INSTRUCTION":"INSTRUCTION","cumulative_remat_counts":"5","name":"aten::mm","rid":"8511238032285037903"}
{"INSTRUCTION":"INSTRUCTION","cumulative_remat_counts":"5","name":"aten::mm","rid":"8511238032285037903"}
{"INSTRUCTION":"INSTRUCTION","cumulative_remat_counts":"6","name":"aten::sigmoid","rid":"-3833148800037726390"}
{"INSTRUCTION":"INSTRUCTION","cumulative_remat_counts":"6","name":"aten::sigmoid","rid":"-3833148800037726390"}
{"INSTRUCTION":"INSTRUCTION","cumulative_remat_counts":"5","name":"aten::mm","rid":"8511238032285037903"}
{"INSTRUCTION":"INSTRUCTION","cumulative_remat_counts":"5","name":"aten::mm","rid":"8511238032285037903"}
{"INSTRUCTION":"INSTRUCTION","cumulative_remat_counts":"6","name":"aten::sigmoid","rid":"-3833148800037726390"}
{"INSTRUCTION":"INSTRUCTION","cumulative_remat_counts":"5","name":"aten::mm","rid":"8511238032285037903"}
{"INSTRUCTION":"INSTRUCTION","cumulative_remat_counts":"6","name":"aten::sigmoid","rid":"-3833148800037726390"}
{"INSTRUCTION":"INSTRUCTION","cumulative_remat_counts":"5","name":"aten::mm","rid":"8511238032285037903"}
{"INSTRUCTION":"INSTRUCTION","cumulative_remat_counts":"5","name":"aten::mm","rid":"8511238032285037903"}
{"INSTRUCTION":"INSTRUCTION","cumulative_remat_counts":"6","name":"aten::sigmoid","rid":"-3833148800037726390"}
{"INSTRUCTION":"INSTRUCTION","cumulative_remat_counts":"5","name":"aten::mm","rid":"8511238032285037903"}
{"INSTRUCTION":"INSTRUCTION","cumulative_remat_counts":"6","name":"aten::sigmoid","rid":"-3833148800037726390"}
{"INSTRUCTION":"INSTRUCTION","cumulative_remat_counts":"5","name":"aten::mm","rid":"8511238032285037903"}
{"INSTRUCTION":"INSTRUCTION","cumulative_remat_counts":"5","name":"aten::mm","rid":"8511238032285037903"}
{"INSTRUCTION":"INSTRUCTION","cumulative_remat_counts":"6","name":"aten::sigmoid","rid":"-3833148800037726390"}
{"INSTRUCTION":"INSTRUCTION","cumulative_remat_counts":"5","name":"aten::mm","rid":"8511238032285037903"}
{"INSTRUCTION":"INSTRUCTION","cumulative_remat_counts":"6","name":"aten::sigmoid","rid":"-3833148800037726390"}
{"INSTRUCTION":"INSTRUCTION","cumulative_remat_counts":"5","name":"aten::mm","rid":"8511238032285037903"}
{"INSTRUCTION":"INSTRUCTION","cumulative_remat_counts":"5","name":"aten::mm","rid":"8511238032285037903"}
{"INSTRUCTION":"INSTRUCTION","cumulative_remat_counts":"6","name":"aten::sigmoid","rid":"-3833148800037726390"}
{"INSTRUCTION":"INSTRUCTION","cumulative_remat_counts":"6","name":"aten::sigmoid","rid":"-3833148800037726390"}
{"INSTRUCTION":"INSTRUCTION","cumulative_remat_counts":"5","name":"aten::mm","rid":"8511238032285037903"}
{"INSTRUCTION":"INSTRUCTION","cumulative_remat_counts":"6","name":"aten::sigmoid","rid":"-3833148800037726390"}
{"INSTRUCTION":"INSTRUCTION","cumulative_remat_counts":"5","name":"aten::mm","rid":"8511238032285037903"}
{"INSTRUCTION":"INSTRUCTION","cumulative_remat_counts":"5","name":"aten::mm","rid":"8511238032285037903"}
{"INSTRUCTION":"INSTRUCTION","cumulative_remat_counts":"6","name":"aten::sigmoid","rid":"-3833148800037726390"}
{"INSTRUCTION":"INSTRUCTION","cumulative_remat_counts":"6","name":"aten::sigmoid","rid":"-3833148800037726390"}
{"INSTRUCTION":"INSTRUCTION","cumulative_remat_counts":"477","name":"aten::transpose.int","rid":"-3332972660525771483"}
{"INSTRUCTION":"INSTRUCTION","cumulative_remat_counts":"5","name":"aten::mm","rid":"8511238032285037903"}
{"INSTRUCTION":"INSTRUCTION","cumulative_remat_counts":"4","name":"aten::native_dropout_backward","rid":"5173049923122947343"}
{"INSTRUCTION":"INSTRUCTION","cumulative_remat_counts":"5","name":"aten::mm","rid":"8511238032285037903"}
{"INSTRUCTION":"INSTRUCTION","cumulative_remat_counts":"6","name":"aten::sigmoid","rid":"-3833148800037726390"}
{"INSTRUCTION":"INSTRUCTION","cumulative_remat_counts":"6","name":"aten::sigmoid","rid":"-3833148800037726390"}
{"INSTRUCTION":"INSTRUCTION","cumulative_remat_counts":"6","name":"aten::sigmoid","rid":"-3833148800037726390"}
{"INSTRUCTION":"INSTRUCTION","cumulative_remat_counts":"6","name":"aten::sigmoid","rid":"-3833148800037726390"}
{"INSTRUCTION":"INSTRUCTION","cumulative_remat_counts":"6","name":"aten::sigmoid","rid":"-3833148800037726390"}
{"INSTRUCTION":"INSTRUCTION","cumulative_remat_counts":"6","name":"aten::sigmoid","rid":"-3833148800037726390"}
{"INSTRUCTION":"INSTRUCTION","cumulative_remat_counts":"6","name":"aten::sigmoid","rid":"-3833148800037726390"}
{"INSTRUCTION":"INSTRUCTION","cumulative_remat_counts":"6","name":"aten::sigmoid","rid":"-3833148800037726390"}
{"INSTRUCTION":"INSTRUCTION","cumulative_remat_counts":"6","name":"aten::sigmoid","rid":"-3833148800037726390"}
{"INSTRUCTION":"INSTRUCTION","cumulative_remat_counts":"6","name":"aten::sigmoid","rid":"-3833148800037726390"}
{"INSTRUCTION":"INSTRUCTION","cumulative_remat_counts":"6","name":"aten::sigmoid","rid":"-3833148800037726390"}
{"INSTRUCTION":"INSTRUCTION","cumulative_remat_counts":"6","name":"aten::sigmoid","rid":"-3833148800037726390"}
{"INSTRUCTION":"INSTRUCTION","cumulative_remat_counts":"6","name":"aten::sigmoid","rid":"-3833148800037726390"}
{"INSTRUCTION":"INSTRUCTION","cumulative_remat_counts":"6","name":"aten::sigmoid","rid":"-3833148800037726390"}
{"INSTRUCTION":"INSTRUCTION","cumulative_remat_counts":"5","name":"aten::mm","rid":"8511238032285037903"}
{"INSTRUCTION":"INSTRUCTION","cumulative_remat_counts":"6","name":"aten::sigmoid","rid":"-3833148800037726390"}
{"INSTRUCTION":"INSTRUCTION","cumulative_remat_counts":"6","name":"aten::sigmoid","rid":"-3833148800037726390"}
{"INSTRUCTION":"INSTRUCTION","cumulative_remat_counts":"6","name":"aten::sigmoid","rid":"-3833148800037726390"}
{"INSTRUCTION":"INSTRUCTION","cumulative_remat_counts":"6","name":"aten::sigmoid","rid":"-3833148800037726390"}
{"INSTRUCTION":"INSTRUCTION","cumulative_remat_counts":"6","name":"aten::sigmoid","rid":"-3833148800037726390"}
{"INSTRUCTION":"INSTRUCTION","cumulative_remat_counts":"6","name":"aten::sigmoid","rid":"-3833148800037726390"}
{"INSTRUCTION":"INSTRUCTION","cumulative_remat_counts":"6","name":"aten::sigmoid","rid":"-3833148800037726390"}
{"INSTRUCTION":"INSTRUCTION","cumulative_remat_counts":"6","name":"aten::sigmoid","rid":"-3833148800037726390"}
{"INSTRUCTION":"INSTRUCTION","cumulative_remat_counts":"6","name":"aten::sigmoid","rid":"-3833148800037726390"}
{"INSTRUCTION":"INSTRUCTION","cumulative_remat_counts":"5","name":"aten::mm","rid":"8511238032285037903"}
{"INSTRUCTION":"INSTRUCTION","cumulative_remat_counts":"6","name":"aten::sigmoid","rid":"-3833148800037726390"}
{"INSTRUCTION":"INSTRUCTION","cumulative_remat_counts":"6","name":"aten::sigmoid","rid":"-3833148800037726390"}
{"INSTRUCTION":"INSTRUCTION","cumulative_remat_counts":"6","name":"aten::sigmoid","rid":"-3833148800037726390"}
{"INSTRUCTION":"INSTRUCTION","cumulative_remat_counts":"5","name":"aten::mm","rid":"8511238032285037903"}
{"INSTRUCTION":"INSTRUCTION","cumulative_remat_counts":"6","name":"aten::sigmoid","rid":"-3833148800037726390"}
{"INSTRUCTION":"INSTRUCTION","cumulative_remat_counts":"5","name":"aten::mm","rid":"8511238032285037903"}
{"INSTRUCTION":"INSTRUCTION","cumulative_remat_counts":"5","name":"aten::mm","rid":"8511238032285037903"}
{"INSTRUCTION":"INSTRUCTION","cumulative_remat_counts":"6","name":"aten::sigmoid","rid":"-3833148800037726390"}
{"INSTRUCTION":"INSTRUCTION","cumulative_remat_counts":"5","name":"aten::mm","rid":"8511238032285037903"}
{"INSTRUCTION":"INSTRUCTION","cumulative_remat_counts":"5","name":"aten::mm","rid":"8511238032285037903"}
{"INSTRUCTION":"INSTRUCTION","cumulative_remat_counts":"6","name":"aten::sigmoid","rid":"-3833148800037726390"}
{"INSTRUCTION":"INSTRUCTION","cumulative_remat_counts":"1","name":"aten::add.Tensor","rid":"-4661336787295776820"}
{"INSTRUCTION":"INSTRUCTION","cumulative_remat_counts":"6","name":"aten::sigmoid","rid":"-3833148800037726390"}
{"INSTRUCTION":"INSTRUCTION","cumulative_remat_counts":"452","name":"aten::native_dropout_backward","rid":"5173049923122947343"}
{"INSTRUCTION":"INSTRUCTION","cumulative_remat_counts":"6","name":"aten::sigmoid","rid":"-3833148800037726390"}
{"INSTRUCTION":"INSTRUCTION","cumulative_remat_counts":"6","name":"aten::sigmoid","rid":"-3833148800037726390"}
{"INSTRUCTION":"INSTRUCTION","cumulative_remat_counts":"6","name":"aten::sigmoid","rid":"-3833148800037726390"}
{"INSTRUCTION":"INSTRUCTION","cumulative_remat_counts":"6","name":"aten::sigmoid","rid":"-3833148800037726390"}
{"INSTRUCTION":"INSTRUCTION","cumulative_remat_counts":"6","name":"aten::sigmoid","rid":"-3833148800037726390"}
{"INSTRUCTION":"INSTRUCTION","cumulative_remat_counts":"6","name":"aten::sigmoid","rid":"-3833148800037726390"}
{"INSTRUCTION":"INSTRUCTION","cumulative_remat_counts":"6","name":"aten::sigmoid","rid":"-3833148800037726390"}
{"INSTRUCTION":"INSTRUCTION","cumulative_remat_counts":"6","name":"aten::sigmoid","rid":"-3833148800037726390"}
{"INSTRUCTION":"INSTRUCTION","cumulative_remat_counts":"6","name":"aten::sigmoid","rid":"-3833148800037726390"}
{"INSTRUCTION":"INSTRUCTION","cumulative_remat_counts":"6","name":"aten::sigmoid","rid":"-3833148800037726390"}
{"INSTRUCTION":"INSTRUCTION","cumulative_remat_counts":"6","name":"aten::sigmoid","rid":"-3833148800037726390"}
{"INSTRUCTION":"INSTRUCTION","cumulative_remat_counts":"6","name":"aten::sigmoid","rid":"-3833148800037726390"}
{"INSTRUCTION":"INSTRUCTION","cumulative_remat_counts":"6","name":"aten::sigmoid","rid":"-3833148800037726390"}
{"INSTRUCTION":"INSTRUCTION","cumulative_remat_counts":"6","name":"aten::sigmoid","rid":"-3833148800037726390"}
{"INSTRUCTION":"INSTRUCTION","cumulative_remat_counts":"6","name":"aten::sigmoid","rid":"-3833148800037726390"}
{"INSTRUCTION":"INSTRUCTION","cumulative_remat_counts":"6","name":"aten::sigmoid","rid":"-3833148800037726390"}
{"INSTRUCTION":"INSTRUCTION","cumulative_remat_counts":"6","name":"aten::sigmoid","rid":"-3833148800037726390"}
{"INSTRUCTION":"INSTRUCTION","cumulative_remat_counts":"6","name":"aten::sigmoid","rid":"-3833148800037726390"}
{"INSTRUCTION":"INSTRUCTION","cumulative_remat_counts":"5","name":"aten::mm","rid":"8511238032285037903"}
{"INSTRUCTION":"INSTRUCTION","cumulative_remat_counts":"6","name":"aten::sigmoid","rid":"-3833148800037726390"}
{"INSTRUCTION":"INSTRUCTION","cumulative_remat_counts":"5","name":"aten::mm","rid":"8511238032285037903"}
{"INSTRUCTION":"INSTRUCTION","cumulative_remat_counts":"6","name":"aten::sigmoid","rid":"-3833148800037726390"}
{"INSTRUCTION":"INSTRUCTION","cumulative_remat_counts":"6","name":"aten::sigmoid","rid":"-3833148800037726390"}
{"INSTRUCTION":"INSTRUCTION","cumulative_remat_counts":"5","name":"aten::mm","rid":"8511238032285037903"}
{"INSTRUCTION":"INSTRUCTION","cumulative_remat_counts":"6","name":"aten::sigmoid","rid":"-3833148800037726390"}
{"INSTRUCTION":"INSTRUCTION","cumulative_remat_counts":"5","name":"aten::mm","rid":"8511238032285037903"}
{"INSTRUCTION":"INSTRUCTION","cumulative_remat_counts":"6","name":"aten::sigmoid","rid":"-3833148800037726390"}
{"INSTRUCTION":"INSTRUCTION","cumulative_remat_counts":"6","name":"aten::sigmoid","rid":"-3833148800037726390"}
{"INSTRUCTION":"INSTRUCTION","cumulative_remat_counts":"5","name":"aten::mm","rid":"8511238032285037903"}
{"INSTRUCTION":"INSTRUCTION","cumulative_remat_counts":"6","name":"aten::sigmoid","rid":"-3833148800037726390"}
{"INSTRUCTION":"INSTRUCTION","cumulative_remat_counts":"5","name":"aten::mm","rid":"8511238032285037903"}
{"INSTRUCTION":"INSTRUCTION","cumulative_remat_counts":"5","name":"aten::mm","rid":"8511238032285037903"}
{"INSTRUCTION":"INSTRUCTION","cumulative_remat_counts":"6","name":"aten::sigmoid","rid":"-3833148800037726390"}
{"INSTRUCTION":"INSTRUCTION","cumulative_remat_counts":"5","name":"aten::mm","rid":"8511238032285037903"}
{"INSTRUCTION":"INSTRUCTION","cumulative_remat_counts":"6","name":"aten::sigmoid","rid":"-3833148800037726390"}
{"INSTRUCTION":"INSTRUCTION","cumulative_remat_counts":"5","name":"aten::mm","rid":"8511238032285037903"}
{"INSTRUCTION":"INSTRUCTION","cumulative_remat_counts":"5","name":"aten::mm","rid":"8511238032285037903"}
{"INSTRUCTION":"INSTRUCTION","cumulative_remat_counts":"6","name":"aten::sigmoid","rid":"-3833148800037726390"}
{"INSTRUCTION":"INSTRUCTION","cumulative_remat_counts":"5","name":"aten::mm","rid":"8511238032285037903"}
{"INSTRUCTION":"INSTRUCTION","cumulative_remat_counts":"6","name":"aten::sigmoid","rid":"-3833148800037726390"}
{"INSTRUCTION":"INSTRUCTION","cumulative_remat_counts":"5","name":"aten::mm","rid":"8511238032285037903"}
{"INSTRUCTION":"INSTRUCTION","cumulative_remat_counts":"5","name":"aten::mm","rid":"8511238032285037903"}
{"INSTRUCTION":"INSTRUCTION","cumulative_remat_counts":"6","name":"aten::sigmoid","rid":"-3833148800037726390"}
{"INSTRUCTION":"INSTRUCTION","cumulative_remat_counts":"5","name":"aten::mm","rid":"8511238032285037903"}
{"INSTRUCTION":"INSTRUCTION","cumulative_remat_counts":"6","name":"aten::sigmoid","rid":"-3833148800037726390"}
{"INSTRUCTION":"INSTRUCTION","cumulative_remat_counts":"6","name":"aten::sigmoid","rid":"-3833148800037726390"}
{"INSTRUCTION":"INSTRUCTION","cumulative_remat_counts":"5","name":"aten::mm","rid":"8511238032285037903"}
{"INSTRUCTION":"INSTRUCTION","cumulative_remat_counts":"6","name":"aten::mul.Tensor","rid":"-7969387647929203374"}
{"INSTRUCTION":"INSTRUCTION","cumulative_remat_counts":"6","name":"aten::sigmoid","rid":"-3833148800037726390"}
{"INSTRUCTION":"INSTRUCTION","cumulative_remat_counts":"6","name":"aten::sigmoid","rid":"-3833148800037726390"}
{"INSTRUCTION":"INSTRUCTION","cumulative_remat_counts":"6","name":"aten::sigmoid","rid":"-3833148800037726390"}
{"INSTRUCTION":"INSTRUCTION","cumulative_remat_counts":"6","name":"aten::sigmoid","rid":"-3833148800037726390"}
{"INSTRUCTION":"INSTRUCTION","cumulative_remat_counts":"6","name":"aten::sigmoid","rid":"-3833148800037726390"}
{"INSTRUCTION":"INSTRUCTION","cumulative_remat_counts":"6","name":"aten::sigmoid","rid":"-3833148800037726390"}
{"INSTRUCTION":"INSTRUCTION","cumulative_remat_counts":"6","name":"aten::sigmoid","rid":"-3833148800037726390"}
{"INSTRUCTION":"INSTRUCTION","cumulative_remat_counts":"5","name":"aten::mm","rid":"8511238032285037903"}
{"INSTRUCTION":"INSTRUCTION","cumulative_remat_counts":"6","name":"aten::sigmoid","rid":"-3833148800037726390"}
{"INSTRUCTION":"INSTRUCTION","cumulative_remat_counts":"6","name":"aten::sigmoid","rid":"-3833148800037726390"}
{"INSTRUCTION":"INSTRUCTION","cumulative_remat_counts":"6","name":"aten::sigmoid","rid":"-3833148800037726390"}
{"INSTRUCTION":"INSTRUCTION","cumulative_remat_counts":"6","name":"aten::sigmoid","rid":"-3833148800037726390"}
{"INSTRUCTION":"INSTRUCTION","cumulative_remat_counts":"6","name":"aten::sigmoid","rid":"-3833148800037726390"}
{"INSTRUCTION":"INSTRUCTION","cumulative_remat_counts":"5","name":"aten::mm","rid":"8511238032285037903"}
{"INSTRUCTION":"INSTRUCTION","cumulative_remat_counts":"6","name":"aten::sigmoid","rid":"-3833148800037726390"}
{"INSTRUCTION":"INSTRUCTION","cumulative_remat_counts":"6","name":"aten::sigmoid","rid":"-3833148800037726390"}
{"INSTRUCTION":"INSTRUCTION","cumulative_remat_counts":"6","name":"aten::sigmoid","rid":"-3833148800037726390"}
{"INSTRUCTION":"INSTRUCTION","cumulative_remat_counts":"6","name":"aten::sigmoid","rid":"-3833148800037726390"}
{"INSTRUCTION":"INSTRUCTION","cumulative_remat_counts":"6","name":"aten::sigmoid","rid":"-3833148800037726390"}
{"INSTRUCTION":"INSTRUCTION","cumulative_remat_counts":"5","name":"aten::mm","rid":"8511238032285037903"}
{"INSTRUCTION":"INSTRUCTION","cumulative_remat_counts":"6","name":"aten::sigmoid","rid":"-3833148800037726390"}
{"INSTRUCTION":"INSTRUCTION","cumulative_remat_counts":"5","name":"aten::mm","rid":"8511238032285037903"}
{"INSTRUCTION":"INSTRUCTION","cumulative_remat_counts":"6","name":"aten::sigmoid","rid":"-3833148800037726390"}
{"INSTRUCTION":"INSTRUCTION","cumulative_remat_counts":"5","name":"aten::mm","rid":"8511238032285037903"}
{"INSTRUCTION":"INSTRUCTION","cumulative_remat_counts":"6","name":"aten::sigmoid","rid":"-3833148800037726390"}
{"INSTRUCTION":"INSTRUCTION","cumulative_remat_counts":"6","name":"aten::sigmoid","rid":"-3833148800037726390"}
{"INSTRUCTION":"INSTRUCTION","cumulative_remat_counts":"6","name":"aten::sigmoid","rid":"-3833148800037726390"}
{"INSTRUCTION":"INSTRUCTION","cumulative_remat_counts":"6","name":"aten::sigmoid","rid":"-3833148800037726390"}
{"INSTRUCTION":"INSTRUCTION","cumulative_remat_counts":"6","name":"aten::sigmoid","rid":"-3833148800037726390"}
{"INSTRUCTION":"INSTRUCTION","cumulative_remat_counts":"5","name":"aten::mm","rid":"8511238032285037903"}
{"INSTRUCTION":"INSTRUCTION","cumulative_remat_counts":"5","name":"aten::mm","rid":"8511238032285037903"}
{"INSTRUCTION":"INSTRUCTION","cumulative_remat_counts":"6","name":"aten::sigmoid","rid":"-3833148800037726390"}
{"INSTRUCTION":"INSTRUCTION","cumulative_remat_counts":"6","name":"aten::sigmoid","rid":"-3833148800037726390"}
{"INSTRUCTION":"INSTRUCTION","cumulative_remat_counts":"6","name":"aten::sigmoid","rid":"-3833148800037726390"}
{"INSTRUCTION":"INSTRUCTION","cumulative_remat_counts":"5","name":"aten::mm","rid":"8511238032285037903"}
{"INSTRUCTION":"INSTRUCTION","cumulative_remat_counts":"6","name":"aten::sigmoid","rid":"-3833148800037726390"}
{"INSTRUCTION":"INSTRUCTION","cumulative_remat_counts":"6","name":"aten::sigmoid","rid":"-3833148800037726390"}
{"INSTRUCTION":"INSTRUCTION","cumulative_remat_counts":"6","name":"aten::sigmoid","rid":"-3833148800037726390"}
{"INSTRUCTION":"INSTRUCTION","cumulative_remat_counts":"1","name":"aten::add.Tensor","rid":"-4661336787295776820"}
{"INSTRUCTION":"INSTRUCTION","cumulative_remat_counts":"6","name":"aten::sigmoid","rid":"-3833148800037726390"}
{"INSTRUCTION":"INSTRUCTION","cumulative_remat_counts":"27","name":"aten::transpose.int","rid":"-3332972660525771483"}
{"INSTRUCTION":"INSTRUCTION","cumulative_remat_counts":"1","name":"aten::mul.Tensor","rid":"-7969387647929203374"}
{"INSTRUCTION":"INSTRUCTION","cumulative_remat_counts":"437","name":"aten::mul.Tensor","rid":"-7969387647990971886"}
{"INSTRUCTION":"INSTRUCTION","cumulative_remat_counts":"422","name":"aten::mul.Tensor","rid":"-7969387647990971886"}
{"INSTRUCTION":"INSTRUCTION","cumulative_remat_counts":"6","name":"aten::sigmoid","rid":"-3833148800037726390"}
{"INSTRUCTION":"INSTRUCTION","cumulative_remat_counts":"6","name":"aten::sigmoid","rid":"-3833148800037726390"}
{"INSTRUCTION":"INSTRUCTION","cumulative_remat_counts":"6","name":"aten::sigmoid","rid":"-3833148800037726390"}
{"INSTRUCTION":"INSTRUCTION","cumulative_remat_counts":"6","name":"aten::sigmoid","rid":"-3833148800037726390"}
{"INSTRUCTION":"INSTRUCTION","cumulative_remat_counts":"6","name":"aten::sigmoid","rid":"-3833148800037726390"}
{"INSTRUCTION":"INSTRUCTION","cumulative_remat_counts":"6","name":"aten::sigmoid","rid":"-3833148800037726390"}
{"INSTRUCTION":"INSTRUCTION","cumulative_remat_counts":"6","name":"aten::sigmoid","rid":"-3833148800037726390"}
{"INSTRUCTION":"INSTRUCTION","cumulative_remat_counts":"6","name":"aten::sigmoid","rid":"-3833148800037726390"}
{"INSTRUCTION":"INSTRUCTION","cumulative_remat_counts":"6","name":"aten::sigmoid","rid":"-3833148800037726390"}
{"INSTRUCTION":"INSTRUCTION","cumulative_remat_counts":"5","name":"aten::mm","rid":"8511238032285037903"}
{"INSTRUCTION":"INSTRUCTION","cumulative_remat_counts":"6","name":"aten::sigmoid","rid":"-3833148800037726390"}
{"INSTRUCTION":"INSTRUCTION","cumulative_remat_counts":"6","name":"aten::sigmoid","rid":"-3833148800037726390"}
{"INSTRUCTION":"INSTRUCTION","cumulative_remat_counts":"6","name":"aten::sigmoid","rid":"-3833148800037726390"}
{"INSTRUCTION":"INSTRUCTION","cumulative_remat_counts":"6","name":"aten::sigmoid","rid":"-3833148800037726390"}
{"INSTRUCTION":"INSTRUCTION","cumulative_remat_counts":"6","name":"aten::sigmoid","rid":"-3833148800037726390"}
{"INSTRUCTION":"INSTRUCTION","cumulative_remat_counts":"6","name":"aten::sigmoid","rid":"-3833148800037726390"}
{"INSTRUCTION":"INSTRUCTION","cumulative_remat_counts":"6","name":"aten::sigmoid","rid":"-3833148800037726390"}
{"INSTRUCTION":"INSTRUCTION","cumulative_remat_counts":"6","name":"aten::sigmoid","rid":"-3833148800037726390"}
{"INSTRUCTION":"INSTRUCTION","cumulative_remat_counts":"5","name":"aten::mm","rid":"8511238032285037903"}
{"INSTRUCTION":"INSTRUCTION","cumulative_remat_counts":"6","name":"aten::sigmoid","rid":"-3833148800037726390"}
{"INSTRUCTION":"INSTRUCTION","cumulative_remat_counts":"6","name":"aten::sigmoid","rid":"-3833148800037726390"}
{"INSTRUCTION":"INSTRUCTION","cumulative_remat_counts":"5","name":"aten::mm","rid":"8511238032285037903"}
{"INSTRUCTION":"INSTRUCTION","cumulative_remat_counts":"6","name":"aten::sigmoid","rid":"-3833148800037726390"}
{"INSTRUCTION":"INSTRUCTION","cumulative_remat_counts":"5","name":"aten::mm","rid":"8511238032285037903"}
{"INSTRUCTION":"INSTRUCTION","cumulative_remat_counts":"6","name":"aten::sigmoid","rid":"-3833148800037726390"}
{"INSTRUCTION":"INSTRUCTION","cumulative_remat_counts":"5","name":"aten::mm","rid":"8511238032285037903"}
{"INSTRUCTION":"INSTRUCTION","cumulative_remat_counts":"6","name":"aten::sigmoid","rid":"-3833148800037726390"}
{"INSTRUCTION":"INSTRUCTION","cumulative_remat_counts":"5","name":"aten::mm","rid":"8511238032285037903"}
{"INSTRUCTION":"INSTRUCTION","cumulative_remat_counts":"6","name":"aten::sigmoid","rid":"-3833148800037726390"}
{"INSTRUCTION":"INSTRUCTION","cumulative_remat_counts":"5","name":"aten::mm","rid":"8511238032285037903"}
{"INSTRUCTION":"INSTRUCTION","cumulative_remat_counts":"6","name":"aten::sigmoid","rid":"-3833148800037726390"}
{"INSTRUCTION":"INSTRUCTION","cumulative_remat_counts":"5","name":"aten::mm","rid":"8511238032285037903"}
{"INSTRUCTION":"INSTRUCTION","cumulative_remat_counts":"6","name":"aten::sigmoid","rid":"-3833148800037726390"}
{"INSTRUCTION":"INSTRUCTION","cumulative_remat_counts":"5","name":"aten::mm","rid":"8511238032285037903"}
{"INSTRUCTION":"INSTRUCTION","cumulative_remat_counts":"5","name":"aten::mm","rid":"8511238032285037903"}
{"INSTRUCTION":"INSTRUCTION","cumulative_remat_counts":"6","name":"aten::sigmoid","rid":"-3833148800037726390"}
{"INSTRUCTION":"INSTRUCTION","cumulative_remat_counts":"5","name":"aten::mm","rid":"8511238032285037903"}
{"INSTRUCTION":"INSTRUCTION","cumulative_remat_counts":"6","name":"aten::sigmoid","rid":"-3833148800037726390"}
{"INSTRUCTION":"INSTRUCTION","cumulative_remat_counts":"5","name":"aten::mm","rid":"8511238032285037903"}
{"INSTRUCTION":"INSTRUCTION","cumulative_remat_counts":"5","name":"aten::mm","rid":"8511238032285037903"}
{"INSTRUCTION":"INSTRUCTION","cumulative_remat_counts":"6","name":"aten::sigmoid","rid":"-3833148800037726390"}
{"INSTRUCTION":"INSTRUCTION","cumulative_remat_counts":"6","name":"aten::sigmoid","rid":"-3833148800037726390"}
{"INSTRUCTION":"INSTRUCTION","cumulative_remat_counts":"5","name":"aten::mm","rid":"8511238032285037903"}
{"INSTRUCTION":"INSTRUCTION","cumulative_remat_counts":"6","name":"aten::sigmoid","rid":"-3833148800037726390"}
