{"INSTRUCTION":"INSTRUCTION","compute_cost":"166019","device":0,"inputs":["x283","x1"],"mem_cost":"0","name":"cudnn_convolution","outputs":["x285"],"rid":"0"}
{"INSTRUCTION":"INSTRUCTION","compute_cost":"7942","device":0,"inputs":["x287","x286"],"mem_cost":"0","name":"add_","outputs":["x287"],"rid":"0"}
{"INSTRUCTION":"INSTRUCTION","compute_cost":"9762","device":0,"inputs":["x285","x3","x5","x6","x7"],"mem_cost":"0","name":"cudnn_batch_norm","outputs":["x289","x290","x291","x292"],"rid":"0"}
{"INSTRUCTION":"INSTRUCTION","compute_cost":"7535","device":0,"inputs":["x289"],"mem_cost":"0","name":"relu","outputs":["x293"],"rid":"0"}
{"INSTRUCTION":"INSTRUCTION","compute_cost":"41870","device":0,"inputs":["x293","x10"],"mem_cost":"0","name":"cudnn_convolution","outputs":["x294"],"rid":"0"}
{"INSTRUCTION":"INSTRUCTION","compute_cost":"33","device":0,"inputs":["x296","x295"],"mem_cost":"0","name":"add_","outputs":["x296"],"rid":"0"}
{"INSTRUCTION":"INSTRUCTION","compute_cost":"73","device":0,"inputs":["x294","x12","x14","x15","x16"],"mem_cost":"0","name":"cudnn_batch_norm","outputs":["x298","x299","x300","x301"],"rid":"0"}
{"INSTRUCTION":"INSTRUCTION","compute_cost":"19","device":0,"inputs":["x298"],"mem_cost":"0","name":"relu","outputs":["x302"],"rid":"0"}
{"INSTRUCTION":"INSTRUCTION","compute_cost":"439","device":0,"inputs":["x302","x19"],"mem_cost":"0","name":"cudnn_convolution","outputs":["x303"],"rid":"0"}
{"INSTRUCTION":"INSTRUCTION","compute_cost":"12","device":0,"inputs":["x305","x304"],"mem_cost":"0","name":"add_","outputs":["x305"],"rid":"0"}
{"INSTRUCTION":"INSTRUCTION","compute_cost":"37","device":0,"inputs":["x303","x21","x23","x24","x25"],"mem_cost":"0","name":"cudnn_batch_norm","outputs":["x307","x308","x309","x310"],"rid":"0"}
{"INSTRUCTION":"INSTRUCTION","compute_cost":"55","device":0,"inputs":["x307","x293"],"mem_cost":"0","name":"aten::add.Tensor","outputs":["x311"],"rid":"0"}
{"INSTRUCTION":"INSTRUCTION","compute_cost":"12","device":0,"inputs":["x311"],"mem_cost":"0","name":"relu","outputs":["x312"],"rid":"0"}
{"INSTRUCTION":"INSTRUCTION","compute_cost":"3821","device":0,"inputs":["x312","x28"],"mem_cost":"0","name":"cudnn_convolution","outputs":["x313"],"rid":"0"}
{"INSTRUCTION":"INSTRUCTION","compute_cost":"12","device":0,"inputs":["x315","x314"],"mem_cost":"0","name":"add_","outputs":["x315"],"rid":"0"}
{"INSTRUCTION":"INSTRUCTION","compute_cost":"45","device":0,"inputs":["x313","x30","x32","x33","x34"],"mem_cost":"0","name":"cudnn_batch_norm","outputs":["x317","x318","x319","x320"],"rid":"0"}
{"INSTRUCTION":"INSTRUCTION","compute_cost":"15","device":0,"inputs":["x317"],"mem_cost":"0","name":"relu","outputs":["x321"],"rid":"0"}
{"INSTRUCTION":"INSTRUCTION","compute_cost":"802","device":0,"inputs":["x321","x37"],"mem_cost":"0","name":"cudnn_convolution","outputs":["x322"],"rid":"0"}
{"INSTRUCTION":"INSTRUCTION","compute_cost":"12","device":0,"inputs":["x324","x323"],"mem_cost":"0","name":"add_","outputs":["x324"],"rid":"0"}
{"INSTRUCTION":"INSTRUCTION","compute_cost":"36","device":0,"inputs":["x322","x39","x41","x42","x43"],"mem_cost":"0","name":"cudnn_batch_norm","outputs":["x326","x327","x328","x329"],"rid":"0"}
{"INSTRUCTION":"INSTRUCTION","compute_cost":"14","device":0,"inputs":["x326","x312"],"mem_cost":"0","name":"aten::add.Tensor","outputs":["x330"],"rid":"0"}
{"INSTRUCTION":"INSTRUCTION","compute_cost":"11","device":0,"inputs":["x330"],"mem_cost":"0","name":"relu","outputs":["x331"],"rid":"0"}
{"INSTRUCTION":"INSTRUCTION","compute_cost":"8140","device":0,"inputs":["x331","x46"],"mem_cost":"0","name":"cudnn_convolution","outputs":["x332"],"rid":"0"}
{"INSTRUCTION":"INSTRUCTION","compute_cost":"22","device":0,"inputs":["x334","x333"],"mem_cost":"0","name":"add_","outputs":["x334"],"rid":"0"}
{"INSTRUCTION":"INSTRUCTION","compute_cost":"45","device":0,"inputs":["x332","x48","x50","x51","x52"],"mem_cost":"0","name":"cudnn_batch_norm","outputs":["x336","x337","x338","x339"],"rid":"0"}
{"INSTRUCTION":"INSTRUCTION","compute_cost":"14","device":0,"inputs":["x336"],"mem_cost":"0","name":"relu","outputs":["x340"],"rid":"0"}
{"INSTRUCTION":"INSTRUCTION","compute_cost":"3844","device":0,"inputs":["x340","x55"],"mem_cost":"0","name":"cudnn_convolution","outputs":["x341"],"rid":"0"}
{"INSTRUCTION":"INSTRUCTION","compute_cost":"12","device":0,"inputs":["x343","x342"],"mem_cost":"0","name":"add_","outputs":["x343"],"rid":"0"}
{"INSTRUCTION":"INSTRUCTION","compute_cost":"35","device":0,"inputs":["x341","x57","x59","x60","x61"],"mem_cost":"0","name":"cudnn_batch_norm","outputs":["x345","x346","x347","x348"],"rid":"0"}
{"INSTRUCTION":"INSTRUCTION","compute_cost":"14","device":0,"inputs":["x345","x331"],"mem_cost":"0","name":"aten::add.Tensor","outputs":["x349"],"rid":"0"}
{"INSTRUCTION":"INSTRUCTION","compute_cost":"11","device":0,"inputs":["x349"],"mem_cost":"0","name":"relu","outputs":["x350"],"rid":"0"}
{"INSTRUCTION":"INSTRUCTION","compute_cost":"1863","device":0,"inputs":["x350","x64"],"mem_cost":"0","name":"cudnn_convolution","outputs":["x351"],"rid":"0"}
{"INSTRUCTION":"INSTRUCTION","compute_cost":"22","device":0,"inputs":["x353","x352"],"mem_cost":"0","name":"add_","outputs":["x353"],"rid":"0"}
{"INSTRUCTION":"INSTRUCTION","compute_cost":"64","device":0,"inputs":["x351","x66","x68","x69","x70"],"mem_cost":"0","name":"cudnn_batch_norm","outputs":["x355","x356","x357","x358"],"rid":"0"}
{"INSTRUCTION":"INSTRUCTION","compute_cost":"41","device":0,"inputs":["x355"],"mem_cost":"0","name":"relu","outputs":["x359"],"rid":"0"}
{"INSTRUCTION":"INSTRUCTION","compute_cost":"2696","device":0,"inputs":["x359","x73"],"mem_cost":"0","name":"cudnn_convolution","outputs":["x360"],"rid":"0"}
{"INSTRUCTION":"INSTRUCTION","compute_cost":"12","device":0,"inputs":["x362","x361"],"mem_cost":"0","name":"add_","outputs":["x362"],"rid":"0"}
{"INSTRUCTION":"INSTRUCTION","compute_cost":"37","device":0,"inputs":["x360","x75","x77","x78","x79"],"mem_cost":"0","name":"cudnn_batch_norm","outputs":["x364","x365","x366","x367"],"rid":"0"}
{"INSTRUCTION":"INSTRUCTION","compute_cost":"15","device":0,"inputs":["x364","x350"],"mem_cost":"0","name":"aten::add.Tensor","outputs":["x368"],"rid":"0"}
{"INSTRUCTION":"INSTRUCTION","compute_cost":"11","device":0,"inputs":["x368"],"mem_cost":"0","name":"relu","outputs":["x369"],"rid":"0"}
{"INSTRUCTION":"INSTRUCTION","compute_cost":"4989","device":0,"inputs":["x369","x82"],"mem_cost":"0","name":"cudnn_convolution","outputs":["x370"],"rid":"0"}
{"INSTRUCTION":"INSTRUCTION","compute_cost":"12","device":0,"inputs":["x372","x371"],"mem_cost":"0","name":"add_","outputs":["x372"],"rid":"0"}
{"INSTRUCTION":"INSTRUCTION","compute_cost":"36","device":0,"inputs":["x370","x84","x86","x87","x88"],"mem_cost":"0","name":"cudnn_batch_norm","outputs":["x374","x375","x376","x377"],"rid":"0"}
{"INSTRUCTION":"INSTRUCTION","compute_cost":"13","device":0,"inputs":["x374"],"mem_cost":"0","name":"relu","outputs":["x378"],"rid":"0"}
{"INSTRUCTION":"INSTRUCTION","compute_cost":"1870","device":0,"inputs":["x378","x91"],"mem_cost":"0","name":"cudnn_convolution","outputs":["x379"],"rid":"0"}
{"INSTRUCTION":"INSTRUCTION","compute_cost":"12","device":0,"inputs":["x381","x380"],"mem_cost":"0","name":"add_","outputs":["x381"],"rid":"0"}
{"INSTRUCTION":"INSTRUCTION","compute_cost":"37","device":0,"inputs":["x379","x93","x95","x96","x97"],"mem_cost":"0","name":"cudnn_batch_norm","outputs":["x383","x384","x385","x386"],"rid":"0"}
{"INSTRUCTION":"INSTRUCTION","compute_cost":"14","device":0,"inputs":["x383","x369"],"mem_cost":"0","name":"aten::add.Tensor","outputs":["x387"],"rid":"0"}
{"INSTRUCTION":"INSTRUCTION","compute_cost":"10","device":0,"inputs":["x387"],"mem_cost":"0","name":"relu","outputs":["x388"],"rid":"0"}
{"INSTRUCTION":"INSTRUCTION","compute_cost":"28086","device":0,"inputs":["x388","x100"],"mem_cost":"0","name":"cudnn_convolution","outputs":["x389"],"rid":"0"}
{"INSTRUCTION":"INSTRUCTION","compute_cost":"13","device":0,"inputs":["x391","x390"],"mem_cost":"0","name":"add_","outputs":["x391"],"rid":"0"}
{"INSTRUCTION":"INSTRUCTION","compute_cost":"38","device":0,"inputs":["x389","x102","x104","x105","x106"],"mem_cost":"0","name":"cudnn_batch_norm","outputs":["x393","x394","x395","x396"],"rid":"0"}
{"INSTRUCTION":"INSTRUCTION","compute_cost":"15","device":0,"inputs":["x393"],"mem_cost":"0","name":"relu","outputs":["x397"],"rid":"0"}
{"INSTRUCTION":"INSTRUCTION","compute_cost":"19054","device":0,"inputs":["x397","x109"],"mem_cost":"0","name":"cudnn_convolution","outputs":["x398"],"rid":"0"}
{"INSTRUCTION":"INSTRUCTION","compute_cost":"13","device":0,"inputs":["x400","x399"],"mem_cost":"0","name":"add_","outputs":["x400"],"rid":"0"}
{"INSTRUCTION":"INSTRUCTION","compute_cost":"38","device":0,"inputs":["x398","x111","x113","x114","x115"],"mem_cost":"0","name":"cudnn_batch_norm","outputs":["x402","x403","x404","x405"],"rid":"0"}
{"INSTRUCTION":"INSTRUCTION","compute_cost":"22","device":0,"inputs":["x388"],"mem_cost":"0","name":"aten::slice.Tensor","outputs":["x406"],"rid":"0"}
{"INSTRUCTION":"INSTRUCTION","compute_cost":"1","device":0,"inputs":["x406"],"mem_cost":"0","name":"aten::slice.Tensor","outputs":["x407"],"rid":"0"}
{"INSTRUCTION":"INSTRUCTION","compute_cost":"1","device":0,"inputs":["x407"],"mem_cost":"0","name":"aten::slice.Tensor","outputs":["x408"],"rid":"0"}
{"INSTRUCTION":"INSTRUCTION","compute_cost":"0","device":0,"inputs":["x408"],"mem_cost":"0","name":"aten::slice.Tensor","outputs":["x409"],"rid":"0"}
{"INSTRUCTION":"INSTRUCTION","compute_cost":"3853","device":0,"inputs":["x409"],"mem_cost":"0","name":"constant_pad_nd","outputs":["x410"],"rid":"0"}
{"INSTRUCTION":"INSTRUCTION","compute_cost":"686","device":0,"inputs":["x402","x410"],"mem_cost":"0","name":"aten::add.Tensor","outputs":["x411"],"rid":"0"}
{"INSTRUCTION":"INSTRUCTION","compute_cost":"14","device":0,"inputs":["x411"],"mem_cost":"0","name":"relu","outputs":["x412"],"rid":"0"}
{"INSTRUCTION":"INSTRUCTION","compute_cost":"39","device":0,"inputs":["x412","x118"],"mem_cost":"0","name":"cudnn_convolution","outputs":["x413"],"rid":"0"}
{"INSTRUCTION":"INSTRUCTION","compute_cost":"12","device":0,"inputs":["x415","x414"],"mem_cost":"0","name":"add_","outputs":["x415"],"rid":"0"}
{"INSTRUCTION":"INSTRUCTION","compute_cost":"34","device":0,"inputs":["x413","x120","x122","x123","x124"],"mem_cost":"0","name":"cudnn_batch_norm","outputs":["x417","x418","x419","x420"],"rid":"0"}
{"INSTRUCTION":"INSTRUCTION","compute_cost":"762","device":0,"inputs":["x417"],"mem_cost":"0","name":"relu","outputs":["x421"],"rid":"0"}
{"INSTRUCTION":"INSTRUCTION","compute_cost":"34","device":0,"inputs":["x421","x127"],"mem_cost":"0","name":"cudnn_convolution","outputs":["x422"],"rid":"0"}
{"INSTRUCTION":"INSTRUCTION","compute_cost":"12","device":0,"inputs":["x424","x423"],"mem_cost":"0","name":"add_","outputs":["x424"],"rid":"0"}
{"INSTRUCTION":"INSTRUCTION","compute_cost":"861","device":0,"inputs":["x422","x129","x131","x132","x133"],"mem_cost":"0","name":"cudnn_batch_norm","outputs":["x426","x427","x428","x429"],"rid":"0"}
{"INSTRUCTION":"INSTRUCTION","compute_cost":"985","device":0,"inputs":["x426","x412"],"mem_cost":"0","name":"aten::add.Tensor","outputs":["x430"],"rid":"0"}
{"INSTRUCTION":"INSTRUCTION","compute_cost":"13","device":0,"inputs":["x430"],"mem_cost":"0","name":"relu","outputs":["x431"],"rid":"0"}
{"INSTRUCTION":"INSTRUCTION","compute_cost":"34","device":0,"inputs":["x431","x136"],"mem_cost":"0","name":"cudnn_convolution","outputs":["x432"],"rid":"0"}
{"INSTRUCTION":"INSTRUCTION","compute_cost":"11","device":0,"inputs":["x434","x433"],"mem_cost":"0","name":"add_","outputs":["x434"],"rid":"0"}
{"INSTRUCTION":"INSTRUCTION","compute_cost":"848","device":0,"inputs":["x432","x138","x140","x141","x142"],"mem_cost":"0","name":"cudnn_batch_norm","outputs":["x436","x437","x438","x439"],"rid":"0"}
{"INSTRUCTION":"INSTRUCTION","compute_cost":"1012","device":0,"inputs":["x436"],"mem_cost":"0","name":"relu","outputs":["x440"],"rid":"0"}
{"INSTRUCTION":"INSTRUCTION","compute_cost":"34","device":0,"inputs":["x440","x145"],"mem_cost":"0","name":"cudnn_convolution","outputs":["x441"],"rid":"0"}
{"INSTRUCTION":"INSTRUCTION","compute_cost":"11","device":0,"inputs":["x443","x442"],"mem_cost":"0","name":"add_","outputs":["x443"],"rid":"0"}
{"INSTRUCTION":"INSTRUCTION","compute_cost":"891","device":0,"inputs":["x441","x147","x149","x150","x151"],"mem_cost":"0","name":"cudnn_batch_norm","outputs":["x445","x446","x447","x448"],"rid":"0"}
{"INSTRUCTION":"INSTRUCTION","compute_cost":"859","device":0,"inputs":["x445","x431"],"mem_cost":"0","name":"aten::add.Tensor","outputs":["x449"],"rid":"0"}
{"INSTRUCTION":"INSTRUCTION","compute_cost":"13","device":0,"inputs":["x449"],"mem_cost":"0","name":"relu","outputs":["x450"],"rid":"0"}
{"INSTRUCTION":"INSTRUCTION","compute_cost":"33","device":0,"inputs":["x450","x154"],"mem_cost":"0","name":"cudnn_convolution","outputs":["x451"],"rid":"0"}
{"INSTRUCTION":"INSTRUCTION","compute_cost":"11","device":0,"inputs":["x453","x452"],"mem_cost":"0","name":"add_","outputs":["x453"],"rid":"0"}
{"INSTRUCTION":"INSTRUCTION","compute_cost":"390","device":0,"inputs":["x451","x156","x158","x159","x160"],"mem_cost":"0","name":"cudnn_batch_norm","outputs":["x455","x456","x457","x458"],"rid":"0"}
{"INSTRUCTION":"INSTRUCTION","compute_cost":"195","device":0,"inputs":["x455"],"mem_cost":"0","name":"relu","outputs":["x459"],"rid":"0"}
{"INSTRUCTION":"INSTRUCTION","compute_cost":"33","device":0,"inputs":["x459","x163"],"mem_cost":"0","name":"cudnn_convolution","outputs":["x460"],"rid":"0"}
{"INSTRUCTION":"INSTRUCTION","compute_cost":"11","device":0,"inputs":["x462","x461"],"mem_cost":"0","name":"add_","outputs":["x462"],"rid":"0"}
{"INSTRUCTION":"INSTRUCTION","compute_cost":"219","device":0,"inputs":["x460","x165","x167","x168","x169"],"mem_cost":"0","name":"cudnn_batch_norm","outputs":["x464","x465","x466","x467"],"rid":"0"}
{"INSTRUCTION":"INSTRUCTION","compute_cost":"196","device":0,"inputs":["x464","x450"],"mem_cost":"0","name":"aten::add.Tensor","outputs":["x468"],"rid":"0"}
{"INSTRUCTION":"INSTRUCTION","compute_cost":"12","device":0,"inputs":["x468"],"mem_cost":"0","name":"relu","outputs":["x469"],"rid":"0"}
{"INSTRUCTION":"INSTRUCTION","compute_cost":"33","device":0,"inputs":["x469","x172"],"mem_cost":"0","name":"cudnn_convolution","outputs":["x470"],"rid":"0"}
{"INSTRUCTION":"INSTRUCTION","compute_cost":"11","device":0,"inputs":["x472","x471"],"mem_cost":"0","name":"add_","outputs":["x472"],"rid":"0"}
{"INSTRUCTION":"INSTRUCTION","compute_cost":"249","device":0,"inputs":["x470","x174","x176","x177","x178"],"mem_cost":"0","name":"cudnn_batch_norm","outputs":["x474","x475","x476","x477"],"rid":"0"}
{"INSTRUCTION":"INSTRUCTION","compute_cost":"231","device":0,"inputs":["x474"],"mem_cost":"0","name":"relu","outputs":["x478"],"rid":"0"}
{"INSTRUCTION":"INSTRUCTION","compute_cost":"33","device":0,"inputs":["x478","x181"],"mem_cost":"0","name":"cudnn_convolution","outputs":["x479"],"rid":"0"}
{"INSTRUCTION":"INSTRUCTION","compute_cost":"11","device":0,"inputs":["x481","x480"],"mem_cost":"0","name":"add_","outputs":["x481"],"rid":"0"}
{"INSTRUCTION":"INSTRUCTION","compute_cost":"227","device":0,"inputs":["x479","x183","x185","x186","x187"],"mem_cost":"0","name":"cudnn_batch_norm","outputs":["x483","x484","x485","x486"],"rid":"0"}
{"INSTRUCTION":"INSTRUCTION","compute_cost":"197","device":0,"inputs":["x483","x469"],"mem_cost":"0","name":"aten::add.Tensor","outputs":["x487"],"rid":"0"}
{"INSTRUCTION":"INSTRUCTION","compute_cost":"12","device":0,"inputs":["x487"],"mem_cost":"0","name":"relu","outputs":["x488"],"rid":"0"}
{"INSTRUCTION":"INSTRUCTION","compute_cost":"14310","device":0,"inputs":["x488","x190"],"mem_cost":"0","name":"cudnn_convolution","outputs":["x489"],"rid":"0"}
{"INSTRUCTION":"INSTRUCTION","compute_cost":"13","device":0,"inputs":["x491","x490"],"mem_cost":"0","name":"add_","outputs":["x491"],"rid":"0"}
{"INSTRUCTION":"INSTRUCTION","compute_cost":"70","device":0,"inputs":["x489","x192","x194","x195","x196"],"mem_cost":"0","name":"cudnn_batch_norm","outputs":["x493","x494","x495","x496"],"rid":"0"}
{"INSTRUCTION":"INSTRUCTION","compute_cost":"16","device":0,"inputs":["x493"],"mem_cost":"0","name":"relu","outputs":["x497"],"rid":"0"}
{"INSTRUCTION":"INSTRUCTION","compute_cost":"11835","device":0,"inputs":["x497","x199"],"mem_cost":"0","name":"cudnn_convolution","outputs":["x498"],"rid":"0"}
{"INSTRUCTION":"INSTRUCTION","compute_cost":"13","device":0,"inputs":["x500","x499"],"mem_cost":"0","name":"add_","outputs":["x500"],"rid":"0"}
{"INSTRUCTION":"INSTRUCTION","compute_cost":"37","device":0,"inputs":["x498","x201","x203","x204","x205"],"mem_cost":"0","name":"cudnn_batch_norm","outputs":["x502","x503","x504","x505"],"rid":"0"}
{"INSTRUCTION":"INSTRUCTION","compute_cost":"3","device":0,"inputs":["x488"],"mem_cost":"0","name":"aten::slice.Tensor","outputs":["x506"],"rid":"0"}
{"INSTRUCTION":"INSTRUCTION","compute_cost":"0","device":0,"inputs":["x506"],"mem_cost":"0","name":"aten::slice.Tensor","outputs":["x507"],"rid":"0"}
{"INSTRUCTION":"INSTRUCTION","compute_cost":"1","device":0,"inputs":["x507"],"mem_cost":"0","name":"aten::slice.Tensor","outputs":["x508"],"rid":"0"}
{"INSTRUCTION":"INSTRUCTION","compute_cost":"0","device":0,"inputs":["x508"],"mem_cost":"0","name":"aten::slice.Tensor","outputs":["x509"],"rid":"0"}
{"INSTRUCTION":"INSTRUCTION","compute_cost":"563","device":0,"inputs":["x509"],"mem_cost":"0","name":"constant_pad_nd","outputs":["x510"],"rid":"0"}
{"INSTRUCTION":"INSTRUCTION","compute_cost":"995","device":0,"inputs":["x502","x510"],"mem_cost":"0","name":"aten::add.Tensor","outputs":["x511"],"rid":"0"}
{"INSTRUCTION":"INSTRUCTION","compute_cost":"13","device":0,"inputs":["x511"],"mem_cost":"0","name":"relu","outputs":["x512"],"rid":"0"}
{"INSTRUCTION":"INSTRUCTION","compute_cost":"43","device":0,"inputs":["x512","x208"],"mem_cost":"0","name":"cudnn_convolution","outputs":["x513"],"rid":"0"}
{"INSTRUCTION":"INSTRUCTION","compute_cost":"11","device":0,"inputs":["x515","x514"],"mem_cost":"0","name":"add_","outputs":["x515"],"rid":"0"}
{"INSTRUCTION":"INSTRUCTION","compute_cost":"34","device":0,"inputs":["x513","x210","x212","x213","x214"],"mem_cost":"0","name":"cudnn_batch_norm","outputs":["x517","x518","x519","x520"],"rid":"0"}
{"INSTRUCTION":"INSTRUCTION","compute_cost":"749","device":0,"inputs":["x517"],"mem_cost":"0","name":"relu","outputs":["x521"],"rid":"0"}
{"INSTRUCTION":"INSTRUCTION","compute_cost":"1018","device":0,"inputs":["x521","x217"],"mem_cost":"0","name":"cudnn_convolution","outputs":["x522"],"rid":"0"}
{"INSTRUCTION":"INSTRUCTION","compute_cost":"12","device":0,"inputs":["x524","x523"],"mem_cost":"0","name":"add_","outputs":["x524"],"rid":"0"}
{"INSTRUCTION":"INSTRUCTION","compute_cost":"35","device":0,"inputs":["x522","x219","x221","x222","x223"],"mem_cost":"0","name":"cudnn_batch_norm","outputs":["x526","x527","x528","x529"],"rid":"0"}
{"INSTRUCTION":"INSTRUCTION","compute_cost":"859","device":0,"inputs":["x526","x512"],"mem_cost":"0","name":"aten::add.Tensor","outputs":["x530"],"rid":"0"}
{"INSTRUCTION":"INSTRUCTION","compute_cost":"13","device":0,"inputs":["x530"],"mem_cost":"0","name":"relu","outputs":["x531"],"rid":"0"}
{"INSTRUCTION":"INSTRUCTION","compute_cost":"964","device":0,"inputs":["x531","x226"],"mem_cost":"0","name":"cudnn_convolution","outputs":["x532"],"rid":"0"}
{"INSTRUCTION":"INSTRUCTION","compute_cost":"12","device":0,"inputs":["x534","x533"],"mem_cost":"0","name":"add_","outputs":["x534"],"rid":"0"}
{"INSTRUCTION":"INSTRUCTION","compute_cost":"35","device":0,"inputs":["x532","x228","x230","x231","x232"],"mem_cost":"0","name":"cudnn_batch_norm","outputs":["x536","x537","x538","x539"],"rid":"0"}
{"INSTRUCTION":"INSTRUCTION","compute_cost":"200","device":0,"inputs":["x536"],"mem_cost":"0","name":"relu","outputs":["x540"],"rid":"0"}
{"INSTRUCTION":"INSTRUCTION","compute_cost":"300","device":0,"inputs":["x540","x235"],"mem_cost":"0","name":"cudnn_convolution","outputs":["x541"],"rid":"0"}
{"INSTRUCTION":"INSTRUCTION","compute_cost":"12","device":0,"inputs":["x543","x542"],"mem_cost":"0","name":"add_","outputs":["x543"],"rid":"0"}
{"INSTRUCTION":"INSTRUCTION","compute_cost":"33","device":0,"inputs":["x541","x237","x239","x240","x241"],"mem_cost":"0","name":"cudnn_batch_norm","outputs":["x545","x546","x547","x548"],"rid":"0"}
{"INSTRUCTION":"INSTRUCTION","compute_cost":"200","device":0,"inputs":["x545","x531"],"mem_cost":"0","name":"aten::add.Tensor","outputs":["x549"],"rid":"0"}
{"INSTRUCTION":"INSTRUCTION","compute_cost":"13","device":0,"inputs":["x549"],"mem_cost":"0","name":"relu","outputs":["x550"],"rid":"0"}
{"INSTRUCTION":"INSTRUCTION","compute_cost":"224","device":0,"inputs":["x550","x244"],"mem_cost":"0","name":"cudnn_convolution","outputs":["x551"],"rid":"0"}
{"INSTRUCTION":"INSTRUCTION","compute_cost":"12","device":0,"inputs":["x553","x552"],"mem_cost":"0","name":"add_","outputs":["x553"],"rid":"0"}
{"INSTRUCTION":"INSTRUCTION","compute_cost":"34","device":0,"inputs":["x551","x246","x248","x249","x250"],"mem_cost":"0","name":"cudnn_batch_norm","outputs":["x555","x556","x557","x558"],"rid":"0"}
{"INSTRUCTION":"INSTRUCTION","compute_cost":"203","device":0,"inputs":["x555"],"mem_cost":"0","name":"relu","outputs":["x559"],"rid":"0"}
{"INSTRUCTION":"INSTRUCTION","compute_cost":"223","device":0,"inputs":["x559","x253"],"mem_cost":"0","name":"cudnn_convolution","outputs":["x560"],"rid":"0"}
{"INSTRUCTION":"INSTRUCTION","compute_cost":"12","device":0,"inputs":["x562","x561"],"mem_cost":"0","name":"add_","outputs":["x562"],"rid":"0"}
{"INSTRUCTION":"INSTRUCTION","compute_cost":"34","device":0,"inputs":["x560","x255","x257","x258","x259"],"mem_cost":"0","name":"cudnn_batch_norm","outputs":["x564","x565","x566","x567"],"rid":"0"}
{"INSTRUCTION":"INSTRUCTION","compute_cost":"233","device":0,"inputs":["x564","x550"],"mem_cost":"0","name":"aten::add.Tensor","outputs":["x568"],"rid":"0"}
{"INSTRUCTION":"INSTRUCTION","compute_cost":"13","device":0,"inputs":["x568"],"mem_cost":"0","name":"relu","outputs":["x569"],"rid":"0"}
{"INSTRUCTION":"INSTRUCTION","compute_cost":"224","device":0,"inputs":["x569","x262"],"mem_cost":"0","name":"cudnn_convolution","outputs":["x570"],"rid":"0"}
{"INSTRUCTION":"INSTRUCTION","compute_cost":"12","device":0,"inputs":["x572","x571"],"mem_cost":"0","name":"add_","outputs":["x572"],"rid":"0"}
{"INSTRUCTION":"INSTRUCTION","compute_cost":"222","device":0,"inputs":["x570","x264","x266","x267","x268"],"mem_cost":"0","name":"cudnn_batch_norm","outputs":["x574","x575","x576","x577"],"rid":"0"}
{"INSTRUCTION":"INSTRUCTION","compute_cost":"197","device":0,"inputs":["x574"],"mem_cost":"0","name":"relu","outputs":["x578"],"rid":"0"}
{"INSTRUCTION":"INSTRUCTION","compute_cost":"219","device":0,"inputs":["x578","x271"],"mem_cost":"0","name":"cudnn_convolution","outputs":["x579"],"rid":"0"}
{"INSTRUCTION":"INSTRUCTION","compute_cost":"12","device":0,"inputs":["x581","x580"],"mem_cost":"0","name":"add_","outputs":["x581"],"rid":"0"}
{"INSTRUCTION":"INSTRUCTION","compute_cost":"34","device":0,"inputs":["x579","x273","x275","x276","x277"],"mem_cost":"0","name":"cudnn_batch_norm","outputs":["x583","x584","x585","x586"],"rid":"0"}
{"INSTRUCTION":"INSTRUCTION","compute_cost":"197","device":0,"inputs":["x583","x569"],"mem_cost":"0","name":"aten::add.Tensor","outputs":["x587"],"rid":"0"}
{"INSTRUCTION":"INSTRUCTION","compute_cost":"13","device":0,"inputs":["x587"],"mem_cost":"0","name":"relu","outputs":["x588"],"rid":"0"}
{"INSTRUCTION":"INSTRUCTION","compute_cost":"305","device":0,"inputs":["x588","x589"],"mem_cost":"0","name":"aten::avg_pool2d_outf","outputs":["x590"],"rid":"0"}
{"INSTRUCTION":"INSTRUCTION","compute_cost":"9","device":0,"inputs":["x280"],"mem_cost":"0","name":"aten::t","outputs":["x591"],"rid":"0"}
{"INSTRUCTION":"INSTRUCTION","compute_cost":"3089","device":0,"inputs":["x282","x592","x591"],"mem_cost":"0","name":"addmm","outputs":["x593"],"rid":"0"}
{"INSTRUCTION":"INSTRUCTION","compute_cost":"5291","device":0,"inputs":["x593","x594"],"mem_cost":"0","name":"aten::_log_softmax_outf","outputs":["x595"],"rid":"0"}
{"INSTRUCTION":"INSTRUCTION","compute_cost":"6629","device":0,"inputs":["x596","x284","x597","x598","x599"],"mem_cost":"0","name":"aten::nll_loss_forward_out","outputs":["x600","x601"],"rid":"0"}