{"INSTRUCTION":"INSTRUCTION","compute_cost":"105006","device":0,"inputs":["x481","x1"],"mem_cost":"0","name":"cudnn_convolution","outputs":["x483"],"rid":"0"}
{"INSTRUCTION":"INSTRUCTION","compute_cost":"5701","device":0,"inputs":["x485","x484"],"mem_cost":"0","name":"add_","outputs":["x485"],"rid":"0"}
{"INSTRUCTION":"INSTRUCTION","compute_cost":"5523","device":0,"inputs":["x483","x3","x5","x6","x7"],"mem_cost":"0","name":"cudnn_batch_norm","outputs":["x487","x488","x489","x490"],"rid":"0"}
{"INSTRUCTION":"INSTRUCTION","compute_cost":"3484","device":0,"inputs":["x487"],"mem_cost":"0","name":"relu","outputs":["x491"],"rid":"0"}
{"INSTRUCTION":"INSTRUCTION","compute_cost":"305","device":0,"inputs":["x491"],"mem_cost":"0","name":"aten::max_pool2d_with_indices","outputs":["x492","x493"],"rid":"0"}
{"INSTRUCTION":"INSTRUCTION","compute_cost":"15679","device":0,"inputs":["x492","x19"],"mem_cost":"0","name":"cudnn_convolution","outputs":["x494"],"rid":"0"}
{"INSTRUCTION":"INSTRUCTION","compute_cost":"48","device":0,"inputs":["x496","x495"],"mem_cost":"0","name":"add_","outputs":["x496"],"rid":"0"}
{"INSTRUCTION":"INSTRUCTION","compute_cost":"121","device":0,"inputs":["x494","x21","x23","x24","x25"],"mem_cost":"0","name":"cudnn_batch_norm","outputs":["x498","x499","x500","x501"],"rid":"0"}
{"INSTRUCTION":"INSTRUCTION","compute_cost":"199","device":0,"inputs":["x498"],"mem_cost":"0","name":"relu","outputs":["x502"],"rid":"0"}
{"INSTRUCTION":"INSTRUCTION","compute_cost":"5883","device":0,"inputs":["x502","x28"],"mem_cost":"0","name":"cudnn_convolution","outputs":["x503"],"rid":"0"}
{"INSTRUCTION":"INSTRUCTION","compute_cost":"14","device":0,"inputs":["x505","x504"],"mem_cost":"0","name":"add_","outputs":["x505"],"rid":"0"}
{"INSTRUCTION":"INSTRUCTION","compute_cost":"47","device":0,"inputs":["x503","x30","x32","x33","x34"],"mem_cost":"0","name":"cudnn_batch_norm","outputs":["x507","x508","x509","x510"],"rid":"0"}
{"INSTRUCTION":"INSTRUCTION","compute_cost":"220","device":0,"inputs":["x507"],"mem_cost":"0","name":"relu","outputs":["x511"],"rid":"0"}
{"INSTRUCTION":"INSTRUCTION","compute_cost":"2061","device":0,"inputs":["x511","x37"],"mem_cost":"0","name":"cudnn_convolution","outputs":["x512"],"rid":"0"}
{"INSTRUCTION":"INSTRUCTION","compute_cost":"13","device":0,"inputs":["x514","x513"],"mem_cost":"0","name":"add_","outputs":["x514"],"rid":"0"}
{"INSTRUCTION":"INSTRUCTION","compute_cost":"273","device":0,"inputs":["x512","x39","x41","x42","x43"],"mem_cost":"0","name":"cudnn_batch_norm","outputs":["x516","x517","x518","x519"],"rid":"0"}
{"INSTRUCTION":"INSTRUCTION","compute_cost":"244","device":0,"inputs":["x492","x10"],"mem_cost":"0","name":"cudnn_convolution","outputs":["x520"],"rid":"0"}
{"INSTRUCTION":"INSTRUCTION","compute_cost":"11","device":0,"inputs":["x522","x521"],"mem_cost":"0","name":"add_","outputs":["x522"],"rid":"0"}
{"INSTRUCTION":"INSTRUCTION","compute_cost":"216","device":0,"inputs":["x520","x12","x14","x15","x16"],"mem_cost":"0","name":"cudnn_batch_norm","outputs":["x524","x525","x526","x527"],"rid":"0"}
{"INSTRUCTION":"INSTRUCTION","compute_cost":"59","device":0,"inputs":["x528","x524"],"mem_cost":"0","name":"add_","outputs":["x528"],"rid":"0"}
{"INSTRUCTION":"INSTRUCTION","compute_cost":"242","device":0,"inputs":["x528"],"mem_cost":"0","name":"relu","outputs":["x530"],"rid":"0"}
{"INSTRUCTION":"INSTRUCTION","compute_cost":"3104","device":0,"inputs":["x530","x46"],"mem_cost":"0","name":"cudnn_convolution","outputs":["x531"],"rid":"0"}
{"INSTRUCTION":"INSTRUCTION","compute_cost":"12","device":0,"inputs":["x533","x532"],"mem_cost":"0","name":"add_","outputs":["x533"],"rid":"0"}
{"INSTRUCTION":"INSTRUCTION","compute_cost":"36","device":0,"inputs":["x531","x48","x50","x51","x52"],"mem_cost":"0","name":"cudnn_batch_norm","outputs":["x535","x536","x537","x538"],"rid":"0"}
{"INSTRUCTION":"INSTRUCTION","compute_cost":"15","device":0,"inputs":["x535"],"mem_cost":"0","name":"relu","outputs":["x539"],"rid":"0"}
{"INSTRUCTION":"INSTRUCTION","compute_cost":"40","device":0,"inputs":["x539","x55"],"mem_cost":"0","name":"cudnn_convolution","outputs":["x540"],"rid":"0"}
{"INSTRUCTION":"INSTRUCTION","compute_cost":"11","device":0,"inputs":["x542","x541"],"mem_cost":"0","name":"add_","outputs":["x542"],"rid":"0"}
{"INSTRUCTION":"INSTRUCTION","compute_cost":"30","device":0,"inputs":["x540","x57","x59","x60","x61"],"mem_cost":"0","name":"cudnn_batch_norm","outputs":["x544","x545","x546","x547"],"rid":"0"}
{"INSTRUCTION":"INSTRUCTION","compute_cost":"13","device":0,"inputs":["x544"],"mem_cost":"0","name":"relu","outputs":["x548"],"rid":"0"}
{"INSTRUCTION":"INSTRUCTION","compute_cost":"26","device":0,"inputs":["x548","x64"],"mem_cost":"0","name":"cudnn_convolution","outputs":["x549"],"rid":"0"}
{"INSTRUCTION":"INSTRUCTION","compute_cost":"12","device":0,"inputs":["x551","x550"],"mem_cost":"0","name":"add_","outputs":["x551"],"rid":"0"}
{"INSTRUCTION":"INSTRUCTION","compute_cost":"276","device":0,"inputs":["x549","x66","x68","x69","x70"],"mem_cost":"0","name":"cudnn_batch_norm","outputs":["x553","x554","x555","x556"],"rid":"0"}
{"INSTRUCTION":"INSTRUCTION","compute_cost":"11","device":0,"inputs":["x557","x530"],"mem_cost":"0","name":"add_","outputs":["x557"],"rid":"0"}
{"INSTRUCTION":"INSTRUCTION","compute_cost":"228","device":0,"inputs":["x557"],"mem_cost":"0","name":"relu","outputs":["x559"],"rid":"0"}
{"INSTRUCTION":"INSTRUCTION","compute_cost":"28","device":0,"inputs":["x559","x73"],"mem_cost":"0","name":"cudnn_convolution","outputs":["x560"],"rid":"0"}
{"INSTRUCTION":"INSTRUCTION","compute_cost":"10","device":0,"inputs":["x562","x561"],"mem_cost":"0","name":"add_","outputs":["x562"],"rid":"0"}
{"INSTRUCTION":"INSTRUCTION","compute_cost":"34","device":0,"inputs":["x560","x75","x77","x78","x79"],"mem_cost":"0","name":"cudnn_batch_norm","outputs":["x564","x565","x566","x567"],"rid":"0"}
{"INSTRUCTION":"INSTRUCTION","compute_cost":"14","device":0,"inputs":["x564"],"mem_cost":"0","name":"relu","outputs":["x568"],"rid":"0"}
{"INSTRUCTION":"INSTRUCTION","compute_cost":"36","device":0,"inputs":["x568","x82"],"mem_cost":"0","name":"cudnn_convolution","outputs":["x569"],"rid":"0"}
{"INSTRUCTION":"INSTRUCTION","compute_cost":"10","device":0,"inputs":["x571","x570"],"mem_cost":"0","name":"add_","outputs":["x571"],"rid":"0"}
{"INSTRUCTION":"INSTRUCTION","compute_cost":"30","device":0,"inputs":["x569","x84","x86","x87","x88"],"mem_cost":"0","name":"cudnn_batch_norm","outputs":["x573","x574","x575","x576"],"rid":"0"}
{"INSTRUCTION":"INSTRUCTION","compute_cost":"13","device":0,"inputs":["x573"],"mem_cost":"0","name":"relu","outputs":["x577"],"rid":"0"}
{"INSTRUCTION":"INSTRUCTION","compute_cost":"255","device":0,"inputs":["x577","x91"],"mem_cost":"0","name":"cudnn_convolution","outputs":["x578"],"rid":"0"}
{"INSTRUCTION":"INSTRUCTION","compute_cost":"11","device":0,"inputs":["x580","x579"],"mem_cost":"0","name":"add_","outputs":["x580"],"rid":"0"}
{"INSTRUCTION":"INSTRUCTION","compute_cost":"217","device":0,"inputs":["x578","x93","x95","x96","x97"],"mem_cost":"0","name":"cudnn_batch_norm","outputs":["x582","x583","x584","x585"],"rid":"0"}
{"INSTRUCTION":"INSTRUCTION","compute_cost":"11","device":0,"inputs":["x586","x559"],"mem_cost":"0","name":"add_","outputs":["x586"],"rid":"0"}
{"INSTRUCTION":"INSTRUCTION","compute_cost":"237","device":0,"inputs":["x586"],"mem_cost":"0","name":"relu","outputs":["x588"],"rid":"0"}
{"INSTRUCTION":"INSTRUCTION","compute_cost":"1822","device":0,"inputs":["x588","x109"],"mem_cost":"0","name":"cudnn_convolution","outputs":["x589"],"rid":"0"}
{"INSTRUCTION":"INSTRUCTION","compute_cost":"12","device":0,"inputs":["x591","x590"],"mem_cost":"0","name":"add_","outputs":["x591"],"rid":"0"}
{"INSTRUCTION":"INSTRUCTION","compute_cost":"33","device":0,"inputs":["x589","x111","x113","x114","x115"],"mem_cost":"0","name":"cudnn_batch_norm","outputs":["x593","x594","x595","x596"],"rid":"0"}
{"INSTRUCTION":"INSTRUCTION","compute_cost":"242","device":0,"inputs":["x593"],"mem_cost":"0","name":"relu","outputs":["x597"],"rid":"0"}
{"INSTRUCTION":"INSTRUCTION","compute_cost":"5303","device":0,"inputs":["x597","x118"],"mem_cost":"0","name":"cudnn_convolution","outputs":["x598"],"rid":"0"}
{"INSTRUCTION":"INSTRUCTION","compute_cost":"12","device":0,"inputs":["x600","x599"],"mem_cost":"0","name":"add_","outputs":["x600"],"rid":"0"}
{"INSTRUCTION":"INSTRUCTION","compute_cost":"55","device":0,"inputs":["x598","x120","x122","x123","x124"],"mem_cost":"0","name":"cudnn_batch_norm","outputs":["x602","x603","x604","x605"],"rid":"0"}
{"INSTRUCTION":"INSTRUCTION","compute_cost":"15","device":0,"inputs":["x602"],"mem_cost":"0","name":"relu","outputs":["x606"],"rid":"0"}
{"INSTRUCTION":"INSTRUCTION","compute_cost":"2846","device":0,"inputs":["x606","x127"],"mem_cost":"0","name":"cudnn_convolution","outputs":["x607"],"rid":"0"}
{"INSTRUCTION":"INSTRUCTION","compute_cost":"15","device":0,"inputs":["x609","x608"],"mem_cost":"0","name":"add_","outputs":["x609"],"rid":"0"}
{"INSTRUCTION":"INSTRUCTION","compute_cost":"328","device":0,"inputs":["x607","x129","x131","x132","x133"],"mem_cost":"0","name":"cudnn_batch_norm","outputs":["x611","x612","x613","x614"],"rid":"0"}
{"INSTRUCTION":"INSTRUCTION","compute_cost":"3286","device":0,"inputs":["x588","x100"],"mem_cost":"0","name":"cudnn_convolution","outputs":["x615"],"rid":"0"}
{"INSTRUCTION":"INSTRUCTION","compute_cost":"13","device":0,"inputs":["x617","x616"],"mem_cost":"0","name":"add_","outputs":["x617"],"rid":"0"}
{"INSTRUCTION":"INSTRUCTION","compute_cost":"42","device":0,"inputs":["x615","x102","x104","x105","x106"],"mem_cost":"0","name":"cudnn_batch_norm","outputs":["x619","x620","x621","x622"],"rid":"0"}
{"INSTRUCTION":"INSTRUCTION","compute_cost":"11","device":0,"inputs":["x623","x619"],"mem_cost":"0","name":"add_","outputs":["x623"],"rid":"0"}
{"INSTRUCTION":"INSTRUCTION","compute_cost":"15","device":0,"inputs":["x623"],"mem_cost":"0","name":"relu","outputs":["x625"],"rid":"0"}
{"INSTRUCTION":"INSTRUCTION","compute_cost":"2338","device":0,"inputs":["x625","x136"],"mem_cost":"0","name":"cudnn_convolution","outputs":["x626"],"rid":"0"}
{"INSTRUCTION":"INSTRUCTION","compute_cost":"14","device":0,"inputs":["x628","x627"],"mem_cost":"0","name":"add_","outputs":["x628"],"rid":"0"}
{"INSTRUCTION":"INSTRUCTION","compute_cost":"39","device":0,"inputs":["x626","x138","x140","x141","x142"],"mem_cost":"0","name":"cudnn_batch_norm","outputs":["x630","x631","x632","x633"],"rid":"0"}
{"INSTRUCTION":"INSTRUCTION","compute_cost":"16","device":0,"inputs":["x630"],"mem_cost":"0","name":"relu","outputs":["x634"],"rid":"0"}
{"INSTRUCTION":"INSTRUCTION","compute_cost":"1798","device":0,"inputs":["x634","x145"],"mem_cost":"0","name":"cudnn_convolution","outputs":["x635"],"rid":"0"}
{"INSTRUCTION":"INSTRUCTION","compute_cost":"13","device":0,"inputs":["x637","x636"],"mem_cost":"0","name":"add_","outputs":["x637"],"rid":"0"}
{"INSTRUCTION":"INSTRUCTION","compute_cost":"35","device":0,"inputs":["x635","x147","x149","x150","x151"],"mem_cost":"0","name":"cudnn_batch_norm","outputs":["x639","x640","x641","x642"],"rid":"0"}
{"INSTRUCTION":"INSTRUCTION","compute_cost":"16","device":0,"inputs":["x639"],"mem_cost":"0","name":"relu","outputs":["x643"],"rid":"0"}
{"INSTRUCTION":"INSTRUCTION","compute_cost":"33","device":0,"inputs":["x643","x154"],"mem_cost":"0","name":"cudnn_convolution","outputs":["x644"],"rid":"0"}
{"INSTRUCTION":"INSTRUCTION","compute_cost":"12","device":0,"inputs":["x646","x645"],"mem_cost":"0","name":"add_","outputs":["x646"],"rid":"0"}
{"INSTRUCTION":"INSTRUCTION","compute_cost":"239","device":0,"inputs":["x644","x156","x158","x159","x160"],"mem_cost":"0","name":"cudnn_batch_norm","outputs":["x648","x649","x650","x651"],"rid":"0"}
{"INSTRUCTION":"INSTRUCTION","compute_cost":"13","device":0,"inputs":["x652","x625"],"mem_cost":"0","name":"add_","outputs":["x652"],"rid":"0"}
{"INSTRUCTION":"INSTRUCTION","compute_cost":"245","device":0,"inputs":["x652"],"mem_cost":"0","name":"relu","outputs":["x654"],"rid":"0"}
{"INSTRUCTION":"INSTRUCTION","compute_cost":"38","device":0,"inputs":["x654","x163"],"mem_cost":"0","name":"cudnn_convolution","outputs":["x655"],"rid":"0"}
{"INSTRUCTION":"INSTRUCTION","compute_cost":"12","device":0,"inputs":["x657","x656"],"mem_cost":"0","name":"add_","outputs":["x657"],"rid":"0"}
{"INSTRUCTION":"INSTRUCTION","compute_cost":"34","device":0,"inputs":["x655","x165","x167","x168","x169"],"mem_cost":"0","name":"cudnn_batch_norm","outputs":["x659","x660","x661","x662"],"rid":"0"}
{"INSTRUCTION":"INSTRUCTION","compute_cost":"15","device":0,"inputs":["x659"],"mem_cost":"0","name":"relu","outputs":["x663"],"rid":"0"}
{"INSTRUCTION":"INSTRUCTION","compute_cost":"40","device":0,"inputs":["x663","x172"],"mem_cost":"0","name":"cudnn_convolution","outputs":["x664"],"rid":"0"}
{"INSTRUCTION":"INSTRUCTION","compute_cost":"12","device":0,"inputs":["x666","x665"],"mem_cost":"0","name":"add_","outputs":["x666"],"rid":"0"}
{"INSTRUCTION":"INSTRUCTION","compute_cost":"31","device":0,"inputs":["x664","x174","x176","x177","x178"],"mem_cost":"0","name":"cudnn_batch_norm","outputs":["x668","x669","x670","x671"],"rid":"0"}
{"INSTRUCTION":"INSTRUCTION","compute_cost":"14","device":0,"inputs":["x668"],"mem_cost":"0","name":"relu","outputs":["x672"],"rid":"0"}
{"INSTRUCTION":"INSTRUCTION","compute_cost":"229","device":0,"inputs":["x672","x181"],"mem_cost":"0","name":"cudnn_convolution","outputs":["x673"],"rid":"0"}
{"INSTRUCTION":"INSTRUCTION","compute_cost":"12","device":0,"inputs":["x675","x674"],"mem_cost":"0","name":"add_","outputs":["x675"],"rid":"0"}
{"INSTRUCTION":"INSTRUCTION","compute_cost":"260","device":0,"inputs":["x673","x183","x185","x186","x187"],"mem_cost":"0","name":"cudnn_batch_norm","outputs":["x677","x678","x679","x680"],"rid":"0"}
{"INSTRUCTION":"INSTRUCTION","compute_cost":"12","device":0,"inputs":["x681","x654"],"mem_cost":"0","name":"add_","outputs":["x681"],"rid":"0"}
{"INSTRUCTION":"INSTRUCTION","compute_cost":"215","device":0,"inputs":["x681"],"mem_cost":"0","name":"relu","outputs":["x683"],"rid":"0"}
{"INSTRUCTION":"INSTRUCTION","compute_cost":"35","device":0,"inputs":["x683","x190"],"mem_cost":"0","name":"cudnn_convolution","outputs":["x684"],"rid":"0"}
{"INSTRUCTION":"INSTRUCTION","compute_cost":"11","device":0,"inputs":["x686","x685"],"mem_cost":"0","name":"add_","outputs":["x686"],"rid":"0"}
{"INSTRUCTION":"INSTRUCTION","compute_cost":"34","device":0,"inputs":["x684","x192","x194","x195","x196"],"mem_cost":"0","name":"cudnn_batch_norm","outputs":["x688","x689","x690","x691"],"rid":"0"}
{"INSTRUCTION":"INSTRUCTION","compute_cost":"15","device":0,"inputs":["x688"],"mem_cost":"0","name":"relu","outputs":["x692"],"rid":"0"}
{"INSTRUCTION":"INSTRUCTION","compute_cost":"39","device":0,"inputs":["x692","x199"],"mem_cost":"0","name":"cudnn_convolution","outputs":["x693"],"rid":"0"}
{"INSTRUCTION":"INSTRUCTION","compute_cost":"12","device":0,"inputs":["x695","x694"],"mem_cost":"0","name":"add_","outputs":["x695"],"rid":"0"}
{"INSTRUCTION":"INSTRUCTION","compute_cost":"32","device":0,"inputs":["x693","x201","x203","x204","x205"],"mem_cost":"0","name":"cudnn_batch_norm","outputs":["x697","x698","x699","x700"],"rid":"0"}
{"INSTRUCTION":"INSTRUCTION","compute_cost":"14","device":0,"inputs":["x697"],"mem_cost":"0","name":"relu","outputs":["x701"],"rid":"0"}
{"INSTRUCTION":"INSTRUCTION","compute_cost":"229","device":0,"inputs":["x701","x208"],"mem_cost":"0","name":"cudnn_convolution","outputs":["x702"],"rid":"0"}
{"INSTRUCTION":"INSTRUCTION","compute_cost":"12","device":0,"inputs":["x704","x703"],"mem_cost":"0","name":"add_","outputs":["x704"],"rid":"0"}
{"INSTRUCTION":"INSTRUCTION","compute_cost":"268","device":0,"inputs":["x702","x210","x212","x213","x214"],"mem_cost":"0","name":"cudnn_batch_norm","outputs":["x706","x707","x708","x709"],"rid":"0"}
{"INSTRUCTION":"INSTRUCTION","compute_cost":"12","device":0,"inputs":["x710","x683"],"mem_cost":"0","name":"add_","outputs":["x710"],"rid":"0"}
{"INSTRUCTION":"INSTRUCTION","compute_cost":"207","device":0,"inputs":["x710"],"mem_cost":"0","name":"relu","outputs":["x712"],"rid":"0"}
{"INSTRUCTION":"INSTRUCTION","compute_cost":"2290","device":0,"inputs":["x712","x226"],"mem_cost":"0","name":"cudnn_convolution","outputs":["x713"],"rid":"0"}
{"INSTRUCTION":"INSTRUCTION","compute_cost":"14","device":0,"inputs":["x715","x714"],"mem_cost":"0","name":"add_","outputs":["x715"],"rid":"0"}
{"INSTRUCTION":"INSTRUCTION","compute_cost":"36","device":0,"inputs":["x713","x228","x230","x231","x232"],"mem_cost":"0","name":"cudnn_batch_norm","outputs":["x717","x718","x719","x720"],"rid":"0"}
{"INSTRUCTION":"INSTRUCTION","compute_cost":"15","device":0,"inputs":["x717"],"mem_cost":"0","name":"relu","outputs":["x721"],"rid":"0"}
{"INSTRUCTION":"INSTRUCTION","compute_cost":"2052","device":0,"inputs":["x721","x235"],"mem_cost":"0","name":"cudnn_convolution","outputs":["x722"],"rid":"0"}
{"INSTRUCTION":"INSTRUCTION","compute_cost":"13","device":0,"inputs":["x724","x723"],"mem_cost":"0","name":"add_","outputs":["x724"],"rid":"0"}
{"INSTRUCTION":"INSTRUCTION","compute_cost":"37","device":0,"inputs":["x722","x237","x239","x240","x241"],"mem_cost":"0","name":"cudnn_batch_norm","outputs":["x726","x727","x728","x729"],"rid":"0"}
{"INSTRUCTION":"INSTRUCTION","compute_cost":"15","device":0,"inputs":["x726"],"mem_cost":"0","name":"relu","outputs":["x730"],"rid":"0"}
{"INSTRUCTION":"INSTRUCTION","compute_cost":"1841","device":0,"inputs":["x730","x244"],"mem_cost":"0","name":"cudnn_convolution","outputs":["x731"],"rid":"0"}
{"INSTRUCTION":"INSTRUCTION","compute_cost":"14","device":0,"inputs":["x733","x732"],"mem_cost":"0","name":"add_","outputs":["x733"],"rid":"0"}
{"INSTRUCTION":"INSTRUCTION","compute_cost":"37","device":0,"inputs":["x731","x246","x248","x249","x250"],"mem_cost":"0","name":"cudnn_batch_norm","outputs":["x735","x736","x737","x738"],"rid":"0"}
{"INSTRUCTION":"INSTRUCTION","compute_cost":"2731","device":0,"inputs":["x712","x217"],"mem_cost":"0","name":"cudnn_convolution","outputs":["x739"],"rid":"0"}
{"INSTRUCTION":"INSTRUCTION","compute_cost":"13","device":0,"inputs":["x741","x740"],"mem_cost":"0","name":"add_","outputs":["x741"],"rid":"0"}
{"INSTRUCTION":"INSTRUCTION","compute_cost":"38","device":0,"inputs":["x739","x219","x221","x222","x223"],"mem_cost":"0","name":"cudnn_batch_norm","outputs":["x743","x744","x745","x746"],"rid":"0"}
{"INSTRUCTION":"INSTRUCTION","compute_cost":"11","device":0,"inputs":["x747","x743"],"mem_cost":"0","name":"add_","outputs":["x747"],"rid":"0"}
{"INSTRUCTION":"INSTRUCTION","compute_cost":"15","device":0,"inputs":["x747"],"mem_cost":"0","name":"relu","outputs":["x749"],"rid":"0"}
{"INSTRUCTION":"INSTRUCTION","compute_cost":"2109","device":0,"inputs":["x749","x253"],"mem_cost":"0","name":"cudnn_convolution","outputs":["x750"],"rid":"0"}
{"INSTRUCTION":"INSTRUCTION","compute_cost":"13","device":0,"inputs":["x752","x751"],"mem_cost":"0","name":"add_","outputs":["x752"],"rid":"0"}
{"INSTRUCTION":"INSTRUCTION","compute_cost":"39","device":0,"inputs":["x750","x255","x257","x258","x259"],"mem_cost":"0","name":"cudnn_batch_norm","outputs":["x754","x755","x756","x757"],"rid":"0"}
{"INSTRUCTION":"INSTRUCTION","compute_cost":"15","device":0,"inputs":["x754"],"mem_cost":"0","name":"relu","outputs":["x758"],"rid":"0"}
{"INSTRUCTION":"INSTRUCTION","compute_cost":"1549","device":0,"inputs":["x758","x262"],"mem_cost":"0","name":"cudnn_convolution","outputs":["x759"],"rid":"0"}
{"INSTRUCTION":"INSTRUCTION","compute_cost":"12","device":0,"inputs":["x761","x760"],"mem_cost":"0","name":"add_","outputs":["x761"],"rid":"0"}
{"INSTRUCTION":"INSTRUCTION","compute_cost":"32","device":0,"inputs":["x759","x264","x266","x267","x268"],"mem_cost":"0","name":"cudnn_batch_norm","outputs":["x763","x764","x765","x766"],"rid":"0"}
{"INSTRUCTION":"INSTRUCTION","compute_cost":"14","device":0,"inputs":["x763"],"mem_cost":"0","name":"relu","outputs":["x767"],"rid":"0"}
{"INSTRUCTION":"INSTRUCTION","compute_cost":"39","device":0,"inputs":["x767","x271"],"mem_cost":"0","name":"cudnn_convolution","outputs":["x768"],"rid":"0"}
{"INSTRUCTION":"INSTRUCTION","compute_cost":"12","device":0,"inputs":["x770","x769"],"mem_cost":"0","name":"add_","outputs":["x770"],"rid":"0"}
{"INSTRUCTION":"INSTRUCTION","compute_cost":"219","device":0,"inputs":["x768","x273","x275","x276","x277"],"mem_cost":"0","name":"cudnn_batch_norm","outputs":["x772","x773","x774","x775"],"rid":"0"}
{"INSTRUCTION":"INSTRUCTION","compute_cost":"11","device":0,"inputs":["x776","x749"],"mem_cost":"0","name":"add_","outputs":["x776"],"rid":"0"}
{"INSTRUCTION":"INSTRUCTION","compute_cost":"255","device":0,"inputs":["x776"],"mem_cost":"0","name":"relu","outputs":["x778"],"rid":"0"}
{"INSTRUCTION":"INSTRUCTION","compute_cost":"36","device":0,"inputs":["x778","x280"],"mem_cost":"0","name":"cudnn_convolution","outputs":["x779"],"rid":"0"}
{"INSTRUCTION":"INSTRUCTION","compute_cost":"12","device":0,"inputs":["x781","x780"],"mem_cost":"0","name":"add_","outputs":["x781"],"rid":"0"}
{"INSTRUCTION":"INSTRUCTION","compute_cost":"33","device":0,"inputs":["x779","x282","x284","x285","x286"],"mem_cost":"0","name":"cudnn_batch_norm","outputs":["x783","x784","x785","x786"],"rid":"0"}
{"INSTRUCTION":"INSTRUCTION","compute_cost":"14","device":0,"inputs":["x783"],"mem_cost":"0","name":"relu","outputs":["x787"],"rid":"0"}
{"INSTRUCTION":"INSTRUCTION","compute_cost":"41","device":0,"inputs":["x787","x289"],"mem_cost":"0","name":"cudnn_convolution","outputs":["x788"],"rid":"0"}
{"INSTRUCTION":"INSTRUCTION","compute_cost":"12","device":0,"inputs":["x790","x789"],"mem_cost":"0","name":"add_","outputs":["x790"],"rid":"0"}
{"INSTRUCTION":"INSTRUCTION","compute_cost":"32","device":0,"inputs":["x788","x291","x293","x294","x295"],"mem_cost":"0","name":"cudnn_batch_norm","outputs":["x792","x793","x794","x795"],"rid":"0"}
{"INSTRUCTION":"INSTRUCTION","compute_cost":"15","device":0,"inputs":["x792"],"mem_cost":"0","name":"relu","outputs":["x796"],"rid":"0"}
{"INSTRUCTION":"INSTRUCTION","compute_cost":"233","device":0,"inputs":["x796","x298"],"mem_cost":"0","name":"cudnn_convolution","outputs":["x797"],"rid":"0"}
{"INSTRUCTION":"INSTRUCTION","compute_cost":"12","device":0,"inputs":["x799","x798"],"mem_cost":"0","name":"add_","outputs":["x799"],"rid":"0"}
{"INSTRUCTION":"INSTRUCTION","compute_cost":"223","device":0,"inputs":["x797","x300","x302","x303","x304"],"mem_cost":"0","name":"cudnn_batch_norm","outputs":["x801","x802","x803","x804"],"rid":"0"}
{"INSTRUCTION":"INSTRUCTION","compute_cost":"12","device":0,"inputs":["x805","x778"],"mem_cost":"0","name":"add_","outputs":["x805"],"rid":"0"}
{"INSTRUCTION":"INSTRUCTION","compute_cost":"208","device":0,"inputs":["x805"],"mem_cost":"0","name":"relu","outputs":["x807"],"rid":"0"}
{"INSTRUCTION":"INSTRUCTION","compute_cost":"29","device":0,"inputs":["x807","x307"],"mem_cost":"0","name":"cudnn_convolution","outputs":["x808"],"rid":"0"}
{"INSTRUCTION":"INSTRUCTION","compute_cost":"11","device":0,"inputs":["x810","x809"],"mem_cost":"0","name":"add_","outputs":["x810"],"rid":"0"}
{"INSTRUCTION":"INSTRUCTION","compute_cost":"30","device":0,"inputs":["x808","x309","x311","x312","x313"],"mem_cost":"0","name":"cudnn_batch_norm","outputs":["x812","x813","x814","x815"],"rid":"0"}
{"INSTRUCTION":"INSTRUCTION","compute_cost":"12","device":0,"inputs":["x812"],"mem_cost":"0","name":"relu","outputs":["x816"],"rid":"0"}
{"INSTRUCTION":"INSTRUCTION","compute_cost":"34","device":0,"inputs":["x816","x316"],"mem_cost":"0","name":"cudnn_convolution","outputs":["x817"],"rid":"0"}
{"INSTRUCTION":"INSTRUCTION","compute_cost":"10","device":0,"inputs":["x819","x818"],"mem_cost":"0","name":"add_","outputs":["x819"],"rid":"0"}
{"INSTRUCTION":"INSTRUCTION","compute_cost":"29","device":0,"inputs":["x817","x318","x320","x321","x322"],"mem_cost":"0","name":"cudnn_batch_norm","outputs":["x821","x822","x823","x824"],"rid":"0"}
{"INSTRUCTION":"INSTRUCTION","compute_cost":"13","device":0,"inputs":["x821"],"mem_cost":"0","name":"relu","outputs":["x825"],"rid":"0"}
{"INSTRUCTION":"INSTRUCTION","compute_cost":"244","device":0,"inputs":["x825","x325"],"mem_cost":"0","name":"cudnn_convolution","outputs":["x826"],"rid":"0"}
{"INSTRUCTION":"INSTRUCTION","compute_cost":"11","device":0,"inputs":["x828","x827"],"mem_cost":"0","name":"add_","outputs":["x828"],"rid":"0"}
{"INSTRUCTION":"INSTRUCTION","compute_cost":"205","device":0,"inputs":["x826","x327","x329","x330","x331"],"mem_cost":"0","name":"cudnn_batch_norm","outputs":["x830","x831","x832","x833"],"rid":"0"}
{"INSTRUCTION":"INSTRUCTION","compute_cost":"10","device":0,"inputs":["x834","x807"],"mem_cost":"0","name":"add_","outputs":["x834"],"rid":"0"}
{"INSTRUCTION":"INSTRUCTION","compute_cost":"183","device":0,"inputs":["x834"],"mem_cost":"0","name":"relu","outputs":["x836"],"rid":"0"}
{"INSTRUCTION":"INSTRUCTION","compute_cost":"28","device":0,"inputs":["x836","x334"],"mem_cost":"0","name":"cudnn_convolution","outputs":["x837"],"rid":"0"}
{"INSTRUCTION":"INSTRUCTION","compute_cost":"11","device":0,"inputs":["x839","x838"],"mem_cost":"0","name":"add_","outputs":["x839"],"rid":"0"}
{"INSTRUCTION":"INSTRUCTION","compute_cost":"29","device":0,"inputs":["x837","x336","x338","x339","x340"],"mem_cost":"0","name":"cudnn_batch_norm","outputs":["x841","x842","x843","x844"],"rid":"0"}
{"INSTRUCTION":"INSTRUCTION","compute_cost":"12","device":0,"inputs":["x841"],"mem_cost":"0","name":"relu","outputs":["x845"],"rid":"0"}
{"INSTRUCTION":"INSTRUCTION","compute_cost":"35","device":0,"inputs":["x845","x343"],"mem_cost":"0","name":"cudnn_convolution","outputs":["x846"],"rid":"0"}
{"INSTRUCTION":"INSTRUCTION","compute_cost":"64","device":0,"inputs":["x848","x847"],"mem_cost":"0","name":"add_","outputs":["x848"],"rid":"0"}
{"INSTRUCTION":"INSTRUCTION","compute_cost":"28","device":0,"inputs":["x846","x345","x347","x348","x349"],"mem_cost":"0","name":"cudnn_batch_norm","outputs":["x850","x851","x852","x853"],"rid":"0"}
{"INSTRUCTION":"INSTRUCTION","compute_cost":"13","device":0,"inputs":["x850"],"mem_cost":"0","name":"relu","outputs":["x854"],"rid":"0"}
{"INSTRUCTION":"INSTRUCTION","compute_cost":"222","device":0,"inputs":["x854","x352"],"mem_cost":"0","name":"cudnn_convolution","outputs":["x855"],"rid":"0"}
{"INSTRUCTION":"INSTRUCTION","compute_cost":"12","device":0,"inputs":["x857","x856"],"mem_cost":"0","name":"add_","outputs":["x857"],"rid":"0"}
{"INSTRUCTION":"INSTRUCTION","compute_cost":"258","device":0,"inputs":["x855","x354","x356","x357","x358"],"mem_cost":"0","name":"cudnn_batch_norm","outputs":["x859","x860","x861","x862"],"rid":"0"}
{"INSTRUCTION":"INSTRUCTION","compute_cost":"12","device":0,"inputs":["x863","x836"],"mem_cost":"0","name":"add_","outputs":["x863"],"rid":"0"}
{"INSTRUCTION":"INSTRUCTION","compute_cost":"199","device":0,"inputs":["x863"],"mem_cost":"0","name":"relu","outputs":["x865"],"rid":"0"}
{"INSTRUCTION":"INSTRUCTION","compute_cost":"32","device":0,"inputs":["x865","x361"],"mem_cost":"0","name":"cudnn_convolution","outputs":["x866"],"rid":"0"}
{"INSTRUCTION":"INSTRUCTION","compute_cost":"12","device":0,"inputs":["x868","x867"],"mem_cost":"0","name":"add_","outputs":["x868"],"rid":"0"}
{"INSTRUCTION":"INSTRUCTION","compute_cost":"33","device":0,"inputs":["x866","x363","x365","x366","x367"],"mem_cost":"0","name":"cudnn_batch_norm","outputs":["x870","x871","x872","x873"],"rid":"0"}
{"INSTRUCTION":"INSTRUCTION","compute_cost":"14","device":0,"inputs":["x870"],"mem_cost":"0","name":"relu","outputs":["x874"],"rid":"0"}
{"INSTRUCTION":"INSTRUCTION","compute_cost":"39","device":0,"inputs":["x874","x370"],"mem_cost":"0","name":"cudnn_convolution","outputs":["x875"],"rid":"0"}
{"INSTRUCTION":"INSTRUCTION","compute_cost":"12","device":0,"inputs":["x877","x876"],"mem_cost":"0","name":"add_","outputs":["x877"],"rid":"0"}
{"INSTRUCTION":"INSTRUCTION","compute_cost":"31","device":0,"inputs":["x875","x372","x374","x375","x376"],"mem_cost":"0","name":"cudnn_batch_norm","outputs":["x879","x880","x881","x882"],"rid":"0"}
{"INSTRUCTION":"INSTRUCTION","compute_cost":"14","device":0,"inputs":["x879"],"mem_cost":"0","name":"relu","outputs":["x883"],"rid":"0"}
{"INSTRUCTION":"INSTRUCTION","compute_cost":"229","device":0,"inputs":["x883","x379"],"mem_cost":"0","name":"cudnn_convolution","outputs":["x884"],"rid":"0"}
{"INSTRUCTION":"INSTRUCTION","compute_cost":"12","device":0,"inputs":["x886","x885"],"mem_cost":"0","name":"add_","outputs":["x886"],"rid":"0"}
{"INSTRUCTION":"INSTRUCTION","compute_cost":"224","device":0,"inputs":["x884","x381","x383","x384","x385"],"mem_cost":"0","name":"cudnn_batch_norm","outputs":["x888","x889","x890","x891"],"rid":"0"}
{"INSTRUCTION":"INSTRUCTION","compute_cost":"12","device":0,"inputs":["x892","x865"],"mem_cost":"0","name":"add_","outputs":["x892"],"rid":"0"}
{"INSTRUCTION":"INSTRUCTION","compute_cost":"233","device":0,"inputs":["x892"],"mem_cost":"0","name":"relu","outputs":["x894"],"rid":"0"}
{"INSTRUCTION":"INSTRUCTION","compute_cost":"2060","device":0,"inputs":["x894","x397"],"mem_cost":"0","name":"cudnn_convolution","outputs":["x895"],"rid":"0"}
{"INSTRUCTION":"INSTRUCTION","compute_cost":"13","device":0,"inputs":["x897","x896"],"mem_cost":"0","name":"add_","outputs":["x897"],"rid":"0"}
{"INSTRUCTION":"INSTRUCTION","compute_cost":"46","device":0,"inputs":["x895","x399","x401","x402","x403"],"mem_cost":"0","name":"cudnn_batch_norm","outputs":["x899","x900","x901","x902"],"rid":"0"}
{"INSTRUCTION":"INSTRUCTION","compute_cost":"15","device":0,"inputs":["x899"],"mem_cost":"0","name":"relu","outputs":["x903"],"rid":"0"}
{"INSTRUCTION":"INSTRUCTION","compute_cost":"2072","device":0,"inputs":["x903","x406"],"mem_cost":"0","name":"cudnn_convolution","outputs":["x904"],"rid":"0"}
{"INSTRUCTION":"INSTRUCTION","compute_cost":"12","device":0,"inputs":["x906","x905"],"mem_cost":"0","name":"add_","outputs":["x906"],"rid":"0"}
{"INSTRUCTION":"INSTRUCTION","compute_cost":"55","device":0,"inputs":["x904","x408","x410","x411","x412"],"mem_cost":"0","name":"cudnn_batch_norm","outputs":["x908","x909","x910","x911"],"rid":"0"}
{"INSTRUCTION":"INSTRUCTION","compute_cost":"14","device":0,"inputs":["x908"],"mem_cost":"0","name":"relu","outputs":["x912"],"rid":"0"}
{"INSTRUCTION":"INSTRUCTION","compute_cost":"1339","device":0,"inputs":["x912","x415"],"mem_cost":"0","name":"cudnn_convolution","outputs":["x913"],"rid":"0"}
{"INSTRUCTION":"INSTRUCTION","compute_cost":"13","device":0,"inputs":["x915","x914"],"mem_cost":"0","name":"add_","outputs":["x915"],"rid":"0"}
{"INSTRUCTION":"INSTRUCTION","compute_cost":"244","device":0,"inputs":["x913","x417","x419","x420","x421"],"mem_cost":"0","name":"cudnn_batch_norm","outputs":["x917","x918","x919","x920"],"rid":"0"}
{"INSTRUCTION":"INSTRUCTION","compute_cost":"2102","device":0,"inputs":["x894","x388"],"mem_cost":"0","name":"cudnn_convolution","outputs":["x921"],"rid":"0"}
{"INSTRUCTION":"INSTRUCTION","compute_cost":"15","device":0,"inputs":["x923","x922"],"mem_cost":"0","name":"add_","outputs":["x923"],"rid":"0"}
{"INSTRUCTION":"INSTRUCTION","compute_cost":"31","device":0,"inputs":["x921","x390","x392","x393","x394"],"mem_cost":"0","name":"cudnn_batch_norm","outputs":["x925","x926","x927","x928"],"rid":"0"}
{"INSTRUCTION":"INSTRUCTION","compute_cost":"9","device":0,"inputs":["x929","x925"],"mem_cost":"0","name":"add_","outputs":["x929"],"rid":"0"}
{"INSTRUCTION":"INSTRUCTION","compute_cost":"14","device":0,"inputs":["x929"],"mem_cost":"0","name":"relu","outputs":["x931"],"rid":"0"}
{"INSTRUCTION":"INSTRUCTION","compute_cost":"6076","device":0,"inputs":["x931","x424"],"mem_cost":"0","name":"cudnn_convolution","outputs":["x932"],"rid":"0"}
{"INSTRUCTION":"INSTRUCTION","compute_cost":"14","device":0,"inputs":["x934","x933"],"mem_cost":"0","name":"add_","outputs":["x934"],"rid":"0"}
{"INSTRUCTION":"INSTRUCTION","compute_cost":"55","device":0,"inputs":["x932","x426","x428","x429","x430"],"mem_cost":"0","name":"cudnn_batch_norm","outputs":["x936","x937","x938","x939"],"rid":"0"}
{"INSTRUCTION":"INSTRUCTION","compute_cost":"16","device":0,"inputs":["x936"],"mem_cost":"0","name":"relu","outputs":["x940"],"rid":"0"}
{"INSTRUCTION":"INSTRUCTION","compute_cost":"1350","device":0,"inputs":["x940","x433"],"mem_cost":"0","name":"cudnn_convolution","outputs":["x941"],"rid":"0"}
{"INSTRUCTION":"INSTRUCTION","compute_cost":"12","device":0,"inputs":["x943","x942"],"mem_cost":"0","name":"add_","outputs":["x943"],"rid":"0"}
{"INSTRUCTION":"INSTRUCTION","compute_cost":"30","device":0,"inputs":["x941","x435","x437","x438","x439"],"mem_cost":"0","name":"cudnn_batch_norm","outputs":["x945","x946","x947","x948"],"rid":"0"}
{"INSTRUCTION":"INSTRUCTION","compute_cost":"14","device":0,"inputs":["x945"],"mem_cost":"0","name":"relu","outputs":["x949"],"rid":"0"}
{"INSTRUCTION":"INSTRUCTION","compute_cost":"36","device":0,"inputs":["x949","x442"],"mem_cost":"0","name":"cudnn_convolution","outputs":["x950"],"rid":"0"}
{"INSTRUCTION":"INSTRUCTION","compute_cost":"11","device":0,"inputs":["x952","x951"],"mem_cost":"0","name":"add_","outputs":["x952"],"rid":"0"}
{"INSTRUCTION":"INSTRUCTION","compute_cost":"31","device":0,"inputs":["x950","x444","x446","x447","x448"],"mem_cost":"0","name":"cudnn_batch_norm","outputs":["x954","x955","x956","x957"],"rid":"0"}
{"INSTRUCTION":"INSTRUCTION","compute_cost":"10","device":0,"inputs":["x958","x931"],"mem_cost":"0","name":"add_","outputs":["x958"],"rid":"0"}
{"INSTRUCTION":"INSTRUCTION","compute_cost":"203","device":0,"inputs":["x958"],"mem_cost":"0","name":"relu","outputs":["x960"],"rid":"0"}
{"INSTRUCTION":"INSTRUCTION","compute_cost":"38","device":0,"inputs":["x960","x451"],"mem_cost":"0","name":"cudnn_convolution","outputs":["x961"],"rid":"0"}
{"INSTRUCTION":"INSTRUCTION","compute_cost":"11","device":0,"inputs":["x963","x962"],"mem_cost":"0","name":"add_","outputs":["x963"],"rid":"0"}
{"INSTRUCTION":"INSTRUCTION","compute_cost":"29","device":0,"inputs":["x961","x453","x455","x456","x457"],"mem_cost":"0","name":"cudnn_batch_norm","outputs":["x965","x966","x967","x968"],"rid":"0"}
{"INSTRUCTION":"INSTRUCTION","compute_cost":"13","device":0,"inputs":["x965"],"mem_cost":"0","name":"relu","outputs":["x969"],"rid":"0"}
{"INSTRUCTION":"INSTRUCTION","compute_cost":"36","device":0,"inputs":["x969","x460"],"mem_cost":"0","name":"cudnn_convolution","outputs":["x970"],"rid":"0"}
{"INSTRUCTION":"INSTRUCTION","compute_cost":"10","device":0,"inputs":["x972","x971"],"mem_cost":"0","name":"add_","outputs":["x972"],"rid":"0"}
{"INSTRUCTION":"INSTRUCTION","compute_cost":"33","device":0,"inputs":["x970","x462","x464","x465","x466"],"mem_cost":"0","name":"cudnn_batch_norm","outputs":["x974","x975","x976","x977"],"rid":"0"}
{"INSTRUCTION":"INSTRUCTION","compute_cost":"15","device":0,"inputs":["x974"],"mem_cost":"0","name":"relu","outputs":["x978"],"rid":"0"}
{"INSTRUCTION":"INSTRUCTION","compute_cost":"219","device":0,"inputs":["x978","x469"],"mem_cost":"0","name":"cudnn_convolution","outputs":["x979"],"rid":"0"}
{"INSTRUCTION":"INSTRUCTION","compute_cost":"12","device":0,"inputs":["x981","x980"],"mem_cost":"0","name":"add_","outputs":["x981"],"rid":"0"}
{"INSTRUCTION":"INSTRUCTION","compute_cost":"229","device":0,"inputs":["x979","x471","x473","x474","x475"],"mem_cost":"0","name":"cudnn_batch_norm","outputs":["x983","x984","x985","x986"],"rid":"0"}
{"INSTRUCTION":"INSTRUCTION","compute_cost":"22","device":0,"inputs":["x987","x960"],"mem_cost":"0","name":"add_","outputs":["x987"],"rid":"0"}
{"INSTRUCTION":"INSTRUCTION","compute_cost":"202","device":0,"inputs":["x987"],"mem_cost":"0","name":"relu","outputs":["x989"],"rid":"0"}
{"INSTRUCTION":"INSTRUCTION","compute_cost":"5556","device":0,"inputs":["x989"],"mem_cost":"0","name":"aten::mean.dim","outputs":["x990"],"rid":"0"}
{"INSTRUCTION":"INSTRUCTION","compute_cost":"2","device":0,"inputs":["x990"],"mem_cost":"0","name":"view","outputs":["x991"],"rid":"0"}
{"INSTRUCTION":"INSTRUCTION","compute_cost":"48","device":0,"inputs":["x478"],"mem_cost":"0","name":"aten::t","outputs":["x992"],"rid":"0"}
{"INSTRUCTION":"INSTRUCTION","compute_cost":"673","device":0,"inputs":["x480","x991","x992"],"mem_cost":"0","name":"addmm","outputs":["x993"],"rid":"0"}
{"INSTRUCTION":"INSTRUCTION","compute_cost":"4455","device":0,"inputs":["x993","x994"],"mem_cost":"0","name":"aten::_log_softmax_outf","outputs":["x995"],"rid":"0"}
{"INSTRUCTION":"INSTRUCTION","compute_cost":"6851","device":0,"inputs":["x996","x482","x997","x998","x999"],"mem_cost":"0","name":"aten::nll_loss_forward_out","outputs":["x1000","x1001"],"rid":"0"}