{"INSTRUCTION":"INSTRUCTION","cumulative_remat_counts":"1","name":"aten::add.Tensor","rid":"-4661336787295776820"}
{"INSTRUCTION":"INSTRUCTION","cumulative_remat_counts":"1","name":"aten::add.Tensor","rid":"-4661336787295776820"}
{"INSTRUCTION":"INSTRUCTION","cumulative_remat_counts":"1","name":"aten::add.Tensor","rid":"-4661336787295776820"}
{"INSTRUCTION":"INSTRUCTION","cumulative_remat_counts":"4","name":"view","rid":"6612102818002002995"}
{"INSTRUCTION":"INSTRUCTION","cumulative_remat_counts":"4","name":"aten::mul.Tensor","rid":"-7969387647929203374"}
{"INSTRUCTION":"INSTRUCTION","cumulative_remat_counts":"1","name":"aten::add.Tensor","rid":"-4661336787295776820"}
{"INSTRUCTION":"INSTRUCTION","cumulative_remat_counts":"1","name":"aten::add.Tensor","rid":"-4661336787295776820"}
{"INSTRUCTION":"INSTRUCTION","cumulative_remat_counts":"6","name":"aten::mul.Tensor","rid":"-7969387647929203374"}
{"INSTRUCTION":"INSTRUCTION","cumulative_remat_counts":"6","name":"aten::sigmoid","rid":"-3833148800037726390"}
{"INSTRUCTION":"INSTRUCTION","cumulative_remat_counts":"1218","name":"aten::transpose.int","rid":"-3332972660526096059"}
{"INSTRUCTION":"INSTRUCTION","cumulative_remat_counts":"27","name":"aten::transpose.int","rid":"-3332972660525771483"}
{"INSTRUCTION":"INSTRUCTION","cumulative_remat_counts":"5","name":"aten::mm","rid":"8511238032285037903"}
{"INSTRUCTION":"INSTRUCTION","cumulative_remat_counts":"5","name":"aten::mm","rid":"8511238032285037903"}
{"INSTRUCTION":"INSTRUCTION","cumulative_remat_counts":"6","name":"aten::sigmoid","rid":"-3833148800037726390"}
{"INSTRUCTION":"INSTRUCTION","cumulative_remat_counts":"467","name":"aten::mm","rid":"8511238032285037903"}
{"INSTRUCTION":"INSTRUCTION","cumulative_remat_counts":"5","name":"aten::mm","rid":"8511238032285037903"}
{"INSTRUCTION":"INSTRUCTION","cumulative_remat_counts":"6","name":"aten::sigmoid","rid":"-3833148800037726390"}
{"INSTRUCTION":"INSTRUCTION","cumulative_remat_counts":"5","name":"aten::mm","rid":"8511238032285037903"}
{"INSTRUCTION":"INSTRUCTION","cumulative_remat_counts":"5","name":"aten::mm","rid":"8511238032285037903"}
{"INSTRUCTION":"INSTRUCTION","cumulative_remat_counts":"6","name":"aten::sigmoid","rid":"-3833148800037726390"}
{"INSTRUCTION":"INSTRUCTION","cumulative_remat_counts":"427","name":"aten::transpose.int","rid":"-3332972660526096059"}
{"INSTRUCTION":"INSTRUCTION","cumulative_remat_counts":"5","name":"aten::mm","rid":"8511238032285037903"}
{"INSTRUCTION":"INSTRUCTION","cumulative_remat_counts":"5","name":"aten::mm","rid":"8511238032285037903"}
{"INSTRUCTION":"INSTRUCTION","cumulative_remat_counts":"388","name":"aten::mul.Tensor","rid":"-7969387647990971886"}
{"INSTRUCTION":"INSTRUCTION","cumulative_remat_counts":"5","name":"aten::mm","rid":"8511238032285037903"}
{"INSTRUCTION":"INSTRUCTION","cumulative_remat_counts":"5","name":"aten::mm","rid":"8511238032285037903"}
{"INSTRUCTION":"INSTRUCTION","cumulative_remat_counts":"6","name":"aten::sigmoid","rid":"-3833148800037726390"}
{"INSTRUCTION":"INSTRUCTION","cumulative_remat_counts":"5","name":"aten::mm","rid":"8511238032285037903"}
{"INSTRUCTION":"INSTRUCTION","cumulative_remat_counts":"5","name":"aten::mm","rid":"8511238032285037903"}
{"INSTRUCTION":"INSTRUCTION","cumulative_remat_counts":"360","name":"aten::mul.Tensor","rid":"-7969387647990971886"}
{"INSTRUCTION":"INSTRUCTION","cumulative_remat_counts":"5","name":"aten::mm","rid":"8511238032285037903"}
{"INSTRUCTION":"INSTRUCTION","cumulative_remat_counts":"5","name":"aten::mm","rid":"8511238032285037903"}
{"INSTRUCTION":"INSTRUCTION","cumulative_remat_counts":"6","name":"aten::sigmoid","rid":"-3833148800037726390"}
{"INSTRUCTION":"INSTRUCTION","cumulative_remat_counts":"5","name":"aten::mm","rid":"8511238032285037903"}
{"INSTRUCTION":"INSTRUCTION","cumulative_remat_counts":"5","name":"aten::mm","rid":"8511238032285037903"}
{"INSTRUCTION":"INSTRUCTION","cumulative_remat_counts":"6","name":"aten::sigmoid","rid":"-3833148800037726390"}
{"INSTRUCTION":"INSTRUCTION","cumulative_remat_counts":"5","name":"aten::mm","rid":"8511238032285037903"}
{"INSTRUCTION":"INSTRUCTION","cumulative_remat_counts":"5","name":"aten::mm","rid":"8511238032285037903"}
{"INSTRUCTION":"INSTRUCTION","cumulative_remat_counts":"6","name":"aten::sigmoid","rid":"-3833148800037726390"}
{"INSTRUCTION":"INSTRUCTION","cumulative_remat_counts":"5","name":"aten::mm","rid":"8511238032285037903"}
{"INSTRUCTION":"INSTRUCTION","cumulative_remat_counts":"5","name":"aten::mm","rid":"8511238032285037903"}
{"INSTRUCTION":"INSTRUCTION","cumulative_remat_counts":"310","name":"aten::sigmoid","rid":"-3833148800037726390"}
{"INSTRUCTION":"INSTRUCTION","cumulative_remat_counts":"5","name":"aten::mm","rid":"8511238032285037903"}
{"INSTRUCTION":"INSTRUCTION","cumulative_remat_counts":"5","name":"aten::mm","rid":"8511238032285037903"}
{"INSTRUCTION":"INSTRUCTION","cumulative_remat_counts":"296","name":"aten::sigmoid","rid":"-3833148800037726390"}
{"INSTRUCTION":"INSTRUCTION","cumulative_remat_counts":"5","name":"aten::mm","rid":"8511238032285037903"}
{"INSTRUCTION":"INSTRUCTION","cumulative_remat_counts":"5","name":"aten::mm","rid":"8511238032285037903"}
{"INSTRUCTION":"INSTRUCTION","cumulative_remat_counts":"282","name":"aten::sigmoid","rid":"-3833148800037726390"}
{"INSTRUCTION":"INSTRUCTION","cumulative_remat_counts":"5","name":"aten::mm","rid":"8511238032285037903"}
{"INSTRUCTION":"INSTRUCTION","cumulative_remat_counts":"5","name":"aten::mm","rid":"8511238032285037903"}
{"INSTRUCTION":"INSTRUCTION","cumulative_remat_counts":"268","name":"aten::sigmoid","rid":"-3833148800037726390"}
{"INSTRUCTION":"INSTRUCTION","cumulative_remat_counts":"5","name":"aten::mm","rid":"8511238032285037903"}
{"INSTRUCTION":"INSTRUCTION","cumulative_remat_counts":"5","name":"aten::mm","rid":"8511238032285037903"}
{"INSTRUCTION":"INSTRUCTION","cumulative_remat_counts":"254","name":"aten::sigmoid","rid":"-3833148800037726390"}
{"INSTRUCTION":"INSTRUCTION","cumulative_remat_counts":"5","name":"aten::mm","rid":"8511238032285037903"}
{"INSTRUCTION":"INSTRUCTION","cumulative_remat_counts":"5","name":"aten::mm","rid":"8511238032285037903"}
{"INSTRUCTION":"INSTRUCTION","cumulative_remat_counts":"240","name":"aten::sigmoid","rid":"-3833148800037726390"}
{"INSTRUCTION":"INSTRUCTION","cumulative_remat_counts":"5","name":"aten::mm","rid":"8511238032285037903"}
{"INSTRUCTION":"INSTRUCTION","cumulative_remat_counts":"5","name":"aten::mm","rid":"8511238032285037903"}
{"INSTRUCTION":"INSTRUCTION","cumulative_remat_counts":"226","name":"aten::sigmoid","rid":"-3833148800037726390"}
{"INSTRUCTION":"INSTRUCTION","cumulative_remat_counts":"5","name":"aten::mm","rid":"8511238032285037903"}
{"INSTRUCTION":"INSTRUCTION","cumulative_remat_counts":"5","name":"aten::mm","rid":"8511238032285037903"}
{"INSTRUCTION":"INSTRUCTION","cumulative_remat_counts":"212","name":"aten::sigmoid","rid":"-3833148800037726390"}
{"INSTRUCTION":"INSTRUCTION","cumulative_remat_counts":"5","name":"aten::mm","rid":"8511238032285037903"}
{"INSTRUCTION":"INSTRUCTION","cumulative_remat_counts":"5","name":"aten::mm","rid":"8511238032285037903"}
{"INSTRUCTION":"INSTRUCTION","cumulative_remat_counts":"198","name":"aten::sigmoid","rid":"-3833148800037726390"}
{"INSTRUCTION":"INSTRUCTION","cumulative_remat_counts":"5","name":"aten::mm","rid":"8511238032285037903"}
{"INSTRUCTION":"INSTRUCTION","cumulative_remat_counts":"5","name":"aten::mm","rid":"8511238032285037903"}
{"INSTRUCTION":"INSTRUCTION","cumulative_remat_counts":"184","name":"aten::sigmoid","rid":"-3833148800037726390"}
{"INSTRUCTION":"INSTRUCTION","cumulative_remat_counts":"5","name":"aten::mm","rid":"8511238032285037903"}
{"INSTRUCTION":"INSTRUCTION","cumulative_remat_counts":"5","name":"aten::mm","rid":"8511238032285037903"}
{"INSTRUCTION":"INSTRUCTION","cumulative_remat_counts":"170","name":"aten::sigmoid","rid":"-3833148800037726390"}
{"INSTRUCTION":"INSTRUCTION","cumulative_remat_counts":"5","name":"aten::mm","rid":"8511238032285037903"}
{"INSTRUCTION":"INSTRUCTION","cumulative_remat_counts":"5","name":"aten::mm","rid":"8511238032285037903"}
{"INSTRUCTION":"INSTRUCTION","cumulative_remat_counts":"156","name":"aten::sigmoid","rid":"-3833148800037726390"}
{"INSTRUCTION":"INSTRUCTION","cumulative_remat_counts":"5","name":"aten::mm","rid":"8511238032285037903"}
{"INSTRUCTION":"INSTRUCTION","cumulative_remat_counts":"5","name":"aten::mm","rid":"8511238032285037903"}
{"INSTRUCTION":"INSTRUCTION","cumulative_remat_counts":"142","name":"aten::sigmoid","rid":"-3833148800037726390"}
{"INSTRUCTION":"INSTRUCTION","cumulative_remat_counts":"132","name":"aten::mm","rid":"8511238032285037903"}
{"INSTRUCTION":"INSTRUCTION","cumulative_remat_counts":"5","name":"aten::mm","rid":"8511238032285037903"}
{"INSTRUCTION":"INSTRUCTION","cumulative_remat_counts":"128","name":"aten::sigmoid","rid":"-3833148800037726390"}
{"INSTRUCTION":"INSTRUCTION","cumulative_remat_counts":"5","name":"aten::mm","rid":"8511238032285037903"}
{"INSTRUCTION":"INSTRUCTION","cumulative_remat_counts":"5","name":"aten::mm","rid":"8511238032285037903"}
{"INSTRUCTION":"INSTRUCTION","cumulative_remat_counts":"114","name":"aten::sigmoid","rid":"-3833148800037726390"}
{"INSTRUCTION":"INSTRUCTION","cumulative_remat_counts":"5","name":"aten::mm","rid":"8511238032285037903"}
{"INSTRUCTION":"INSTRUCTION","cumulative_remat_counts":"5","name":"aten::mm","rid":"8511238032285037903"}
{"INSTRUCTION":"INSTRUCTION","cumulative_remat_counts":"100","name":"aten::sigmoid","rid":"-3833148800037726390"}
{"INSTRUCTION":"INSTRUCTION","cumulative_remat_counts":"5","name":"aten::mm","rid":"8511238032285037903"}
{"INSTRUCTION":"INSTRUCTION","cumulative_remat_counts":"5","name":"aten::mm","rid":"8511238032285037903"}
{"INSTRUCTION":"INSTRUCTION","cumulative_remat_counts":"86","name":"aten::sigmoid","rid":"-3833148800037726390"}
{"INSTRUCTION":"INSTRUCTION","cumulative_remat_counts":"76","name":"aten::mm","rid":"8511238032285037903"}
{"INSTRUCTION":"INSTRUCTION","cumulative_remat_counts":"5","name":"aten::mm","rid":"8511238032285037903"}
{"INSTRUCTION":"INSTRUCTION","cumulative_remat_counts":"72","name":"aten::sigmoid","rid":"-3833148800037726390"}
{"INSTRUCTION":"INSTRUCTION","cumulative_remat_counts":"5","name":"aten::mm","rid":"8511238032285037903"}
{"INSTRUCTION":"INSTRUCTION","cumulative_remat_counts":"5","name":"aten::mm","rid":"8511238032285037903"}
{"INSTRUCTION":"INSTRUCTION","cumulative_remat_counts":"58","name":"aten::sigmoid","rid":"-3833148800037726390"}
{"INSTRUCTION":"INSTRUCTION","cumulative_remat_counts":"48","name":"aten::mm","rid":"8511238032285037903"}
{"INSTRUCTION":"INSTRUCTION","cumulative_remat_counts":"5","name":"aten::mm","rid":"8511238032285037903"}
{"INSTRUCTION":"INSTRUCTION","cumulative_remat_counts":"6","name":"aten::sigmoid","rid":"-3833148800037726390"}
{"INSTRUCTION":"INSTRUCTION","cumulative_remat_counts":"5","name":"aten::mm","rid":"8511238032285037903"}
{"INSTRUCTION":"INSTRUCTION","cumulative_remat_counts":"5","name":"aten::mm","rid":"8511238032285037903"}
{"INSTRUCTION":"INSTRUCTION","cumulative_remat_counts":"6","name":"aten::sigmoid","rid":"-3833148800037726390"}
{"INSTRUCTION":"INSTRUCTION","cumulative_remat_counts":"5","name":"aten::mm","rid":"8511238032285037903"}
{"INSTRUCTION":"INSTRUCTION","cumulative_remat_counts":"5","name":"aten::mm","rid":"8511238032285037903"}
{"INSTRUCTION":"INSTRUCTION","cumulative_remat_counts":"16","name":"aten::sigmoid","rid":"-3833148800037726390"}
{"INSTRUCTION":"INSTRUCTION","cumulative_remat_counts":"9","name":"aten::mm","rid":"8511238032285037903"}
{"INSTRUCTION":"INSTRUCTION","cumulative_remat_counts":"9","name":"aten::mm","rid":"8511238032285037903"}
{"INSTRUCTION":"INSTRUCTION","cumulative_remat_counts":"1","name":"aten::add.Tensor","rid":"-4661336787295776820"}
{"INSTRUCTION":"INSTRUCTION","cumulative_remat_counts":"1","name":"aten::add.Tensor","rid":"-4661336787295776820"}
{"INSTRUCTION":"INSTRUCTION","cumulative_remat_counts":"3","name":"view","rid":"6612102818002002995"}
{"INSTRUCTION":"INSTRUCTION","cumulative_remat_counts":"1","name":"aten::add.Tensor","rid":"-4661336787295776820"}
{"INSTRUCTION":"INSTRUCTION","cumulative_remat_counts":"1","name":"aten::add.Tensor","rid":"-4661336787295776820"}
{"INSTRUCTION":"INSTRUCTION","cumulative_remat_counts":"1258","name":"aten::mul.Tensor","rid":"-7969387647990971886"}
{"INSTRUCTION":"INSTRUCTION","cumulative_remat_counts":"114","name":"aten::sigmoid","rid":"-3833148800037726390"}
{"INSTRUCTION":"INSTRUCTION","cumulative_remat_counts":"5","name":"aten::mm","rid":"8511238032285037903"}
{"INSTRUCTION":"INSTRUCTION","cumulative_remat_counts":"6","name":"aten::sigmoid","rid":"-3833148800037726390"}
{"INSTRUCTION":"INSTRUCTION","cumulative_remat_counts":"90","name":"aten::mm","rid":"8511238032285037903"}
{"INSTRUCTION":"INSTRUCTION","cumulative_remat_counts":"5","name":"aten::mm","rid":"8511238032285037903"}
{"INSTRUCTION":"INSTRUCTION","cumulative_remat_counts":"6","name":"aten::sigmoid","rid":"-3833148800037726390"}
{"INSTRUCTION":"INSTRUCTION","cumulative_remat_counts":"5","name":"aten::mm","rid":"8511238032285037903"}
{"INSTRUCTION":"INSTRUCTION","cumulative_remat_counts":"5","name":"aten::mm","rid":"8511238032285037903"}
{"INSTRUCTION":"INSTRUCTION","cumulative_remat_counts":"6","name":"aten::sigmoid","rid":"-3833148800037726390"}
{"INSTRUCTION":"INSTRUCTION","cumulative_remat_counts":"5","name":"aten::mm","rid":"8511238032285037903"}
{"INSTRUCTION":"INSTRUCTION","cumulative_remat_counts":"5","name":"aten::mm","rid":"8511238032285037903"}
{"INSTRUCTION":"INSTRUCTION","cumulative_remat_counts":"6","name":"aten::sigmoid","rid":"-3833148800037726390"}
{"INSTRUCTION":"INSTRUCTION","cumulative_remat_counts":"5","name":"aten::mm","rid":"8511238032285037903"}
{"INSTRUCTION":"INSTRUCTION","cumulative_remat_counts":"5","name":"aten::mm","rid":"8511238032285037903"}
{"INSTRUCTION":"INSTRUCTION","cumulative_remat_counts":"6","name":"aten::sigmoid","rid":"-3833148800037726390"}
{"INSTRUCTION":"INSTRUCTION","cumulative_remat_counts":"5","name":"aten::mm","rid":"8511238032285037903"}
{"INSTRUCTION":"INSTRUCTION","cumulative_remat_counts":"5","name":"aten::mm","rid":"8511238032285037903"}
{"INSTRUCTION":"INSTRUCTION","cumulative_remat_counts":"6","name":"aten::sigmoid","rid":"-3833148800037726390"}
{"INSTRUCTION":"INSTRUCTION","cumulative_remat_counts":"5","name":"aten::mm","rid":"8511238032285037903"}
{"INSTRUCTION":"INSTRUCTION","cumulative_remat_counts":"5","name":"aten::mm","rid":"8511238032285037903"}
{"INSTRUCTION":"INSTRUCTION","cumulative_remat_counts":"6","name":"aten::sigmoid","rid":"-3833148800037726390"}
{"INSTRUCTION":"INSTRUCTION","cumulative_remat_counts":"5","name":"aten::mm","rid":"8511238032285037903"}
{"INSTRUCTION":"INSTRUCTION","cumulative_remat_counts":"5","name":"aten::mm","rid":"8511238032285037903"}
{"INSTRUCTION":"INSTRUCTION","cumulative_remat_counts":"7","name":"aten::mul.Tensor","rid":"-7969387647929203374"}
{"INSTRUCTION":"INSTRUCTION","cumulative_remat_counts":"6","name":"aten::mul.Tensor","rid":"-7969387647929203374"}
{"INSTRUCTION":"INSTRUCTION","cumulative_remat_counts":"5","name":"aten::mm","rid":"8511238032285037903"}
{"INSTRUCTION":"INSTRUCTION","cumulative_remat_counts":"6","name":"aten::sigmoid","rid":"-3833148800037726390"}
{"INSTRUCTION":"INSTRUCTION","cumulative_remat_counts":"5","name":"aten::mm","rid":"8511238032285037903"}
{"INSTRUCTION":"INSTRUCTION","cumulative_remat_counts":"5","name":"aten::mm","rid":"8511238032285037903"}
{"INSTRUCTION":"INSTRUCTION","cumulative_remat_counts":"142","name":"aten::sigmoid","rid":"-3833148800037726390"}
{"INSTRUCTION":"INSTRUCTION","cumulative_remat_counts":"5","name":"aten::mm","rid":"8511238032285037903"}
{"INSTRUCTION":"INSTRUCTION","cumulative_remat_counts":"6","name":"aten::sigmoid","rid":"-3833148800037726390"}
{"INSTRUCTION":"INSTRUCTION","cumulative_remat_counts":"5","name":"aten::mm","rid":"8511238032285037903"}
{"INSTRUCTION":"INSTRUCTION","cumulative_remat_counts":"5","name":"aten::mm","rid":"8511238032285037903"}
{"INSTRUCTION":"INSTRUCTION","cumulative_remat_counts":"114","name":"aten::sigmoid","rid":"-3833148800037726390"}
{"INSTRUCTION":"INSTRUCTION","cumulative_remat_counts":"5","name":"aten::mm","rid":"8511238032285037903"}
{"INSTRUCTION":"INSTRUCTION","cumulative_remat_counts":"5","name":"aten::mm","rid":"8511238032285037903"}
{"INSTRUCTION":"INSTRUCTION","cumulative_remat_counts":"6","name":"aten::sigmoid","rid":"-3833148800037726390"}
{"INSTRUCTION":"INSTRUCTION","cumulative_remat_counts":"5","name":"aten::mm","rid":"8511238032285037903"}
{"INSTRUCTION":"INSTRUCTION","cumulative_remat_counts":"5","name":"aten::mm","rid":"8511238032285037903"}
{"INSTRUCTION":"INSTRUCTION","cumulative_remat_counts":"86","name":"aten::sigmoid","rid":"-3833148800037726390"}
{"INSTRUCTION":"INSTRUCTION","cumulative_remat_counts":"5","name":"aten::mm","rid":"8511238032285037903"}
{"INSTRUCTION":"INSTRUCTION","cumulative_remat_counts":"5","name":"aten::mm","rid":"8511238032285037903"}
{"INSTRUCTION":"INSTRUCTION","cumulative_remat_counts":"6","name":"aten::sigmoid","rid":"-3833148800037726390"}
{"INSTRUCTION":"INSTRUCTION","cumulative_remat_counts":"5","name":"aten::mm","rid":"8511238032285037903"}
{"INSTRUCTION":"INSTRUCTION","cumulative_remat_counts":"5","name":"aten::mm","rid":"8511238032285037903"}
{"INSTRUCTION":"INSTRUCTION","cumulative_remat_counts":"58","name":"aten::sigmoid","rid":"-3833148800037726390"}
{"INSTRUCTION":"INSTRUCTION","cumulative_remat_counts":"5","name":"aten::mm","rid":"8511238032285037903"}
{"INSTRUCTION":"INSTRUCTION","cumulative_remat_counts":"5","name":"aten::mm","rid":"8511238032285037903"}
{"INSTRUCTION":"INSTRUCTION","cumulative_remat_counts":"44","name":"aten::sigmoid","rid":"-3833148800037726390"}
{"INSTRUCTION":"INSTRUCTION","cumulative_remat_counts":"5","name":"aten::mm","rid":"8511238032285037903"}
{"INSTRUCTION":"INSTRUCTION","cumulative_remat_counts":"5","name":"aten::mm","rid":"8511238032285037903"}
{"INSTRUCTION":"INSTRUCTION","cumulative_remat_counts":"30","name":"aten::sigmoid","rid":"-3833148800037726390"}
{"INSTRUCTION":"INSTRUCTION","cumulative_remat_counts":"5","name":"aten::mm","rid":"8511238032285037903"}
{"INSTRUCTION":"INSTRUCTION","cumulative_remat_counts":"5","name":"aten::mm","rid":"8511238032285037903"}
{"INSTRUCTION":"INSTRUCTION","cumulative_remat_counts":"16","name":"aten::sigmoid","rid":"-3833148800037726390"}
{"INSTRUCTION":"INSTRUCTION","cumulative_remat_counts":"5","name":"aten::mm","rid":"8511238032285037903"}
{"INSTRUCTION":"INSTRUCTION","cumulative_remat_counts":"5","name":"aten::mm","rid":"8511238032285037903"}
{"INSTRUCTION":"INSTRUCTION","cumulative_remat_counts":"6","name":"aten::sigmoid","rid":"-3833148800037726390"}
{"INSTRUCTION":"INSTRUCTION","cumulative_remat_counts":"5","name":"aten::mm","rid":"8511238032285037903"}
{"INSTRUCTION":"INSTRUCTION","cumulative_remat_counts":"5","name":"aten::mm","rid":"8511238032285037903"}
{"INSTRUCTION":"INSTRUCTION","cumulative_remat_counts":"156","name":"aten::sigmoid","rid":"-3833148800037726390"}
{"INSTRUCTION":"INSTRUCTION","cumulative_remat_counts":"146","name":"aten::mm","rid":"8511238032285037903"}
{"INSTRUCTION":"INSTRUCTION","cumulative_remat_counts":"5","name":"aten::mm","rid":"8511238032285037903"}
{"INSTRUCTION":"INSTRUCTION","cumulative_remat_counts":"142","name":"aten::sigmoid","rid":"-3833148800037726390"}
{"INSTRUCTION":"INSTRUCTION","cumulative_remat_counts":"132","name":"aten::mm","rid":"8511238032285037903"}
{"INSTRUCTION":"INSTRUCTION","cumulative_remat_counts":"5","name":"aten::mm","rid":"8511238032285037903"}
{"INSTRUCTION":"INSTRUCTION","cumulative_remat_counts":"6","name":"aten::sigmoid","rid":"-3833148800037726390"}
{"INSTRUCTION":"INSTRUCTION","cumulative_remat_counts":"118","name":"aten::mm","rid":"8511238032285037903"}
{"INSTRUCTION":"INSTRUCTION","cumulative_remat_counts":"5","name":"aten::mm","rid":"8511238032285037903"}
{"INSTRUCTION":"INSTRUCTION","cumulative_remat_counts":"114","name":"aten::sigmoid","rid":"-3833148800037726390"}
{"INSTRUCTION":"INSTRUCTION","cumulative_remat_counts":"5","name":"aten::mm","rid":"8511238032285037903"}
{"INSTRUCTION":"INSTRUCTION","cumulative_remat_counts":"5","name":"aten::mm","rid":"8511238032285037903"}
{"INSTRUCTION":"INSTRUCTION","cumulative_remat_counts":"100","name":"aten::sigmoid","rid":"-3833148800037726390"}
{"INSTRUCTION":"INSTRUCTION","cumulative_remat_counts":"5","name":"aten::mm","rid":"8511238032285037903"}
{"INSTRUCTION":"INSTRUCTION","cumulative_remat_counts":"5","name":"aten::mm","rid":"8511238032285037903"}
{"INSTRUCTION":"INSTRUCTION","cumulative_remat_counts":"86","name":"aten::sigmoid","rid":"-3833148800037726390"}
{"INSTRUCTION":"INSTRUCTION","cumulative_remat_counts":"76","name":"aten::mm","rid":"8511238032285037903"}
{"INSTRUCTION":"INSTRUCTION","cumulative_remat_counts":"5","name":"aten::mm","rid":"8511238032285037903"}
{"INSTRUCTION":"INSTRUCTION","cumulative_remat_counts":"6","name":"aten::sigmoid","rid":"-3833148800037726390"}
{"INSTRUCTION":"INSTRUCTION","cumulative_remat_counts":"62","name":"aten::mm","rid":"8511238032285037903"}
{"INSTRUCTION":"INSTRUCTION","cumulative_remat_counts":"5","name":"aten::mm","rid":"8511238032285037903"}
{"INSTRUCTION":"INSTRUCTION","cumulative_remat_counts":"58","name":"aten::sigmoid","rid":"-3833148800037726390"}
{"INSTRUCTION":"INSTRUCTION","cumulative_remat_counts":"48","name":"aten::mm","rid":"8511238032285037903"}
{"INSTRUCTION":"INSTRUCTION","cumulative_remat_counts":"5","name":"aten::mm","rid":"8511238032285037903"}
{"INSTRUCTION":"INSTRUCTION","cumulative_remat_counts":"6","name":"aten::sigmoid","rid":"-3833148800037726390"}
{"INSTRUCTION":"INSTRUCTION","cumulative_remat_counts":"34","name":"aten::mm","rid":"8511238032285037903"}
{"INSTRUCTION":"INSTRUCTION","cumulative_remat_counts":"5","name":"aten::mm","rid":"8511238032285037903"}
{"INSTRUCTION":"INSTRUCTION","cumulative_remat_counts":"6","name":"aten::sigmoid","rid":"-3833148800037726390"}
{"INSTRUCTION":"INSTRUCTION","cumulative_remat_counts":"20","name":"aten::mm","rid":"8511238032285037903"}
{"INSTRUCTION":"INSTRUCTION","cumulative_remat_counts":"5","name":"aten::mm","rid":"8511238032285037903"}
{"INSTRUCTION":"INSTRUCTION","cumulative_remat_counts":"16","name":"aten::sigmoid","rid":"-3833148800037726390"}
{"INSTRUCTION":"INSTRUCTION","cumulative_remat_counts":"9","name":"aten::mm","rid":"8511238032285037903"}
{"INSTRUCTION":"INSTRUCTION","cumulative_remat_counts":"9","name":"aten::mm","rid":"8511238032285037903"}
{"INSTRUCTION":"INSTRUCTION","cumulative_remat_counts":"1","name":"aten::add.Tensor","rid":"-4661336787295776820"}
{"INSTRUCTION":"INSTRUCTION","cumulative_remat_counts":"1","name":"aten::add.Tensor","rid":"-4661336787295776820"}
{"INSTRUCTION":"INSTRUCTION","cumulative_remat_counts":"1","name":"aten::add.Tensor","rid":"-4661336787295776820"}
{"INSTRUCTION":"INSTRUCTION","cumulative_remat_counts":"1","name":"aten::add.Tensor","rid":"-4661336787295776820"}
{"INSTRUCTION":"INSTRUCTION","cumulative_remat_counts":"1","name":"aten::add.Tensor","rid":"-4661336787295776820"}
{"INSTRUCTION":"INSTRUCTION","cumulative_remat_counts":"1116","name":"aten::mul.Tensor","rid":"-7969387647990971886"}
{"INSTRUCTION":"INSTRUCTION","cumulative_remat_counts":"1","name":"aten::sum.dim_IntList","rid":"3763454076709542482"}
{"INSTRUCTION":"INSTRUCTION","cumulative_remat_counts":"527","name":"aten::sigmoid","rid":"-3833148800037726390"}
{"INSTRUCTION":"INSTRUCTION","cumulative_remat_counts":"5","name":"aten::mm","rid":"8511238032285037903"}
{"INSTRUCTION":"INSTRUCTION","cumulative_remat_counts":"5","name":"aten::mm","rid":"8511238032285037903"}
{"INSTRUCTION":"INSTRUCTION","cumulative_remat_counts":"6","name":"aten::sigmoid","rid":"-3833148800037726390"}
{"INSTRUCTION":"INSTRUCTION","cumulative_remat_counts":"5","name":"aten::mm","rid":"8511238032285037903"}
{"INSTRUCTION":"INSTRUCTION","cumulative_remat_counts":"5","name":"aten::mm","rid":"8511238032285037903"}
{"INSTRUCTION":"INSTRUCTION","cumulative_remat_counts":"422","name":"aten::sigmoid","rid":"-3833148800037726390"}
{"INSTRUCTION":"INSTRUCTION","cumulative_remat_counts":"5","name":"aten::mm","rid":"8511238032285037903"}
{"INSTRUCTION":"INSTRUCTION","cumulative_remat_counts":"5","name":"aten::mm","rid":"8511238032285037903"}
{"INSTRUCTION":"INSTRUCTION","cumulative_remat_counts":"402","name":"aten::mul.Tensor","rid":"-7969387647990971886"}
{"INSTRUCTION":"INSTRUCTION","cumulative_remat_counts":"398","name":"aten::mm","rid":"8511238032285037903"}
{"INSTRUCTION":"INSTRUCTION","cumulative_remat_counts":"5","name":"aten::mm","rid":"8511238032285037903"}
{"INSTRUCTION":"INSTRUCTION","cumulative_remat_counts":"394","name":"aten::sigmoid","rid":"-3833148800037726390"}
{"INSTRUCTION":"INSTRUCTION","cumulative_remat_counts":"5","name":"aten::mm","rid":"8511238032285037903"}
{"INSTRUCTION":"INSTRUCTION","cumulative_remat_counts":"5","name":"aten::mm","rid":"8511238032285037903"}
{"INSTRUCTION":"INSTRUCTION","cumulative_remat_counts":"6","name":"aten::sigmoid","rid":"-3833148800037726390"}
{"INSTRUCTION":"INSTRUCTION","cumulative_remat_counts":"370","name":"aten::mm","rid":"8511238032285037903"}
{"INSTRUCTION":"INSTRUCTION","cumulative_remat_counts":"5","name":"aten::mm","rid":"8511238032285037903"}
{"INSTRUCTION":"INSTRUCTION","cumulative_remat_counts":"366","name":"aten::sigmoid","rid":"-3833148800037726390"}
{"INSTRUCTION":"INSTRUCTION","cumulative_remat_counts":"5","name":"aten::mm","rid":"8511238032285037903"}
{"INSTRUCTION":"INSTRUCTION","cumulative_remat_counts":"5","name":"aten::mm","rid":"8511238032285037903"}
{"INSTRUCTION":"INSTRUCTION","cumulative_remat_counts":"6","name":"aten::sigmoid","rid":"-3833148800037726390"}
{"INSTRUCTION":"INSTRUCTION","cumulative_remat_counts":"342","name":"aten::mm","rid":"8511238032285037903"}
{"INSTRUCTION":"INSTRUCTION","cumulative_remat_counts":"5","name":"aten::mm","rid":"8511238032285037903"}
{"INSTRUCTION":"INSTRUCTION","cumulative_remat_counts":"6","name":"aten::sigmoid","rid":"-3833148800037726390"}
{"INSTRUCTION":"INSTRUCTION","cumulative_remat_counts":"5","name":"aten::mm","rid":"8511238032285037903"}
{"INSTRUCTION":"INSTRUCTION","cumulative_remat_counts":"6","name":"aten::sigmoid","rid":"-3833148800037726390"}
{"INSTRUCTION":"INSTRUCTION","cumulative_remat_counts":"5","name":"aten::mm","rid":"8511238032285037903"}
{"INSTRUCTION":"INSTRUCTION","cumulative_remat_counts":"5","name":"aten::mm","rid":"8511238032285037903"}
{"INSTRUCTION":"INSTRUCTION","cumulative_remat_counts":"6","name":"aten::sigmoid","rid":"-3833148800037726390"}
{"INSTRUCTION":"INSTRUCTION","cumulative_remat_counts":"5","name":"aten::mm","rid":"8511238032285037903"}
{"INSTRUCTION":"INSTRUCTION","cumulative_remat_counts":"5","name":"aten::mm","rid":"8511238032285037903"}
{"INSTRUCTION":"INSTRUCTION","cumulative_remat_counts":"6","name":"aten::sigmoid","rid":"-3833148800037726390"}
{"INSTRUCTION":"INSTRUCTION","cumulative_remat_counts":"5","name":"aten::mm","rid":"8511238032285037903"}
{"INSTRUCTION":"INSTRUCTION","cumulative_remat_counts":"5","name":"aten::mm","rid":"8511238032285037903"}
{"INSTRUCTION":"INSTRUCTION","cumulative_remat_counts":"282","name":"aten::sigmoid","rid":"-3833148800037726390"}
{"INSTRUCTION":"INSTRUCTION","cumulative_remat_counts":"272","name":"aten::mm","rid":"8511238032285037903"}
{"INSTRUCTION":"INSTRUCTION","cumulative_remat_counts":"268","name":"aten::sigmoid","rid":"-3833148800037726390"}
{"INSTRUCTION":"INSTRUCTION","cumulative_remat_counts":"5","name":"aten::mm","rid":"8511238032285037903"}
{"INSTRUCTION":"INSTRUCTION","cumulative_remat_counts":"5","name":"aten::mm","rid":"8511238032285037903"}
{"INSTRUCTION":"INSTRUCTION","cumulative_remat_counts":"254","name":"aten::sigmoid","rid":"-3833148800037726390"}
{"INSTRUCTION":"INSTRUCTION","cumulative_remat_counts":"5","name":"aten::mm","rid":"8511238032285037903"}
{"INSTRUCTION":"INSTRUCTION","cumulative_remat_counts":"5","name":"aten::mm","rid":"8511238032285037903"}
{"INSTRUCTION":"INSTRUCTION","cumulative_remat_counts":"240","name":"aten::sigmoid","rid":"-3833148800037726390"}
{"INSTRUCTION":"INSTRUCTION","cumulative_remat_counts":"5","name":"aten::mm","rid":"8511238032285037903"}
{"INSTRUCTION":"INSTRUCTION","cumulative_remat_counts":"5","name":"aten::mm","rid":"8511238032285037903"}
{"INSTRUCTION":"INSTRUCTION","cumulative_remat_counts":"226","name":"aten::sigmoid","rid":"-3833148800037726390"}
{"INSTRUCTION":"INSTRUCTION","cumulative_remat_counts":"5","name":"aten::mm","rid":"8511238032285037903"}
{"INSTRUCTION":"INSTRUCTION","cumulative_remat_counts":"5","name":"aten::mm","rid":"8511238032285037903"}
{"INSTRUCTION":"INSTRUCTION","cumulative_remat_counts":"212","name":"aten::sigmoid","rid":"-3833148800037726390"}
{"INSTRUCTION":"INSTRUCTION","cumulative_remat_counts":"5","name":"aten::mm","rid":"8511238032285037903"}
{"INSTRUCTION":"INSTRUCTION","cumulative_remat_counts":"5","name":"aten::mm","rid":"8511238032285037903"}
{"INSTRUCTION":"INSTRUCTION","cumulative_remat_counts":"198","name":"aten::sigmoid","rid":"-3833148800037726390"}
{"INSTRUCTION":"INSTRUCTION","cumulative_remat_counts":"5","name":"aten::mm","rid":"8511238032285037903"}
{"INSTRUCTION":"INSTRUCTION","cumulative_remat_counts":"5","name":"aten::mm","rid":"8511238032285037903"}
{"INSTRUCTION":"INSTRUCTION","cumulative_remat_counts":"184","name":"aten::sigmoid","rid":"-3833148800037726390"}
{"INSTRUCTION":"INSTRUCTION","cumulative_remat_counts":"5","name":"aten::mm","rid":"8511238032285037903"}
{"INSTRUCTION":"INSTRUCTION","cumulative_remat_counts":"5","name":"aten::mm","rid":"8511238032285037903"}
{"INSTRUCTION":"INSTRUCTION","cumulative_remat_counts":"170","name":"aten::sigmoid","rid":"-3833148800037726390"}
{"INSTRUCTION":"INSTRUCTION","cumulative_remat_counts":"5","name":"aten::mm","rid":"8511238032285037903"}
{"INSTRUCTION":"INSTRUCTION","cumulative_remat_counts":"5","name":"aten::mm","rid":"8511238032285037903"}
{"INSTRUCTION":"INSTRUCTION","cumulative_remat_counts":"156","name":"aten::sigmoid","rid":"-3833148800037726390"}
{"INSTRUCTION":"INSTRUCTION","cumulative_remat_counts":"5","name":"aten::mm","rid":"8511238032285037903"}
{"INSTRUCTION":"INSTRUCTION","cumulative_remat_counts":"5","name":"aten::mm","rid":"8511238032285037903"}
{"INSTRUCTION":"INSTRUCTION","cumulative_remat_counts":"142","name":"aten::sigmoid","rid":"-3833148800037726390"}
{"INSTRUCTION":"INSTRUCTION","cumulative_remat_counts":"5","name":"aten::mm","rid":"8511238032285037903"}
{"INSTRUCTION":"INSTRUCTION","cumulative_remat_counts":"5","name":"aten::mm","rid":"8511238032285037903"}
{"INSTRUCTION":"INSTRUCTION","cumulative_remat_counts":"128","name":"aten::sigmoid","rid":"-3833148800037726390"}
{"INSTRUCTION":"INSTRUCTION","cumulative_remat_counts":"5","name":"aten::mm","rid":"8511238032285037903"}
{"INSTRUCTION":"INSTRUCTION","cumulative_remat_counts":"5","name":"aten::mm","rid":"8511238032285037903"}
{"INSTRUCTION":"INSTRUCTION","cumulative_remat_counts":"114","name":"aten::sigmoid","rid":"-3833148800037726390"}
{"INSTRUCTION":"INSTRUCTION","cumulative_remat_counts":"5","name":"aten::mm","rid":"8511238032285037903"}
{"INSTRUCTION":"INSTRUCTION","cumulative_remat_counts":"5","name":"aten::mm","rid":"8511238032285037903"}
{"INSTRUCTION":"INSTRUCTION","cumulative_remat_counts":"100","name":"aten::sigmoid","rid":"-3833148800037726390"}
{"INSTRUCTION":"INSTRUCTION","cumulative_remat_counts":"5","name":"aten::mm","rid":"8511238032285037903"}
{"INSTRUCTION":"INSTRUCTION","cumulative_remat_counts":"5","name":"aten::mm","rid":"8511238032285037903"}
{"INSTRUCTION":"INSTRUCTION","cumulative_remat_counts":"86","name":"aten::sigmoid","rid":"-3833148800037726390"}
{"INSTRUCTION":"INSTRUCTION","cumulative_remat_counts":"5","name":"aten::mm","rid":"8511238032285037903"}
{"INSTRUCTION":"INSTRUCTION","cumulative_remat_counts":"5","name":"aten::mm","rid":"8511238032285037903"}
{"INSTRUCTION":"INSTRUCTION","cumulative_remat_counts":"72","name":"aten::sigmoid","rid":"-3833148800037726390"}
{"INSTRUCTION":"INSTRUCTION","cumulative_remat_counts":"62","name":"aten::mm","rid":"8511238032285037903"}
{"INSTRUCTION":"INSTRUCTION","cumulative_remat_counts":"5","name":"aten::mm","rid":"8511238032285037903"}
{"INSTRUCTION":"INSTRUCTION","cumulative_remat_counts":"58","name":"aten::sigmoid","rid":"-3833148800037726390"}
{"INSTRUCTION":"INSTRUCTION","cumulative_remat_counts":"5","name":"aten::mm","rid":"8511238032285037903"}
{"INSTRUCTION":"INSTRUCTION","cumulative_remat_counts":"5","name":"aten::mm","rid":"8511238032285037903"}
{"INSTRUCTION":"INSTRUCTION","cumulative_remat_counts":"44","name":"aten::sigmoid","rid":"-3833148800037726390"}
{"INSTRUCTION":"INSTRUCTION","cumulative_remat_counts":"5","name":"aten::mm","rid":"8511238032285037903"}
{"INSTRUCTION":"INSTRUCTION","cumulative_remat_counts":"5","name":"aten::mm","rid":"8511238032285037903"}
{"INSTRUCTION":"INSTRUCTION","cumulative_remat_counts":"30","name":"aten::sigmoid","rid":"-3833148800037726390"}
{"INSTRUCTION":"INSTRUCTION","cumulative_remat_counts":"5","name":"aten::mm","rid":"8511238032285037903"}
{"INSTRUCTION":"INSTRUCTION","cumulative_remat_counts":"5","name":"aten::mm","rid":"8511238032285037903"}
{"INSTRUCTION":"INSTRUCTION","cumulative_remat_counts":"16","name":"aten::sigmoid","rid":"-3833148800037726390"}
{"INSTRUCTION":"INSTRUCTION","cumulative_remat_counts":"9","name":"aten::mm","rid":"8511238032285037903"}
{"INSTRUCTION":"INSTRUCTION","cumulative_remat_counts":"9","name":"aten::mm","rid":"8511238032285037903"}
{"INSTRUCTION":"INSTRUCTION","cumulative_remat_counts":"1","name":"aten::add.Tensor","rid":"-4661336787295776820"}
{"INSTRUCTION":"INSTRUCTION","cumulative_remat_counts":"1","name":"aten::add.Tensor","rid":"-4661336787295776820"}
{"INSTRUCTION":"INSTRUCTION","cumulative_remat_counts":"1","name":"aten::add.Tensor","rid":"-4661336787295776820"}
{"INSTRUCTION":"INSTRUCTION","cumulative_remat_counts":"3","name":"view","rid":"6612102818002002995"}
{"INSTRUCTION":"INSTRUCTION","cumulative_remat_counts":"1","name":"aten::mul.Tensor","rid":"-7969387647929203374"}
{"INSTRUCTION":"INSTRUCTION","cumulative_remat_counts":"6","name":"aten::sigmoid","rid":"-3833148800037726390"}
{"INSTRUCTION":"INSTRUCTION","cumulative_remat_counts":"1548","name":"aten::transpose.int","rid":"-3332972660525771483"}
{"INSTRUCTION":"INSTRUCTION","cumulative_remat_counts":"36","name":"bmm","rid":"6101954398547459627"}
{"INSTRUCTION":"INSTRUCTION","cumulative_remat_counts":"81","name":"view","rid":"6612102818000525308"}
{"INSTRUCTION":"INSTRUCTION","cumulative_remat_counts":"5","name":"aten::mm","rid":"8511238032285037903"}
{"INSTRUCTION":"INSTRUCTION","cumulative_remat_counts":"5","name":"aten::mm","rid":"8511238032285037903"}
{"INSTRUCTION":"INSTRUCTION","cumulative_remat_counts":"6","name":"aten::sigmoid","rid":"-3833148800037726390"}
{"INSTRUCTION":"INSTRUCTION","cumulative_remat_counts":"9","name":"aten::transpose.int","rid":"-3332972660525771483"}
{"INSTRUCTION":"INSTRUCTION","cumulative_remat_counts":"5","name":"aten::mm","rid":"8511238032285037903"}
{"INSTRUCTION":"INSTRUCTION","cumulative_remat_counts":"6","name":"aten::sigmoid","rid":"-3833148800037726390"}
{"INSTRUCTION":"INSTRUCTION","cumulative_remat_counts":"230","name":"aten::mm","rid":"8511238032285037903"}
{"INSTRUCTION":"INSTRUCTION","cumulative_remat_counts":"5","name":"aten::mm","rid":"8511238032285037903"}
{"INSTRUCTION":"INSTRUCTION","cumulative_remat_counts":"220","name":"aten::mul.Tensor","rid":"-7969387647990971886"}
{"INSTRUCTION":"INSTRUCTION","cumulative_remat_counts":"5","name":"aten::mm","rid":"8511238032285037903"}
{"INSTRUCTION":"INSTRUCTION","cumulative_remat_counts":"5","name":"aten::mm","rid":"8511238032285037903"}
{"INSTRUCTION":"INSTRUCTION","cumulative_remat_counts":"206","name":"aten::mul.Tensor","rid":"-7969387647990971886"}
{"INSTRUCTION":"INSTRUCTION","cumulative_remat_counts":"5","name":"aten::mm","rid":"8511238032285037903"}
{"INSTRUCTION":"INSTRUCTION","cumulative_remat_counts":"5","name":"aten::mm","rid":"8511238032285037903"}
{"INSTRUCTION":"INSTRUCTION","cumulative_remat_counts":"6","name":"aten::sigmoid","rid":"-3833148800037726390"}
{"INSTRUCTION":"INSTRUCTION","cumulative_remat_counts":"5","name":"aten::mm","rid":"8511238032285037903"}
{"INSTRUCTION":"INSTRUCTION","cumulative_remat_counts":"5","name":"aten::mm","rid":"8511238032285037903"}
{"INSTRUCTION":"INSTRUCTION","cumulative_remat_counts":"184","name":"aten::sigmoid","rid":"-3833148800037726390"}
{"INSTRUCTION":"INSTRUCTION","cumulative_remat_counts":"5","name":"aten::mm","rid":"8511238032285037903"}
{"INSTRUCTION":"INSTRUCTION","cumulative_remat_counts":"170","name":"aten::sigmoid","rid":"-3833148800037726390"}
{"INSTRUCTION":"INSTRUCTION","cumulative_remat_counts":"5","name":"aten::mm","rid":"8511238032285037903"}
{"INSTRUCTION":"INSTRUCTION","cumulative_remat_counts":"5","name":"aten::mm","rid":"8511238032285037903"}
{"INSTRUCTION":"INSTRUCTION","cumulative_remat_counts":"6","name":"aten::sigmoid","rid":"-3833148800037726390"}
{"INSTRUCTION":"INSTRUCTION","cumulative_remat_counts":"5","name":"aten::mm","rid":"8511238032285037903"}
{"INSTRUCTION":"INSTRUCTION","cumulative_remat_counts":"5","name":"aten::mm","rid":"8511238032285037903"}
{"INSTRUCTION":"INSTRUCTION","cumulative_remat_counts":"6","name":"aten::sigmoid","rid":"-3833148800037726390"}
{"INSTRUCTION":"INSTRUCTION","cumulative_remat_counts":"132","name":"aten::mm","rid":"8511238032285037903"}
{"INSTRUCTION":"INSTRUCTION","cumulative_remat_counts":"5","name":"aten::mm","rid":"8511238032285037903"}
{"INSTRUCTION":"INSTRUCTION","cumulative_remat_counts":"6","name":"aten::sigmoid","rid":"-3833148800037726390"}
{"INSTRUCTION":"INSTRUCTION","cumulative_remat_counts":"5","name":"aten::mm","rid":"8511238032285037903"}
{"INSTRUCTION":"INSTRUCTION","cumulative_remat_counts":"5","name":"aten::mm","rid":"8511238032285037903"}
{"INSTRUCTION":"INSTRUCTION","cumulative_remat_counts":"6","name":"aten::sigmoid","rid":"-3833148800037726390"}
{"INSTRUCTION":"INSTRUCTION","cumulative_remat_counts":"5","name":"aten::mm","rid":"8511238032285037903"}
{"INSTRUCTION":"INSTRUCTION","cumulative_remat_counts":"5","name":"aten::mm","rid":"8511238032285037903"}
{"INSTRUCTION":"INSTRUCTION","cumulative_remat_counts":"100","name":"aten::sigmoid","rid":"-3833148800037726390"}
{"INSTRUCTION":"INSTRUCTION","cumulative_remat_counts":"90","name":"aten::mm","rid":"8511238032285037903"}
{"INSTRUCTION":"INSTRUCTION","cumulative_remat_counts":"5","name":"aten::mm","rid":"8511238032285037903"}
{"INSTRUCTION":"INSTRUCTION","cumulative_remat_counts":"6","name":"aten::sigmoid","rid":"-3833148800037726390"}
{"INSTRUCTION":"INSTRUCTION","cumulative_remat_counts":"5","name":"aten::mm","rid":"8511238032285037903"}
{"INSTRUCTION":"INSTRUCTION","cumulative_remat_counts":"5","name":"aten::mm","rid":"8511238032285037903"}
{"INSTRUCTION":"INSTRUCTION","cumulative_remat_counts":"6","name":"aten::sigmoid","rid":"-3833148800037726390"}
{"INSTRUCTION":"INSTRUCTION","cumulative_remat_counts":"5","name":"aten::mm","rid":"8511238032285037903"}
{"INSTRUCTION":"INSTRUCTION","cumulative_remat_counts":"5","name":"aten::mm","rid":"8511238032285037903"}
{"INSTRUCTION":"INSTRUCTION","cumulative_remat_counts":"58","name":"aten::sigmoid","rid":"-3833148800037726390"}
{"INSTRUCTION":"INSTRUCTION","cumulative_remat_counts":"5","name":"aten::mm","rid":"8511238032285037903"}
{"INSTRUCTION":"INSTRUCTION","cumulative_remat_counts":"5","name":"aten::mm","rid":"8511238032285037903"}
{"INSTRUCTION":"INSTRUCTION","cumulative_remat_counts":"44","name":"aten::sigmoid","rid":"-3833148800037726390"}
{"INSTRUCTION":"INSTRUCTION","cumulative_remat_counts":"5","name":"aten::mm","rid":"8511238032285037903"}
{"INSTRUCTION":"INSTRUCTION","cumulative_remat_counts":"5","name":"aten::mm","rid":"8511238032285037903"}
{"INSTRUCTION":"INSTRUCTION","cumulative_remat_counts":"30","name":"aten::sigmoid","rid":"-3833148800037726390"}
{"INSTRUCTION":"INSTRUCTION","cumulative_remat_counts":"5","name":"aten::mm","rid":"8511238032285037903"}
{"INSTRUCTION":"INSTRUCTION","cumulative_remat_counts":"5","name":"aten::mm","rid":"8511238032285037903"}
{"INSTRUCTION":"INSTRUCTION","cumulative_remat_counts":"16","name":"aten::sigmoid","rid":"-3833148800037726390"}
{"INSTRUCTION":"INSTRUCTION","cumulative_remat_counts":"5","name":"aten::mm","rid":"8511238032285037903"}
{"INSTRUCTION":"INSTRUCTION","cumulative_remat_counts":"5","name":"aten::mm","rid":"8511238032285037903"}
{"INSTRUCTION":"INSTRUCTION","cumulative_remat_counts":"394","name":"aten::mul.Tensor","rid":"-7969387647929203374"}
{"INSTRUCTION":"INSTRUCTION","cumulative_remat_counts":"5","name":"aten::mm","rid":"8511238032285037903"}
{"INSTRUCTION":"INSTRUCTION","cumulative_remat_counts":"5","name":"aten::mm","rid":"8511238032285037903"}
{"INSTRUCTION":"INSTRUCTION","cumulative_remat_counts":"100","name":"aten::sigmoid","rid":"-3833148800037726390"}
{"INSTRUCTION":"INSTRUCTION","cumulative_remat_counts":"5","name":"aten::mm","rid":"8511238032285037903"}
{"INSTRUCTION":"INSTRUCTION","cumulative_remat_counts":"5","name":"aten::mm","rid":"8511238032285037903"}
{"INSTRUCTION":"INSTRUCTION","cumulative_remat_counts":"86","name":"aten::sigmoid","rid":"-3833148800037726390"}
{"INSTRUCTION":"INSTRUCTION","cumulative_remat_counts":"5","name":"aten::mm","rid":"8511238032285037903"}
{"INSTRUCTION":"INSTRUCTION","cumulative_remat_counts":"5","name":"aten::mm","rid":"8511238032285037903"}
{"INSTRUCTION":"INSTRUCTION","cumulative_remat_counts":"72","name":"aten::sigmoid","rid":"-3833148800037726390"}
{"INSTRUCTION":"INSTRUCTION","cumulative_remat_counts":"5","name":"aten::mm","rid":"8511238032285037903"}
{"INSTRUCTION":"INSTRUCTION","cumulative_remat_counts":"5","name":"aten::mm","rid":"8511238032285037903"}
{"INSTRUCTION":"INSTRUCTION","cumulative_remat_counts":"58","name":"aten::sigmoid","rid":"-3833148800037726390"}
{"INSTRUCTION":"INSTRUCTION","cumulative_remat_counts":"5","name":"aten::mm","rid":"8511238032285037903"}
{"INSTRUCTION":"INSTRUCTION","cumulative_remat_counts":"5","name":"aten::mm","rid":"8511238032285037903"}
{"INSTRUCTION":"INSTRUCTION","cumulative_remat_counts":"44","name":"aten::sigmoid","rid":"-3833148800037726390"}
{"INSTRUCTION":"INSTRUCTION","cumulative_remat_counts":"5","name":"aten::mm","rid":"8511238032285037903"}
{"INSTRUCTION":"INSTRUCTION","cumulative_remat_counts":"5","name":"aten::mm","rid":"8511238032285037903"}
{"INSTRUCTION":"INSTRUCTION","cumulative_remat_counts":"30","name":"aten::sigmoid","rid":"-3833148800037726390"}
{"INSTRUCTION":"INSTRUCTION","cumulative_remat_counts":"5","name":"aten::mm","rid":"8511238032285037903"}
{"INSTRUCTION":"INSTRUCTION","cumulative_remat_counts":"5","name":"aten::mm","rid":"8511238032285037903"}
{"INSTRUCTION":"INSTRUCTION","cumulative_remat_counts":"16","name":"aten::sigmoid","rid":"-3833148800037726390"}
{"INSTRUCTION":"INSTRUCTION","cumulative_remat_counts":"5","name":"aten::mm","rid":"8511238032285037903"}
{"INSTRUCTION":"INSTRUCTION","cumulative_remat_counts":"5","name":"aten::mm","rid":"8511238032285037903"}
{"INSTRUCTION":"INSTRUCTION","cumulative_remat_counts":"6","name":"aten::sigmoid","rid":"-3833148800037726390"}
{"INSTRUCTION":"INSTRUCTION","cumulative_remat_counts":"5","name":"aten::mm","rid":"8511238032285037903"}
{"INSTRUCTION":"INSTRUCTION","cumulative_remat_counts":"5","name":"aten::mm","rid":"8511238032285037903"}
{"INSTRUCTION":"INSTRUCTION","cumulative_remat_counts":"58","name":"aten::sigmoid","rid":"-3833148800037726390"}
{"INSTRUCTION":"INSTRUCTION","cumulative_remat_counts":"5","name":"aten::mm","rid":"8511238032285037903"}
{"INSTRUCTION":"INSTRUCTION","cumulative_remat_counts":"5","name":"aten::mm","rid":"8511238032285037903"}
{"INSTRUCTION":"INSTRUCTION","cumulative_remat_counts":"6","name":"aten::sigmoid","rid":"-3833148800037726390"}
{"INSTRUCTION":"INSTRUCTION","cumulative_remat_counts":"5","name":"aten::mm","rid":"8511238032285037903"}
{"INSTRUCTION":"INSTRUCTION","cumulative_remat_counts":"5","name":"aten::mm","rid":"8511238032285037903"}
{"INSTRUCTION":"INSTRUCTION","cumulative_remat_counts":"30","name":"aten::sigmoid","rid":"-3833148800037726390"}
{"INSTRUCTION":"INSTRUCTION","cumulative_remat_counts":"20","name":"aten::mm","rid":"8511238032285037903"}
{"INSTRUCTION":"INSTRUCTION","cumulative_remat_counts":"5","name":"aten::mm","rid":"8511238032285037903"}
{"INSTRUCTION":"INSTRUCTION","cumulative_remat_counts":"6","name":"aten::sigmoid","rid":"-3833148800037726390"}
{"INSTRUCTION":"INSTRUCTION","cumulative_remat_counts":"9","name":"aten::mm","rid":"8511238032285037903"}
{"INSTRUCTION":"INSTRUCTION","cumulative_remat_counts":"9","name":"aten::mm","rid":"8511238032285037903"}
{"INSTRUCTION":"INSTRUCTION","cumulative_remat_counts":"1","name":"aten::add.Tensor","rid":"-4661336787295776820"}
{"INSTRUCTION":"INSTRUCTION","cumulative_remat_counts":"6","name":"aten::mul.Tensor","rid":"-7969387647929203374"}
{"INSTRUCTION":"INSTRUCTION","cumulative_remat_counts":"1266","name":"aten::transpose.int","rid":"-3332972660526096059"}
{"INSTRUCTION":"INSTRUCTION","cumulative_remat_counts":"36","name":"bmm","rid":"6101954398535280979"}
{"INSTRUCTION":"INSTRUCTION","cumulative_remat_counts":"5","name":"aten::mm","rid":"8511238032285037903"}
{"INSTRUCTION":"INSTRUCTION","cumulative_remat_counts":"5","name":"aten::mm","rid":"8511238032285037903"}
{"INSTRUCTION":"INSTRUCTION","cumulative_remat_counts":"6","name":"aten::sigmoid","rid":"-3833148800037726390"}
{"INSTRUCTION":"INSTRUCTION","cumulative_remat_counts":"8","name":"aten::transpose.int","rid":"-3332972660526096059"}
{"INSTRUCTION":"INSTRUCTION","cumulative_remat_counts":"9","name":"aten::transpose.int","rid":"-3332972660525771483"}
{"INSTRUCTION":"INSTRUCTION","cumulative_remat_counts":"5","name":"aten::mm","rid":"8511238032285037903"}
{"INSTRUCTION":"INSTRUCTION","cumulative_remat_counts":"5","name":"aten::mm","rid":"8511238032285037903"}
{"INSTRUCTION":"INSTRUCTION","cumulative_remat_counts":"6","name":"aten::sigmoid","rid":"-3833148800037726390"}
{"INSTRUCTION":"INSTRUCTION","cumulative_remat_counts":"5","name":"aten::mm","rid":"8511238032285037903"}
{"INSTRUCTION":"INSTRUCTION","cumulative_remat_counts":"5","name":"aten::mm","rid":"8511238032285037903"}
{"INSTRUCTION":"INSTRUCTION","cumulative_remat_counts":"6","name":"aten::sigmoid","rid":"-3833148800037726390"}
{"INSTRUCTION":"INSTRUCTION","cumulative_remat_counts":"9","name":"aten::transpose.int","rid":"-3332972660525771483"}
{"INSTRUCTION":"INSTRUCTION","cumulative_remat_counts":"5","name":"aten::mm","rid":"8511238032285037903"}
{"INSTRUCTION":"INSTRUCTION","cumulative_remat_counts":"5","name":"aten::mm","rid":"8511238032285037903"}
{"INSTRUCTION":"INSTRUCTION","cumulative_remat_counts":"394","name":"aten::sigmoid","rid":"-3833148800037726390"}
{"INSTRUCTION":"INSTRUCTION","cumulative_remat_counts":"5","name":"aten::mm","rid":"8511238032285037903"}
{"INSTRUCTION":"INSTRUCTION","cumulative_remat_counts":"5","name":"aten::mm","rid":"8511238032285037903"}
{"INSTRUCTION":"INSTRUCTION","cumulative_remat_counts":"6","name":"aten::sigmoid","rid":"-3833148800037726390"}
{"INSTRUCTION":"INSTRUCTION","cumulative_remat_counts":"5","name":"aten::mm","rid":"8511238032285037903"}
{"INSTRUCTION":"INSTRUCTION","cumulative_remat_counts":"5","name":"aten::mm","rid":"8511238032285037903"}
{"INSTRUCTION":"INSTRUCTION","cumulative_remat_counts":"6","name":"aten::sigmoid","rid":"-3833148800037726390"}
{"INSTRUCTION":"INSTRUCTION","cumulative_remat_counts":"5","name":"aten::mm","rid":"8511238032285037903"}
{"INSTRUCTION":"INSTRUCTION","cumulative_remat_counts":"5","name":"aten::mm","rid":"8511238032285037903"}
{"INSTRUCTION":"INSTRUCTION","cumulative_remat_counts":"6","name":"aten::sigmoid","rid":"-3833148800037726390"}
{"INSTRUCTION":"INSTRUCTION","cumulative_remat_counts":"5","name":"aten::mm","rid":"8511238032285037903"}
{"INSTRUCTION":"INSTRUCTION","cumulative_remat_counts":"5","name":"aten::mm","rid":"8511238032285037903"}
{"INSTRUCTION":"INSTRUCTION","cumulative_remat_counts":"338","name":"aten::sigmoid","rid":"-3833148800037726390"}
{"INSTRUCTION":"INSTRUCTION","cumulative_remat_counts":"328","name":"aten::mm","rid":"8511238032285037903"}
{"INSTRUCTION":"INSTRUCTION","cumulative_remat_counts":"6","name":"aten::sigmoid","rid":"-3833148800037726390"}
{"INSTRUCTION":"INSTRUCTION","cumulative_remat_counts":"5","name":"aten::mm","rid":"8511238032285037903"}
{"INSTRUCTION":"INSTRUCTION","cumulative_remat_counts":"5","name":"aten::mm","rid":"8511238032285037903"}
{"INSTRUCTION":"INSTRUCTION","cumulative_remat_counts":"310","name":"aten::sigmoid","rid":"-3833148800037726390"}
{"INSTRUCTION":"INSTRUCTION","cumulative_remat_counts":"295","name":"aten::mul.Tensor","rid":"-7969387647990971886"}
{"INSTRUCTION":"INSTRUCTION","cumulative_remat_counts":"6","name":"aten::sigmoid","rid":"-3833148800037726390"}
{"INSTRUCTION":"INSTRUCTION","cumulative_remat_counts":"5","name":"aten::mm","rid":"8511238032285037903"}
{"INSTRUCTION":"INSTRUCTION","cumulative_remat_counts":"5","name":"aten::mm","rid":"8511238032285037903"}
{"INSTRUCTION":"INSTRUCTION","cumulative_remat_counts":"282","name":"aten::sigmoid","rid":"-3833148800037726390"}
{"INSTRUCTION":"INSTRUCTION","cumulative_remat_counts":"5","name":"aten::mm","rid":"8511238032285037903"}
{"INSTRUCTION":"INSTRUCTION","cumulative_remat_counts":"5","name":"aten::mm","rid":"8511238032285037903"}
{"INSTRUCTION":"INSTRUCTION","cumulative_remat_counts":"6","name":"aten::sigmoid","rid":"-3833148800037726390"}
{"INSTRUCTION":"INSTRUCTION","cumulative_remat_counts":"5","name":"aten::mm","rid":"8511238032285037903"}
{"INSTRUCTION":"INSTRUCTION","cumulative_remat_counts":"5","name":"aten::mm","rid":"8511238032285037903"}
{"INSTRUCTION":"INSTRUCTION","cumulative_remat_counts":"254","name":"aten::sigmoid","rid":"-3833148800037726390"}
{"INSTRUCTION":"INSTRUCTION","cumulative_remat_counts":"5","name":"aten::mm","rid":"8511238032285037903"}
{"INSTRUCTION":"INSTRUCTION","cumulative_remat_counts":"5","name":"aten::mm","rid":"8511238032285037903"}
{"INSTRUCTION":"INSTRUCTION","cumulative_remat_counts":"240","name":"aten::sigmoid","rid":"-3833148800037726390"}
{"INSTRUCTION":"INSTRUCTION","cumulative_remat_counts":"5","name":"aten::mm","rid":"8511238032285037903"}
{"INSTRUCTION":"INSTRUCTION","cumulative_remat_counts":"5","name":"aten::mm","rid":"8511238032285037903"}
{"INSTRUCTION":"INSTRUCTION","cumulative_remat_counts":"226","name":"aten::sigmoid","rid":"-3833148800037726390"}
{"INSTRUCTION":"INSTRUCTION","cumulative_remat_counts":"5","name":"aten::mm","rid":"8511238032285037903"}
{"INSTRUCTION":"INSTRUCTION","cumulative_remat_counts":"5","name":"aten::mm","rid":"8511238032285037903"}
{"INSTRUCTION":"INSTRUCTION","cumulative_remat_counts":"212","name":"aten::sigmoid","rid":"-3833148800037726390"}
{"INSTRUCTION":"INSTRUCTION","cumulative_remat_counts":"5","name":"aten::mm","rid":"8511238032285037903"}
{"INSTRUCTION":"INSTRUCTION","cumulative_remat_counts":"5","name":"aten::mm","rid":"8511238032285037903"}
{"INSTRUCTION":"INSTRUCTION","cumulative_remat_counts":"198","name":"aten::sigmoid","rid":"-3833148800037726390"}
{"INSTRUCTION":"INSTRUCTION","cumulative_remat_counts":"5","name":"aten::mm","rid":"8511238032285037903"}
{"INSTRUCTION":"INSTRUCTION","cumulative_remat_counts":"5","name":"aten::mm","rid":"8511238032285037903"}
{"INSTRUCTION":"INSTRUCTION","cumulative_remat_counts":"184","name":"aten::sigmoid","rid":"-3833148800037726390"}
{"INSTRUCTION":"INSTRUCTION","cumulative_remat_counts":"5","name":"aten::mm","rid":"8511238032285037903"}
{"INSTRUCTION":"INSTRUCTION","cumulative_remat_counts":"5","name":"aten::mm","rid":"8511238032285037903"}
{"INSTRUCTION":"INSTRUCTION","cumulative_remat_counts":"170","name":"aten::sigmoid","rid":"-3833148800037726390"}
{"INSTRUCTION":"INSTRUCTION","cumulative_remat_counts":"5","name":"aten::mm","rid":"8511238032285037903"}
{"INSTRUCTION":"INSTRUCTION","cumulative_remat_counts":"5","name":"aten::mm","rid":"8511238032285037903"}
{"INSTRUCTION":"INSTRUCTION","cumulative_remat_counts":"156","name":"aten::sigmoid","rid":"-3833148800037726390"}
{"INSTRUCTION":"INSTRUCTION","cumulative_remat_counts":"146","name":"aten::mm","rid":"8511238032285037903"}
{"INSTRUCTION":"INSTRUCTION","cumulative_remat_counts":"5","name":"aten::mm","rid":"8511238032285037903"}
{"INSTRUCTION":"INSTRUCTION","cumulative_remat_counts":"142","name":"aten::sigmoid","rid":"-3833148800037726390"}
{"INSTRUCTION":"INSTRUCTION","cumulative_remat_counts":"5","name":"aten::mm","rid":"8511238032285037903"}
{"INSTRUCTION":"INSTRUCTION","cumulative_remat_counts":"5","name":"aten::mm","rid":"8511238032285037903"}
{"INSTRUCTION":"INSTRUCTION","cumulative_remat_counts":"128","name":"aten::sigmoid","rid":"-3833148800037726390"}
{"INSTRUCTION":"INSTRUCTION","cumulative_remat_counts":"5","name":"aten::mm","rid":"8511238032285037903"}
{"INSTRUCTION":"INSTRUCTION","cumulative_remat_counts":"5","name":"aten::mm","rid":"8511238032285037903"}
{"INSTRUCTION":"INSTRUCTION","cumulative_remat_counts":"114","name":"aten::sigmoid","rid":"-3833148800037726390"}
{"INSTRUCTION":"INSTRUCTION","cumulative_remat_counts":"5","name":"aten::mm","rid":"8511238032285037903"}
{"INSTRUCTION":"INSTRUCTION","cumulative_remat_counts":"5","name":"aten::mm","rid":"8511238032285037903"}
{"INSTRUCTION":"INSTRUCTION","cumulative_remat_counts":"6","name":"aten::sigmoid","rid":"-3833148800037726390"}
{"INSTRUCTION":"INSTRUCTION","cumulative_remat_counts":"5","name":"aten::mm","rid":"8511238032285037903"}
{"INSTRUCTION":"INSTRUCTION","cumulative_remat_counts":"5","name":"aten::mm","rid":"8511238032285037903"}
{"INSTRUCTION":"INSTRUCTION","cumulative_remat_counts":"86","name":"aten::sigmoid","rid":"-3833148800037726390"}
{"INSTRUCTION":"INSTRUCTION","cumulative_remat_counts":"5","name":"aten::mm","rid":"8511238032285037903"}
{"INSTRUCTION":"INSTRUCTION","cumulative_remat_counts":"5","name":"aten::mm","rid":"8511238032285037903"}
{"INSTRUCTION":"INSTRUCTION","cumulative_remat_counts":"72","name":"aten::sigmoid","rid":"-3833148800037726390"}
{"INSTRUCTION":"INSTRUCTION","cumulative_remat_counts":"5","name":"aten::mm","rid":"8511238032285037903"}
{"INSTRUCTION":"INSTRUCTION","cumulative_remat_counts":"5","name":"aten::mm","rid":"8511238032285037903"}
{"INSTRUCTION":"INSTRUCTION","cumulative_remat_counts":"58","name":"aten::sigmoid","rid":"-3833148800037726390"}
{"INSTRUCTION":"INSTRUCTION","cumulative_remat_counts":"5","name":"aten::mm","rid":"8511238032285037903"}
{"INSTRUCTION":"INSTRUCTION","cumulative_remat_counts":"5","name":"aten::mm","rid":"8511238032285037903"}
{"INSTRUCTION":"INSTRUCTION","cumulative_remat_counts":"44","name":"aten::sigmoid","rid":"-3833148800037726390"}
{"INSTRUCTION":"INSTRUCTION","cumulative_remat_counts":"8","name":"aten::transpose.int","rid":"-3332972660526096059"}
{"INSTRUCTION":"INSTRUCTION","cumulative_remat_counts":"5","name":"aten::mm","rid":"8511238032285037903"}
{"INSTRUCTION":"INSTRUCTION","cumulative_remat_counts":"5","name":"aten::mm","rid":"8511238032285037903"}
{"INSTRUCTION":"INSTRUCTION","cumulative_remat_counts":"30","name":"aten::sigmoid","rid":"-3833148800037726390"}
{"INSTRUCTION":"INSTRUCTION","cumulative_remat_counts":"5","name":"aten::mm","rid":"8511238032285037903"}
{"INSTRUCTION":"INSTRUCTION","cumulative_remat_counts":"5","name":"aten::mm","rid":"8511238032285037903"}
{"INSTRUCTION":"INSTRUCTION","cumulative_remat_counts":"16","name":"aten::sigmoid","rid":"-3833148800037726390"}
{"INSTRUCTION":"INSTRUCTION","cumulative_remat_counts":"9","name":"aten::mm","rid":"8511238032285037903"}
{"INSTRUCTION":"INSTRUCTION","cumulative_remat_counts":"9","name":"aten::mm","rid":"8511238032285037903"}
{"INSTRUCTION":"INSTRUCTION","cumulative_remat_counts":"1","name":"aten::add.Tensor","rid":"-4661336787295776820"}
{"INSTRUCTION":"INSTRUCTION","cumulative_remat_counts":"1","name":"aten::add.Tensor","rid":"-4661336787295776820"}
{"INSTRUCTION":"INSTRUCTION","cumulative_remat_counts":"1","name":"aten::add.Tensor","rid":"-4661336787295776820"}
{"INSTRUCTION":"INSTRUCTION","cumulative_remat_counts":"1","name":"aten::add.Tensor","rid":"-4661336787295776820"}
{"INSTRUCTION":"INSTRUCTION","cumulative_remat_counts":"1417","name":"aten::mul.Tensor","rid":"-7969387647990971886"}
{"INSTRUCTION":"INSTRUCTION","cumulative_remat_counts":"6","name":"aten::sigmoid","rid":"-3833148800037726390"}
{"INSTRUCTION":"INSTRUCTION","cumulative_remat_counts":"5","name":"aten::mm","rid":"8511238032285037903"}
{"INSTRUCTION":"INSTRUCTION","cumulative_remat_counts":"5","name":"aten::mm","rid":"8511238032285037903"}
{"INSTRUCTION":"INSTRUCTION","cumulative_remat_counts":"6","name":"aten::sigmoid","rid":"-3833148800037726390"}
{"INSTRUCTION":"INSTRUCTION","cumulative_remat_counts":"174","name":"aten::mm","rid":"8511238032285037903"}
{"INSTRUCTION":"INSTRUCTION","cumulative_remat_counts":"5","name":"aten::mm","rid":"8511238032285037903"}
{"INSTRUCTION":"INSTRUCTION","cumulative_remat_counts":"6","name":"aten::sigmoid","rid":"-3833148800037726390"}
{"INSTRUCTION":"INSTRUCTION","cumulative_remat_counts":"34","name":"aten::transpose.int","rid":"-3332972660526096059"}
{"INSTRUCTION":"INSTRUCTION","cumulative_remat_counts":"27","name":"aten::transpose.int","rid":"-3332972660525771483"}
{"INSTRUCTION":"INSTRUCTION","cumulative_remat_counts":"4","name":"aten::native_dropout_backward","rid":"5173049923122947343"}
{"INSTRUCTION":"INSTRUCTION","cumulative_remat_counts":"5","name":"aten::mm","rid":"8511238032285037903"}
{"INSTRUCTION":"INSTRUCTION","cumulative_remat_counts":"6","name":"aten::sigmoid","rid":"-3833148800037726390"}
{"INSTRUCTION":"INSTRUCTION","cumulative_remat_counts":"5","name":"aten::mm","rid":"8511238032285037903"}
{"INSTRUCTION":"INSTRUCTION","cumulative_remat_counts":"5","name":"aten::mm","rid":"8511238032285037903"}
{"INSTRUCTION":"INSTRUCTION","cumulative_remat_counts":"136","name":"aten::mul.Tensor","rid":"-7969387647990971886"}
{"INSTRUCTION":"INSTRUCTION","cumulative_remat_counts":"5","name":"aten::mm","rid":"8511238032285037903"}
{"INSTRUCTION":"INSTRUCTION","cumulative_remat_counts":"5","name":"aten::mm","rid":"8511238032285037903"}
{"INSTRUCTION":"INSTRUCTION","cumulative_remat_counts":"6","name":"aten::sigmoid","rid":"-3833148800037726390"}
{"INSTRUCTION":"INSTRUCTION","cumulative_remat_counts":"5","name":"aten::mm","rid":"8511238032285037903"}
{"INSTRUCTION":"INSTRUCTION","cumulative_remat_counts":"6","name":"aten::sigmoid","rid":"-3833148800037726390"}
{"INSTRUCTION":"INSTRUCTION","cumulative_remat_counts":"5","name":"aten::mm","rid":"8511238032285037903"}
{"INSTRUCTION":"INSTRUCTION","cumulative_remat_counts":"5","name":"aten::mm","rid":"8511238032285037903"}
{"INSTRUCTION":"INSTRUCTION","cumulative_remat_counts":"94","name":"aten::mul.Tensor","rid":"-7969387647990971886"}
{"INSTRUCTION":"INSTRUCTION","cumulative_remat_counts":"90","name":"aten::mm","rid":"8511238032285037903"}
{"INSTRUCTION":"INSTRUCTION","cumulative_remat_counts":"5","name":"aten::mm","rid":"8511238032285037903"}
{"INSTRUCTION":"INSTRUCTION","cumulative_remat_counts":"86","name":"aten::sigmoid","rid":"-3833148800037726390"}
{"INSTRUCTION":"INSTRUCTION","cumulative_remat_counts":"5","name":"aten::mm","rid":"8511238032285037903"}
{"INSTRUCTION":"INSTRUCTION","cumulative_remat_counts":"5","name":"aten::mm","rid":"8511238032285037903"}
{"INSTRUCTION":"INSTRUCTION","cumulative_remat_counts":"6","name":"aten::sigmoid","rid":"-3833148800037726390"}
{"INSTRUCTION":"INSTRUCTION","cumulative_remat_counts":"5","name":"aten::mm","rid":"8511238032285037903"}
{"INSTRUCTION":"INSTRUCTION","cumulative_remat_counts":"5","name":"aten::mm","rid":"8511238032285037903"}
{"INSTRUCTION":"INSTRUCTION","cumulative_remat_counts":"6","name":"aten::sigmoid","rid":"-3833148800037726390"}
{"INSTRUCTION":"INSTRUCTION","cumulative_remat_counts":"5","name":"aten::mm","rid":"8511238032285037903"}
{"INSTRUCTION":"INSTRUCTION","cumulative_remat_counts":"5","name":"aten::mm","rid":"8511238032285037903"}
{"INSTRUCTION":"INSTRUCTION","cumulative_remat_counts":"6","name":"aten::sigmoid","rid":"-3833148800037726390"}
{"INSTRUCTION":"INSTRUCTION","cumulative_remat_counts":"5","name":"aten::mm","rid":"8511238032285037903"}
{"INSTRUCTION":"INSTRUCTION","cumulative_remat_counts":"5","name":"aten::mm","rid":"8511238032285037903"}
{"INSTRUCTION":"INSTRUCTION","cumulative_remat_counts":"30","name":"aten::sigmoid","rid":"-3833148800037726390"}
{"INSTRUCTION":"INSTRUCTION","cumulative_remat_counts":"5","name":"aten::mm","rid":"8511238032285037903"}
{"INSTRUCTION":"INSTRUCTION","cumulative_remat_counts":"5","name":"aten::mm","rid":"8511238032285037903"}
{"INSTRUCTION":"INSTRUCTION","cumulative_remat_counts":"6","name":"aten::sigmoid","rid":"-3833148800037726390"}
{"INSTRUCTION":"INSTRUCTION","cumulative_remat_counts":"6","name":"aten::sigmoid","rid":"-3833148800037726390"}
{"INSTRUCTION":"INSTRUCTION","cumulative_remat_counts":"5","name":"aten::mm","rid":"8511238032285037903"}
{"INSTRUCTION":"INSTRUCTION","cumulative_remat_counts":"5","name":"aten::mm","rid":"8511238032285037903"}
{"INSTRUCTION":"INSTRUCTION","cumulative_remat_counts":"617","name":"aten::sigmoid","rid":"-3833148800037726390"}
{"INSTRUCTION":"INSTRUCTION","cumulative_remat_counts":"5","name":"aten::mm","rid":"8511238032285037903"}
{"INSTRUCTION":"INSTRUCTION","cumulative_remat_counts":"5","name":"aten::mm","rid":"8511238032285037903"}
{"INSTRUCTION":"INSTRUCTION","cumulative_remat_counts":"49","name":"aten::sigmoid","rid":"-3833148800037726390"}
{"INSTRUCTION":"INSTRUCTION","cumulative_remat_counts":"5","name":"aten::mm","rid":"8511238032285037903"}
{"INSTRUCTION":"INSTRUCTION","cumulative_remat_counts":"5","name":"aten::mm","rid":"8511238032285037903"}
{"INSTRUCTION":"INSTRUCTION","cumulative_remat_counts":"35","name":"aten::sigmoid","rid":"-3833148800037726390"}
{"INSTRUCTION":"INSTRUCTION","cumulative_remat_counts":"5","name":"aten::mm","rid":"8511238032285037903"}
{"INSTRUCTION":"INSTRUCTION","cumulative_remat_counts":"5","name":"aten::mm","rid":"8511238032285037903"}
{"INSTRUCTION":"INSTRUCTION","cumulative_remat_counts":"21","name":"aten::sigmoid","rid":"-3833148800037726390"}
{"INSTRUCTION":"INSTRUCTION","cumulative_remat_counts":"5","name":"aten::mm","rid":"8511238032285037903"}
{"INSTRUCTION":"INSTRUCTION","cumulative_remat_counts":"5","name":"aten::mm","rid":"8511238032285037903"}
{"INSTRUCTION":"INSTRUCTION","cumulative_remat_counts":"6","name":"aten::sigmoid","rid":"-3833148800037726390"}
{"INSTRUCTION":"INSTRUCTION","cumulative_remat_counts":"3","name":"aten::transpose.int","rid":"-3332972660526117179"}
{"INSTRUCTION":"INSTRUCTION","cumulative_remat_counts":"5","name":"aten::mm","rid":"8511238032285037903"}
{"INSTRUCTION":"INSTRUCTION","cumulative_remat_counts":"5","name":"aten::mm","rid":"8511238032285037903"}
{"INSTRUCTION":"INSTRUCTION","cumulative_remat_counts":"49","name":"aten::sigmoid","rid":"-3833148800037726390"}
{"INSTRUCTION":"INSTRUCTION","cumulative_remat_counts":"5","name":"aten::mm","rid":"8511238032285037903"}
{"INSTRUCTION":"INSTRUCTION","cumulative_remat_counts":"5","name":"aten::mm","rid":"8511238032285037903"}
{"INSTRUCTION":"INSTRUCTION","cumulative_remat_counts":"35","name":"aten::sigmoid","rid":"-3833148800037726390"}
{"INSTRUCTION":"INSTRUCTION","cumulative_remat_counts":"5","name":"aten::mm","rid":"8511238032285037903"}
{"INSTRUCTION":"INSTRUCTION","cumulative_remat_counts":"5","name":"aten::mm","rid":"8511238032285037903"}
{"INSTRUCTION":"INSTRUCTION","cumulative_remat_counts":"21","name":"aten::sigmoid","rid":"-3833148800037726390"}
{"INSTRUCTION":"INSTRUCTION","cumulative_remat_counts":"5","name":"aten::mm","rid":"8511238032285037903"}
{"INSTRUCTION":"INSTRUCTION","cumulative_remat_counts":"5","name":"aten::mm","rid":"8511238032285037903"}
{"INSTRUCTION":"INSTRUCTION","cumulative_remat_counts":"6","name":"aten::sigmoid","rid":"-3833148800037726390"}
{"INSTRUCTION":"INSTRUCTION","cumulative_remat_counts":"3","name":"aten::transpose.int","rid":"-3332972660526117179"}
{"INSTRUCTION":"INSTRUCTION","cumulative_remat_counts":"5","name":"aten::mm","rid":"8511238032285037903"}
{"INSTRUCTION":"INSTRUCTION","cumulative_remat_counts":"5","name":"aten::mm","rid":"8511238032285037903"}
{"INSTRUCTION":"INSTRUCTION","cumulative_remat_counts":"35","name":"aten::sigmoid","rid":"-3833148800037726390"}
{"INSTRUCTION":"INSTRUCTION","cumulative_remat_counts":"5","name":"aten::mm","rid":"8511238032285037903"}
{"INSTRUCTION":"INSTRUCTION","cumulative_remat_counts":"5","name":"aten::mm","rid":"8511238032285037903"}
{"INSTRUCTION":"INSTRUCTION","cumulative_remat_counts":"21","name":"aten::sigmoid","rid":"-3833148800037726390"}
{"INSTRUCTION":"INSTRUCTION","cumulative_remat_counts":"5","name":"aten::mm","rid":"8511238032285037903"}
{"INSTRUCTION":"INSTRUCTION","cumulative_remat_counts":"5","name":"aten::mm","rid":"8511238032285037903"}
{"INSTRUCTION":"INSTRUCTION","cumulative_remat_counts":"6","name":"aten::sigmoid","rid":"-3833148800037726390"}
{"INSTRUCTION":"INSTRUCTION","cumulative_remat_counts":"3","name":"aten::transpose.int","rid":"-3332972660526117179"}
{"INSTRUCTION":"INSTRUCTION","cumulative_remat_counts":"5","name":"aten::mm","rid":"8511238032285037903"}
{"INSTRUCTION":"INSTRUCTION","cumulative_remat_counts":"5","name":"aten::mm","rid":"8511238032285037903"}
{"INSTRUCTION":"INSTRUCTION","cumulative_remat_counts":"21","name":"aten::sigmoid","rid":"-3833148800037726390"}
{"INSTRUCTION":"INSTRUCTION","cumulative_remat_counts":"5","name":"aten::mm","rid":"8511238032285037903"}
{"INSTRUCTION":"INSTRUCTION","cumulative_remat_counts":"5","name":"aten::mm","rid":"8511238032285037903"}
{"INSTRUCTION":"INSTRUCTION","cumulative_remat_counts":"6","name":"aten::sigmoid","rid":"-3833148800037726390"}
{"INSTRUCTION":"INSTRUCTION","cumulative_remat_counts":"11","name":"aten::transpose.int","rid":"-3332972660526117179"}
{"INSTRUCTION":"INSTRUCTION","cumulative_remat_counts":"48","name":"aten::mm","rid":"8511238032285037903"}
{"INSTRUCTION":"INSTRUCTION","cumulative_remat_counts":"5","name":"aten::mm","rid":"8511238032285037903"}
{"INSTRUCTION":"INSTRUCTION","cumulative_remat_counts":"44","name":"aten::sigmoid","rid":"-3833148800037726390"}
{"INSTRUCTION":"INSTRUCTION","cumulative_remat_counts":"5","name":"aten::mm","rid":"8511238032285037903"}
{"INSTRUCTION":"INSTRUCTION","cumulative_remat_counts":"5","name":"aten::mm","rid":"8511238032285037903"}
{"INSTRUCTION":"INSTRUCTION","cumulative_remat_counts":"6","name":"aten::sigmoid","rid":"-3833148800037726390"}
{"INSTRUCTION":"INSTRUCTION","cumulative_remat_counts":"20","name":"aten::mm","rid":"8511238032285037903"}
{"INSTRUCTION":"INSTRUCTION","cumulative_remat_counts":"5","name":"aten::mm","rid":"8511238032285037903"}
{"INSTRUCTION":"INSTRUCTION","cumulative_remat_counts":"6","name":"aten::sigmoid","rid":"-3833148800037726390"}
{"INSTRUCTION":"INSTRUCTION","cumulative_remat_counts":"10","name":"aten::mm","rid":"8511238032285037903"}
{"INSTRUCTION":"INSTRUCTION","cumulative_remat_counts":"9","name":"aten::mm","rid":"8511238032285037903"}
{"INSTRUCTION":"INSTRUCTION","cumulative_remat_counts":"1","name":"aten::add.Tensor","rid":"-4661336787295776820"}
{"INSTRUCTION":"INSTRUCTION","cumulative_remat_counts":"1","name":"aten::add.Tensor","rid":"-4661336787295776820"}
{"INSTRUCTION":"INSTRUCTION","cumulative_remat_counts":"1","name":"aten::add.Tensor","rid":"-4661336787295776820"}
{"INSTRUCTION":"INSTRUCTION","cumulative_remat_counts":"3","name":"view","rid":"6612102818002002995"}
{"INSTRUCTION":"INSTRUCTION","cumulative_remat_counts":"1","name":"aten::add.Tensor","rid":"-4661336787295776820"}
{"INSTRUCTION":"INSTRUCTION","cumulative_remat_counts":"842","name":"aten::sigmoid","rid":"-3833148800037726390"}
{"INSTRUCTION":"INSTRUCTION","cumulative_remat_counts":"596","name":"aten::mm","rid":"8511238032285037903"}
{"INSTRUCTION":"INSTRUCTION","cumulative_remat_counts":"5","name":"aten::mm","rid":"8511238032285037903"}
{"INSTRUCTION":"INSTRUCTION","cumulative_remat_counts":"6","name":"aten::sigmoid","rid":"-3833148800037726390"}
{"INSTRUCTION":"INSTRUCTION","cumulative_remat_counts":"5","name":"aten::mm","rid":"8511238032285037903"}
{"INSTRUCTION":"INSTRUCTION","cumulative_remat_counts":"5","name":"aten::mm","rid":"8511238032285037903"}
{"INSTRUCTION":"INSTRUCTION","cumulative_remat_counts":"408","name":"aten::sigmoid","rid":"-3833148800037726390"}
{"INSTRUCTION":"INSTRUCTION","cumulative_remat_counts":"398","name":"aten::mm","rid":"8511238032285037903"}
{"INSTRUCTION":"INSTRUCTION","cumulative_remat_counts":"5","name":"aten::mm","rid":"8511238032285037903"}
{"INSTRUCTION":"INSTRUCTION","cumulative_remat_counts":"6","name":"aten::sigmoid","rid":"-3833148800037726390"}
{"INSTRUCTION":"INSTRUCTION","cumulative_remat_counts":"413","name":"aten::transpose.int","rid":"-3332972660526096059"}
{"INSTRUCTION":"INSTRUCTION","cumulative_remat_counts":"27","name":"aten::transpose.int","rid":"-3332972660525771483"}
{"INSTRUCTION":"INSTRUCTION","cumulative_remat_counts":"5","name":"aten::mm","rid":"8511238032285037903"}
{"INSTRUCTION":"INSTRUCTION","cumulative_remat_counts":"5","name":"aten::mm","rid":"8511238032285037903"}
{"INSTRUCTION":"INSTRUCTION","cumulative_remat_counts":"6","name":"aten::sigmoid","rid":"-3833148800037726390"}
{"INSTRUCTION":"INSTRUCTION","cumulative_remat_counts":"5","name":"aten::mm","rid":"8511238032285037903"}
{"INSTRUCTION":"INSTRUCTION","cumulative_remat_counts":"5","name":"aten::mm","rid":"8511238032285037903"}
{"INSTRUCTION":"INSTRUCTION","cumulative_remat_counts":"366","name":"aten::sigmoid","rid":"-3833148800037726390"}
{"INSTRUCTION":"INSTRUCTION","cumulative_remat_counts":"5","name":"aten::mm","rid":"8511238032285037903"}
{"INSTRUCTION":"INSTRUCTION","cumulative_remat_counts":"5","name":"aten::mm","rid":"8511238032285037903"}
{"INSTRUCTION":"INSTRUCTION","cumulative_remat_counts":"6","name":"aten::sigmoid","rid":"-3833148800037726390"}
{"INSTRUCTION":"INSTRUCTION","cumulative_remat_counts":"342","name":"aten::mm","rid":"8511238032285037903"}
{"INSTRUCTION":"INSTRUCTION","cumulative_remat_counts":"5","name":"aten::mm","rid":"8511238032285037903"}
{"INSTRUCTION":"INSTRUCTION","cumulative_remat_counts":"6","name":"aten::sigmoid","rid":"-3833148800037726390"}
{"INSTRUCTION":"INSTRUCTION","cumulative_remat_counts":"323","name":"aten::mul.Tensor","rid":"-7969387647990971886"}
{"INSTRUCTION":"INSTRUCTION","cumulative_remat_counts":"6","name":"aten::sigmoid","rid":"-3833148800037726390"}
{"INSTRUCTION":"INSTRUCTION","cumulative_remat_counts":"5","name":"aten::mm","rid":"8511238032285037903"}
{"INSTRUCTION":"INSTRUCTION","cumulative_remat_counts":"5","name":"aten::mm","rid":"8511238032285037903"}
{"INSTRUCTION":"INSTRUCTION","cumulative_remat_counts":"6","name":"aten::sigmoid","rid":"-3833148800037726390"}
{"INSTRUCTION":"INSTRUCTION","cumulative_remat_counts":"5","name":"aten::mm","rid":"8511238032285037903"}
{"INSTRUCTION":"INSTRUCTION","cumulative_remat_counts":"5","name":"aten::mm","rid":"8511238032285037903"}
{"INSTRUCTION":"INSTRUCTION","cumulative_remat_counts":"296","name":"aten::sigmoid","rid":"-3833148800037726390"}
{"INSTRUCTION":"INSTRUCTION","cumulative_remat_counts":"281","name":"aten::mul.Tensor","rid":"-7969387647990971886"}
{"INSTRUCTION":"INSTRUCTION","cumulative_remat_counts":"282","name":"aten::sigmoid","rid":"-3833148800037726390"}
{"INSTRUCTION":"INSTRUCTION","cumulative_remat_counts":"267","name":"aten::mul.Tensor","rid":"-7969387647990971886"}
{"INSTRUCTION":"INSTRUCTION","cumulative_remat_counts":"268","name":"aten::sigmoid","rid":"-3833148800037726390"}
{"INSTRUCTION":"INSTRUCTION","cumulative_remat_counts":"5","name":"aten::mm","rid":"8511238032285037903"}
{"INSTRUCTION":"INSTRUCTION","cumulative_remat_counts":"5","name":"aten::mm","rid":"8511238032285037903"}
{"INSTRUCTION":"INSTRUCTION","cumulative_remat_counts":"6","name":"aten::sigmoid","rid":"-3833148800037726390"}
{"INSTRUCTION":"INSTRUCTION","cumulative_remat_counts":"5","name":"aten::mm","rid":"8511238032285037903"}
{"INSTRUCTION":"INSTRUCTION","cumulative_remat_counts":"5","name":"aten::mm","rid":"8511238032285037903"}
{"INSTRUCTION":"INSTRUCTION","cumulative_remat_counts":"240","name":"aten::sigmoid","rid":"-3833148800037726390"}
{"INSTRUCTION":"INSTRUCTION","cumulative_remat_counts":"5","name":"aten::mm","rid":"8511238032285037903"}
{"INSTRUCTION":"INSTRUCTION","cumulative_remat_counts":"5","name":"aten::mm","rid":"8511238032285037903"}
{"INSTRUCTION":"INSTRUCTION","cumulative_remat_counts":"226","name":"aten::sigmoid","rid":"-3833148800037726390"}
{"INSTRUCTION":"INSTRUCTION","cumulative_remat_counts":"5","name":"aten::mm","rid":"8511238032285037903"}
{"INSTRUCTION":"INSTRUCTION","cumulative_remat_counts":"5","name":"aten::mm","rid":"8511238032285037903"}
{"INSTRUCTION":"INSTRUCTION","cumulative_remat_counts":"212","name":"aten::sigmoid","rid":"-3833148800037726390"}
{"INSTRUCTION":"INSTRUCTION","cumulative_remat_counts":"5","name":"aten::mm","rid":"8511238032285037903"}
{"INSTRUCTION":"INSTRUCTION","cumulative_remat_counts":"5","name":"aten::mm","rid":"8511238032285037903"}
{"INSTRUCTION":"INSTRUCTION","cumulative_remat_counts":"198","name":"aten::sigmoid","rid":"-3833148800037726390"}
{"INSTRUCTION":"INSTRUCTION","cumulative_remat_counts":"5","name":"aten::mm","rid":"8511238032285037903"}
{"INSTRUCTION":"INSTRUCTION","cumulative_remat_counts":"5","name":"aten::mm","rid":"8511238032285037903"}
{"INSTRUCTION":"INSTRUCTION","cumulative_remat_counts":"184","name":"aten::sigmoid","rid":"-3833148800037726390"}
{"INSTRUCTION":"INSTRUCTION","cumulative_remat_counts":"5","name":"aten::mm","rid":"8511238032285037903"}
{"INSTRUCTION":"INSTRUCTION","cumulative_remat_counts":"5","name":"aten::mm","rid":"8511238032285037903"}
{"INSTRUCTION":"INSTRUCTION","cumulative_remat_counts":"170","name":"aten::sigmoid","rid":"-3833148800037726390"}
{"INSTRUCTION":"INSTRUCTION","cumulative_remat_counts":"5","name":"aten::mm","rid":"8511238032285037903"}
{"INSTRUCTION":"INSTRUCTION","cumulative_remat_counts":"5","name":"aten::mm","rid":"8511238032285037903"}
{"INSTRUCTION":"INSTRUCTION","cumulative_remat_counts":"156","name":"aten::sigmoid","rid":"-3833148800037726390"}
{"INSTRUCTION":"INSTRUCTION","cumulative_remat_counts":"5","name":"aten::mm","rid":"8511238032285037903"}
{"INSTRUCTION":"INSTRUCTION","cumulative_remat_counts":"5","name":"aten::mm","rid":"8511238032285037903"}
{"INSTRUCTION":"INSTRUCTION","cumulative_remat_counts":"142","name":"aten::sigmoid","rid":"-3833148800037726390"}
{"INSTRUCTION":"INSTRUCTION","cumulative_remat_counts":"5","name":"aten::mm","rid":"8511238032285037903"}
{"INSTRUCTION":"INSTRUCTION","cumulative_remat_counts":"5","name":"aten::mm","rid":"8511238032285037903"}
{"INSTRUCTION":"INSTRUCTION","cumulative_remat_counts":"128","name":"aten::sigmoid","rid":"-3833148800037726390"}
{"INSTRUCTION":"INSTRUCTION","cumulative_remat_counts":"5","name":"aten::mm","rid":"8511238032285037903"}
{"INSTRUCTION":"INSTRUCTION","cumulative_remat_counts":"5","name":"aten::mm","rid":"8511238032285037903"}
{"INSTRUCTION":"INSTRUCTION","cumulative_remat_counts":"114","name":"aten::sigmoid","rid":"-3833148800037726390"}
{"INSTRUCTION":"INSTRUCTION","cumulative_remat_counts":"5","name":"aten::mm","rid":"8511238032285037903"}
{"INSTRUCTION":"INSTRUCTION","cumulative_remat_counts":"5","name":"aten::mm","rid":"8511238032285037903"}
{"INSTRUCTION":"INSTRUCTION","cumulative_remat_counts":"100","name":"aten::sigmoid","rid":"-3833148800037726390"}
{"INSTRUCTION":"INSTRUCTION","cumulative_remat_counts":"5","name":"aten::mm","rid":"8511238032285037903"}
{"INSTRUCTION":"INSTRUCTION","cumulative_remat_counts":"5","name":"aten::mm","rid":"8511238032285037903"}
{"INSTRUCTION":"INSTRUCTION","cumulative_remat_counts":"86","name":"aten::sigmoid","rid":"-3833148800037726390"}
{"INSTRUCTION":"INSTRUCTION","cumulative_remat_counts":"5","name":"aten::mm","rid":"8511238032285037903"}
{"INSTRUCTION":"INSTRUCTION","cumulative_remat_counts":"5","name":"aten::mm","rid":"8511238032285037903"}
{"INSTRUCTION":"INSTRUCTION","cumulative_remat_counts":"72","name":"aten::sigmoid","rid":"-3833148800037726390"}
{"INSTRUCTION":"INSTRUCTION","cumulative_remat_counts":"5","name":"aten::mm","rid":"8511238032285037903"}
{"INSTRUCTION":"INSTRUCTION","cumulative_remat_counts":"5","name":"aten::mm","rid":"8511238032285037903"}
{"INSTRUCTION":"INSTRUCTION","cumulative_remat_counts":"58","name":"aten::sigmoid","rid":"-3833148800037726390"}
{"INSTRUCTION":"INSTRUCTION","cumulative_remat_counts":"5","name":"aten::mm","rid":"8511238032285037903"}
{"INSTRUCTION":"INSTRUCTION","cumulative_remat_counts":"5","name":"aten::mm","rid":"8511238032285037903"}
{"INSTRUCTION":"INSTRUCTION","cumulative_remat_counts":"44","name":"aten::sigmoid","rid":"-3833148800037726390"}
{"INSTRUCTION":"INSTRUCTION","cumulative_remat_counts":"5","name":"aten::mm","rid":"8511238032285037903"}
{"INSTRUCTION":"INSTRUCTION","cumulative_remat_counts":"5","name":"aten::mm","rid":"8511238032285037903"}
{"INSTRUCTION":"INSTRUCTION","cumulative_remat_counts":"30","name":"aten::sigmoid","rid":"-3833148800037726390"}
{"INSTRUCTION":"INSTRUCTION","cumulative_remat_counts":"5","name":"aten::mm","rid":"8511238032285037903"}
{"INSTRUCTION":"INSTRUCTION","cumulative_remat_counts":"5","name":"aten::mm","rid":"8511238032285037903"}
{"INSTRUCTION":"INSTRUCTION","cumulative_remat_counts":"16","name":"aten::sigmoid","rid":"-3833148800037726390"}
{"INSTRUCTION":"INSTRUCTION","cumulative_remat_counts":"5","name":"aten::mm","rid":"8511238032285037903"}
{"INSTRUCTION":"INSTRUCTION","cumulative_remat_counts":"5","name":"aten::mm","rid":"8511238032285037903"}
{"INSTRUCTION":"INSTRUCTION","cumulative_remat_counts":"32","name":"aten::sigmoid","rid":"-3833148800037726390"}
{"INSTRUCTION":"INSTRUCTION","cumulative_remat_counts":"9","name":"aten::mm","rid":"8511238032285037903"}
{"INSTRUCTION":"INSTRUCTION","cumulative_remat_counts":"9","name":"aten::mm","rid":"8511238032285037903"}
{"INSTRUCTION":"INSTRUCTION","cumulative_remat_counts":"1","name":"aten::add.Tensor","rid":"-4661336787295776820"}
{"INSTRUCTION":"INSTRUCTION","cumulative_remat_counts":"3","name":"view","rid":"6612102818002002995"}
{"INSTRUCTION":"INSTRUCTION","cumulative_remat_counts":"1","name":"aten::add.Tensor","rid":"-4661336787295776820"}
{"INSTRUCTION":"INSTRUCTION","cumulative_remat_counts":"4","name":"view","rid":"6612102818002002995"}
{"INSTRUCTION":"INSTRUCTION","cumulative_remat_counts":"1","name":"aten::add.Tensor","rid":"-4661336787295776820"}
{"INSTRUCTION":"INSTRUCTION","cumulative_remat_counts":"1","name":"aten::add.Tensor","rid":"-4661336787295776820"}
{"INSTRUCTION":"INSTRUCTION","cumulative_remat_counts":"1","name":"aten::add.Tensor","rid":"-4661336787295776820"}
{"INSTRUCTION":"INSTRUCTION","cumulative_remat_counts":"1","name":"aten::add.Tensor","rid":"-4661336787295776820"}
{"INSTRUCTION":"INSTRUCTION","cumulative_remat_counts":"1","name":"aten::add.Tensor","rid":"-4661336787295776820"}
{"INSTRUCTION":"INSTRUCTION","cumulative_remat_counts":"6","name":"aten::sigmoid","rid":"-3833148800037726390"}
{"INSTRUCTION":"INSTRUCTION","cumulative_remat_counts":"1352","name":"aten::transpose.int","rid":"-3332972660526096059"}
{"INSTRUCTION":"INSTRUCTION","cumulative_remat_counts":"63","name":"bmm","rid":"6101954398535280979"}
{"INSTRUCTION":"INSTRUCTION","cumulative_remat_counts":"4","name":"aten::native_dropout_backward","rid":"5173049923122947343"}
{"INSTRUCTION":"INSTRUCTION","cumulative_remat_counts":"5","name":"aten::mm","rid":"8511238032285037903"}
{"INSTRUCTION":"INSTRUCTION","cumulative_remat_counts":"6","name":"aten::sigmoid","rid":"-3833148800037726390"}
{"INSTRUCTION":"INSTRUCTION","cumulative_remat_counts":"694","name":"aten::mul.Tensor","rid":"-7969387647990971886"}
{"INSTRUCTION":"INSTRUCTION","cumulative_remat_counts":"355","name":"aten::sigmoid","rid":"-3833148800037726390"}
{"INSTRUCTION":"INSTRUCTION","cumulative_remat_counts":"5","name":"aten::mm","rid":"8511238032285037903"}
{"INSTRUCTION":"INSTRUCTION","cumulative_remat_counts":"5","name":"aten::mm","rid":"8511238032285037903"}
{"INSTRUCTION":"INSTRUCTION","cumulative_remat_counts":"338","name":"aten::sigmoid","rid":"-3833148800037726390"}
{"INSTRUCTION":"INSTRUCTION","cumulative_remat_counts":"5","name":"aten::mm","rid":"8511238032285037903"}
{"INSTRUCTION":"INSTRUCTION","cumulative_remat_counts":"5","name":"aten::mm","rid":"8511238032285037903"}
{"INSTRUCTION":"INSTRUCTION","cumulative_remat_counts":"324","name":"aten::sigmoid","rid":"-3833148800037726390"}
{"INSTRUCTION":"INSTRUCTION","cumulative_remat_counts":"314","name":"aten::mm","rid":"8511238032285037903"}
{"INSTRUCTION":"INSTRUCTION","cumulative_remat_counts":"5","name":"aten::mm","rid":"8511238032285037903"}
{"INSTRUCTION":"INSTRUCTION","cumulative_remat_counts":"310","name":"aten::sigmoid","rid":"-3833148800037726390"}
{"INSTRUCTION":"INSTRUCTION","cumulative_remat_counts":"300","name":"aten::mm","rid":"8511238032285037903"}
{"INSTRUCTION":"INSTRUCTION","cumulative_remat_counts":"5","name":"aten::mm","rid":"8511238032285037903"}
{"INSTRUCTION":"INSTRUCTION","cumulative_remat_counts":"6","name":"aten::sigmoid","rid":"-3833148800037726390"}
{"INSTRUCTION":"INSTRUCTION","cumulative_remat_counts":"5","name":"aten::mm","rid":"8511238032285037903"}
{"INSTRUCTION":"INSTRUCTION","cumulative_remat_counts":"282","name":"aten::sigmoid","rid":"-3833148800037726390"}
{"INSTRUCTION":"INSTRUCTION","cumulative_remat_counts":"5","name":"aten::mm","rid":"8511238032285037903"}
{"INSTRUCTION":"INSTRUCTION","cumulative_remat_counts":"5","name":"aten::mm","rid":"8511238032285037903"}
{"INSTRUCTION":"INSTRUCTION","cumulative_remat_counts":"268","name":"aten::sigmoid","rid":"-3833148800037726390"}
{"INSTRUCTION":"INSTRUCTION","cumulative_remat_counts":"258","name":"aten::mm","rid":"8511238032285037903"}
{"INSTRUCTION":"INSTRUCTION","cumulative_remat_counts":"5","name":"aten::mm","rid":"8511238032285037903"}
{"INSTRUCTION":"INSTRUCTION","cumulative_remat_counts":"254","name":"aten::sigmoid","rid":"-3833148800037726390"}
{"INSTRUCTION":"INSTRUCTION","cumulative_remat_counts":"244","name":"aten::mm","rid":"8511238032285037903"}
{"INSTRUCTION":"INSTRUCTION","cumulative_remat_counts":"5","name":"aten::mm","rid":"8511238032285037903"}
{"INSTRUCTION":"INSTRUCTION","cumulative_remat_counts":"240","name":"aten::sigmoid","rid":"-3833148800037726390"}
{"INSTRUCTION":"INSTRUCTION","cumulative_remat_counts":"5","name":"aten::mm","rid":"8511238032285037903"}
{"INSTRUCTION":"INSTRUCTION","cumulative_remat_counts":"5","name":"aten::mm","rid":"8511238032285037903"}
{"INSTRUCTION":"INSTRUCTION","cumulative_remat_counts":"226","name":"aten::sigmoid","rid":"-3833148800037726390"}
{"INSTRUCTION":"INSTRUCTION","cumulative_remat_counts":"216","name":"aten::mm","rid":"8511238032285037903"}
{"INSTRUCTION":"INSTRUCTION","cumulative_remat_counts":"5","name":"aten::mm","rid":"8511238032285037903"}
{"INSTRUCTION":"INSTRUCTION","cumulative_remat_counts":"6","name":"aten::sigmoid","rid":"-3833148800037726390"}
{"INSTRUCTION":"INSTRUCTION","cumulative_remat_counts":"5","name":"aten::mm","rid":"8511238032285037903"}
{"INSTRUCTION":"INSTRUCTION","cumulative_remat_counts":"5","name":"aten::mm","rid":"8511238032285037903"}
{"INSTRUCTION":"INSTRUCTION","cumulative_remat_counts":"198","name":"aten::sigmoid","rid":"-3833148800037726390"}
{"INSTRUCTION":"INSTRUCTION","cumulative_remat_counts":"188","name":"aten::mm","rid":"8511238032285037903"}
{"INSTRUCTION":"INSTRUCTION","cumulative_remat_counts":"5","name":"aten::mm","rid":"8511238032285037903"}
{"INSTRUCTION":"INSTRUCTION","cumulative_remat_counts":"184","name":"aten::sigmoid","rid":"-3833148800037726390"}
{"INSTRUCTION":"INSTRUCTION","cumulative_remat_counts":"5","name":"aten::mm","rid":"8511238032285037903"}
{"INSTRUCTION":"INSTRUCTION","cumulative_remat_counts":"5","name":"aten::mm","rid":"8511238032285037903"}
{"INSTRUCTION":"INSTRUCTION","cumulative_remat_counts":"170","name":"aten::sigmoid","rid":"-3833148800037726390"}
{"INSTRUCTION":"INSTRUCTION","cumulative_remat_counts":"5","name":"aten::mm","rid":"8511238032285037903"}
{"INSTRUCTION":"INSTRUCTION","cumulative_remat_counts":"5","name":"aten::mm","rid":"8511238032285037903"}
{"INSTRUCTION":"INSTRUCTION","cumulative_remat_counts":"156","name":"aten::sigmoid","rid":"-3833148800037726390"}
{"INSTRUCTION":"INSTRUCTION","cumulative_remat_counts":"5","name":"aten::mm","rid":"8511238032285037903"}
{"INSTRUCTION":"INSTRUCTION","cumulative_remat_counts":"5","name":"aten::mm","rid":"8511238032285037903"}
{"INSTRUCTION":"INSTRUCTION","cumulative_remat_counts":"142","name":"aten::sigmoid","rid":"-3833148800037726390"}
{"INSTRUCTION":"INSTRUCTION","cumulative_remat_counts":"5","name":"aten::mm","rid":"8511238032285037903"}
{"INSTRUCTION":"INSTRUCTION","cumulative_remat_counts":"5","name":"aten::mm","rid":"8511238032285037903"}
{"INSTRUCTION":"INSTRUCTION","cumulative_remat_counts":"128","name":"aten::sigmoid","rid":"-3833148800037726390"}
{"INSTRUCTION":"INSTRUCTION","cumulative_remat_counts":"118","name":"aten::mm","rid":"8511238032285037903"}
{"INSTRUCTION":"INSTRUCTION","cumulative_remat_counts":"5","name":"aten::mm","rid":"8511238032285037903"}
{"INSTRUCTION":"INSTRUCTION","cumulative_remat_counts":"114","name":"aten::sigmoid","rid":"-3833148800037726390"}
{"INSTRUCTION":"INSTRUCTION","cumulative_remat_counts":"5","name":"aten::mm","rid":"8511238032285037903"}
{"INSTRUCTION":"INSTRUCTION","cumulative_remat_counts":"5","name":"aten::mm","rid":"8511238032285037903"}
{"INSTRUCTION":"INSTRUCTION","cumulative_remat_counts":"100","name":"aten::sigmoid","rid":"-3833148800037726390"}
{"INSTRUCTION":"INSTRUCTION","cumulative_remat_counts":"5","name":"aten::mm","rid":"8511238032285037903"}
{"INSTRUCTION":"INSTRUCTION","cumulative_remat_counts":"5","name":"aten::mm","rid":"8511238032285037903"}
{"INSTRUCTION":"INSTRUCTION","cumulative_remat_counts":"86","name":"aten::sigmoid","rid":"-3833148800037726390"}
{"INSTRUCTION":"INSTRUCTION","cumulative_remat_counts":"5","name":"aten::mm","rid":"8511238032285037903"}
{"INSTRUCTION":"INSTRUCTION","cumulative_remat_counts":"5","name":"aten::mm","rid":"8511238032285037903"}
{"INSTRUCTION":"INSTRUCTION","cumulative_remat_counts":"72","name":"aten::sigmoid","rid":"-3833148800037726390"}
{"INSTRUCTION":"INSTRUCTION","cumulative_remat_counts":"5","name":"aten::mm","rid":"8511238032285037903"}
{"INSTRUCTION":"INSTRUCTION","cumulative_remat_counts":"5","name":"aten::mm","rid":"8511238032285037903"}
{"INSTRUCTION":"INSTRUCTION","cumulative_remat_counts":"58","name":"aten::sigmoid","rid":"-3833148800037726390"}
{"INSTRUCTION":"INSTRUCTION","cumulative_remat_counts":"5","name":"aten::mm","rid":"8511238032285037903"}
{"INSTRUCTION":"INSTRUCTION","cumulative_remat_counts":"5","name":"aten::mm","rid":"8511238032285037903"}
{"INSTRUCTION":"INSTRUCTION","cumulative_remat_counts":"44","name":"aten::sigmoid","rid":"-3833148800037726390"}
{"INSTRUCTION":"INSTRUCTION","cumulative_remat_counts":"5","name":"aten::mm","rid":"8511238032285037903"}
{"INSTRUCTION":"INSTRUCTION","cumulative_remat_counts":"5","name":"aten::mm","rid":"8511238032285037903"}
{"INSTRUCTION":"INSTRUCTION","cumulative_remat_counts":"30","name":"aten::sigmoid","rid":"-3833148800037726390"}
{"INSTRUCTION":"INSTRUCTION","cumulative_remat_counts":"5","name":"aten::mm","rid":"8511238032285037903"}
{"INSTRUCTION":"INSTRUCTION","cumulative_remat_counts":"5","name":"aten::mm","rid":"8511238032285037903"}
{"INSTRUCTION":"INSTRUCTION","cumulative_remat_counts":"16","name":"aten::sigmoid","rid":"-3833148800037726390"}
{"INSTRUCTION":"INSTRUCTION","cumulative_remat_counts":"5","name":"aten::mm","rid":"8511238032285037903"}
{"INSTRUCTION":"INSTRUCTION","cumulative_remat_counts":"5","name":"aten::mm","rid":"8511238032285037903"}
{"INSTRUCTION":"INSTRUCTION","cumulative_remat_counts":"7","name":"aten::mul.Tensor","rid":"-7969387647929203374"}
{"INSTRUCTION":"INSTRUCTION","cumulative_remat_counts":"6","name":"aten::mul.Tensor","rid":"-7969387647929203374"}
{"INSTRUCTION":"INSTRUCTION","cumulative_remat_counts":"11","name":"aten::transpose.int","rid":"-3332972660526117179"}
{"INSTRUCTION":"INSTRUCTION","cumulative_remat_counts":"120","name":"aten::mm","rid":"8511238032285037903"}
{"INSTRUCTION":"INSTRUCTION","cumulative_remat_counts":"5","name":"aten::mm","rid":"8511238032285037903"}
{"INSTRUCTION":"INSTRUCTION","cumulative_remat_counts":"58","name":"aten::sigmoid","rid":"-3833148800037726390"}
{"INSTRUCTION":"INSTRUCTION","cumulative_remat_counts":"48","name":"aten::mm","rid":"8511238032285037903"}
{"INSTRUCTION":"INSTRUCTION","cumulative_remat_counts":"5","name":"aten::mm","rid":"8511238032285037903"}
{"INSTRUCTION":"INSTRUCTION","cumulative_remat_counts":"44","name":"aten::sigmoid","rid":"-3833148800037726390"}
{"INSTRUCTION":"INSTRUCTION","cumulative_remat_counts":"5","name":"aten::mm","rid":"8511238032285037903"}
{"INSTRUCTION":"INSTRUCTION","cumulative_remat_counts":"5","name":"aten::mm","rid":"8511238032285037903"}
{"INSTRUCTION":"INSTRUCTION","cumulative_remat_counts":"6","name":"aten::sigmoid","rid":"-3833148800037726390"}
{"INSTRUCTION":"INSTRUCTION","cumulative_remat_counts":"20","name":"aten::mm","rid":"8511238032285037903"}
{"INSTRUCTION":"INSTRUCTION","cumulative_remat_counts":"5","name":"aten::mm","rid":"8511238032285037903"}
{"INSTRUCTION":"INSTRUCTION","cumulative_remat_counts":"6","name":"aten::sigmoid","rid":"-3833148800037726390"}
{"INSTRUCTION":"INSTRUCTION","cumulative_remat_counts":"10","name":"aten::mm","rid":"8511238032285037903"}
{"INSTRUCTION":"INSTRUCTION","cumulative_remat_counts":"9","name":"aten::mm","rid":"8511238032285037903"}
